12:47:37.432 Checking updates...
12:47:44.976 # The Bookery Web App
12:47:44.989 ## Let's simply load the page on our first test
12:48:37.273 Error Message: org.openqa.selenium.WebDriverException: Failed to connect to binary FirefoxBinary(C:\Program Files (x86)\Mozilla Firefox\firefox.exe) on port 7055; process output follows: 
"userDisabled":false,"appDisabled":false,"descriptor":"C:\\Program Files (x86)\\Mozilla Firefox\\browser\\extensions\\{972ce4c6-7e08-4474-a285-3208198ce6fd}.xpi","installDate":1493947423000,"updateDate":1493947423000,"applyBackgroundUpdates":1,"skinnable":true,"size":8207,"sourceURI":null,"releaseNotesURI":null,"softDisabled":false,"foreignInstall":false,"hasBinaryComponents":false,"strictCompatibility":true,"locales":[],"targetApplications":[{"id":"{ec8030f7-c20a-464f-9b0e-13a3a9e97384}","minVersion":"53.0.2","maxVersion":"53.0.2"}],"targetPlatforms":[],"seen":true,"dependencies":[],"hasEmbeddedWebExtension":false,"userPermissions":null}
1494496077174	addons.xpi	DEBUG	getModTime: Recursive scan of {972ce4c6-7e08-4474-a285-3208198ce6fd}
1494496077175	DeferredSave.extensions.json	DEBUG	Save changes
1494496077175	addons.xpi	DEBUG	Updating database with changes to installed add-ons
1494496077175	addons.xpi-utils	DEBUG	Updating add-on states
1494496077176	addons.xpi-utils	DEBUG	Writing add-ons list
1494496077192	addons.xpi	DEBUG	Registering manifest for C:\Program Files (x86)\Mozilla Firefox\browser\features\aushelper@mozilla.org.xpi
1494496077192	addons.xpi	DEBUG	Calling bootstrap method startup on aushelper@mozilla.org version 2.0
1494496077194	addons.xpi	DEBUG	Registering manifest for C:\Program Files (x86)\Mozilla Firefox\browser\features\e10srollout@mozilla.org.xpi
1494496077195	addons.xpi	DEBUG	Calling bootstrap method startup on e10srollout@mozilla.org version 1.14
1494496077196	addons.xpi	DEBUG	Registering manifest for C:\Program Files (x86)\Mozilla Firefox\browser\features\firefox@getpocket.com.xpi
1494496077197	addons.xpi	DEBUG	Calling bootstrap method startup on firefox@getpocket.com version 1.0.5
1494496077199	addons.xpi	DEBUG	Registering manifest for C:\Program Files (x86)\Mozilla Firefox\browser\features\webcompat@mozilla.org.xpi
1494496077206	addons.xpi	DEBUG	Calling bootstrap method startup on webcompat@mozilla.org version 1.0
1494496077209	addons.manager	DEBUG	Registering shutdown blocker for XPIProvider
1494496077210	addons.manager	DEBUG	Provider finished startup: XPIProvider
1494496077210	addons.manager	DEBUG	Starting provider: LightweightThemeManager
1494496077210	addons.manager	DEBUG	Registering shutdown blocker for LightweightThemeManager
1494496077211	addons.manager	DEBUG	Provider finished startup: LightweightThemeManager
1494496077211	addons.manager	DEBUG	Starting provider: GMPProvider
1494496077227	addons.manager	DEBUG	Registering shutdown blocker for GMPProvider
1494496077228	addons.manager	DEBUG	Provider finished startup: GMPProvider
1494496077228	addons.manager	DEBUG	Starting provider: PluginProvider
1494496077228	addons.manager	DEBUG	Registering shutdown blocker for PluginProvider
1494496077228	addons.manager	DEBUG	Provider finished startup: PluginProvider
1494496077229	addons.manager	DEBUG	Completed startup sequence
1494496082929	addons.manager	DEBUG	Starting provider: <unnamed-provider>
1494496082929	addons.manager	DEBUG	Registering shutdown blocker for <unnamed-provider>
1494496082929	addons.manager	DEBUG	Provider finished startup: <unnamed-provider>
1494496089137	DeferredSave.extensions.json	DEBUG	Write succeeded
1494496089137	addons.xpi-utils	DEBUG	XPI Database saved, setting schema version preference to 19
1494496089138	DeferredSave.extensions.json	DEBUG	Starting timer
1494496089166	DeferredSave.extensions.json	DEBUG	Starting write
1494496089240	addons.repository	DEBUG	No addons.json found.
1494496089255	DeferredSave.addons.json	DEBUG	Save changes
1494496089266	DeferredSave.addons.json	DEBUG	Starting timer
1494496090501	addons.manager	DEBUG	Starting provider: PreviousExperimentProvider
1494496090501	addons.manager	DEBUG	Registering shutdown blocker for PreviousExperimentProvider
1494496090502	addons.manager	DEBUG	Provider finished startup: PreviousExperimentProvider
1494496090506	DeferredSave.addons.json	DEBUG	Starting write
1494496090643	DeferredSave.extensions.json	DEBUG	Write succeeded
1494496090780	DeferredSave.addons.json	DEBUG	Write succeeded

Build info: version: '2.53.0', revision: '35ae25b1534ae328c771e0856c93e187490ca824', time: '2016-03-15 10:43:46'
System info: host: 'raresarv-PC', ip: '192.168.56.1', os.name: 'Windows 10', os.arch: 'amd64', os.version: '10.0', java.version: '1.8.0_73'
Driver info: driver.version: FirefoxDriver
12:48:37.273 Stacktrace: 
org.openqa.selenium.firefox.internal.NewProfileExtensionConnection.start(NewProfileExtensionConnection.java:125)
org.openqa.selenium.firefox.FirefoxDriver.startClient(FirefoxDriver.java:271)
org.openqa.selenium.remote.RemoteWebDriver.<init>(RemoteWebDriver.java:119)
org.openqa.selenium.firefox.FirefoxDriver.<init>(FirefoxDriver.java:216)
org.openqa.selenium.firefox.FirefoxDriver.<init>(FirefoxDriver.java:211)
org.openqa.selenium.firefox.FirefoxDriver.<init>(FirefoxDriver.java:207)
org.openqa.selenium.firefox.FirefoxDriver.<init>(FirefoxDriver.java:120)
FirstTest.setup(FirstTest.java:14)
sun.reflect.NativeMethodAccessorImpl.invoke0(Native Method)
sun.reflect.NativeMethodAccessorImpl.invoke(Unknown Source)
sun.reflect.DelegatingMethodAccessorImpl.invoke(Unknown Source)
java.lang.reflect.Method.invoke(Unknown Source)
com.thoughtworks.gauge.execution.MethodExecutor.execute(MethodExecutor.java:32)
com.thoughtworks.gauge.execution.HooksExecutor$TaggedHookExecutor.executeHook(HooksExecutor.java:99)
com.thoughtworks.gauge.execution.HooksExecutor$TaggedHookExecutor.execute(HooksExecutor.java:85)
com.thoughtworks.gauge.execution.HooksExecutor.execute(HooksExecutor.java:42)
com.thoughtworks.gauge.processor.MethodExecutionMessageProcessor.executeHooks(MethodExecutionMessageProcessor.java:54)
com.thoughtworks.gauge.processor.ScenarioExecutionStartingProcessor.process(ScenarioExecutionStartingProcessor.java:26)
com.thoughtworks.gauge.connection.MessageDispatcher.dispatchMessages(MessageDispatcher.java:86)
com.thoughtworks.gauge.GaugeRuntime.main(GaugeRuntime.java:37)
12:48:37.277 Error Message: java.lang.NullPointerException
12:48:37.277 Stacktrace: 
FirstTest.tearDown(FirstTest.java:29)
sun.reflect.NativeMethodAccessorImpl.invoke0(Native Method)
sun.reflect.NativeMethodAccessorImpl.invoke(Unknown Source)
sun.reflect.DelegatingMethodAccessorImpl.invoke(Unknown Source)
java.lang.reflect.Method.invoke(Unknown Source)
com.thoughtworks.gauge.execution.MethodExecutor.execute(MethodExecutor.java:32)
com.thoughtworks.gauge.execution.HooksExecutor$TaggedHookExecutor.executeHook(HooksExecutor.java:99)
com.thoughtworks.gauge.execution.HooksExecutor$TaggedHookExecutor.execute(HooksExecutor.java:85)
com.thoughtworks.gauge.execution.HooksExecutor.execute(HooksExecutor.java:42)
com.thoughtworks.gauge.processor.MethodExecutionMessageProcessor.executeHooks(MethodExecutionMessageProcessor.java:54)
com.thoughtworks.gauge.processor.ScenarioExecutionEndingProcessor.process(ScenarioExecutionEndingProcessor.java:26)
com.thoughtworks.gauge.connection.MessageDispatcher.dispatchMessages(MessageDispatcher.java:86)
com.thoughtworks.gauge.GaugeRuntime.main(GaugeRuntime.java:37)
12:48:40.366 Plugin [Html Report] with pid [9268] has exited
12:48:40.789 Specifications:	1 executed	0 passed	1 failed	0 skipped
12:48:40.789 Scenarios:	1 executed	0 passed	1 failed	0 skipped
12:48:40.815 
Total time taken: 52.851s
14:06:13.290 Checking updates...
14:06:20.782 # The Bookery Web App
14:06:20.795 ## Let's simply load the page on our first test
14:07:18.356 Error Message: org.openqa.selenium.WebDriverException: Failed to connect to binary FirefoxBinary(C:\Program Files (x86)\Mozilla Firefox\firefox.exe) on port 7055; process output follows: 
stallDate":1493947423000,"updateDate":1493947423000,"applyBackgroundUpdates":1,"skinnable":true,"size":8207,"sourceURI":null,"releaseNotesURI":null,"softDisabled":false,"foreignInstall":false,"hasBinaryComponents":false,"strictCompatibility":true,"locales":[],"targetApplications":[{"id":"{ec8030f7-c20a-464f-9b0e-13a3a9e97384}","minVersion":"53.0.2","maxVersion":"53.0.2"}],"targetPlatforms":[],"seen":true,"dependencies":[],"hasEmbeddedWebExtension":false,"userPermissions":null}
1494500794970	addons.xpi	DEBUG	getModTime: Recursive scan of {972ce4c6-7e08-4474-a285-3208198ce6fd}
1494500794972	DeferredSave.extensions.json	DEBUG	Save changes
1494500794972	addons.xpi	DEBUG	Updating database with changes to installed add-ons
1494500794972	addons.xpi-utils	DEBUG	Updating add-on states
1494500794973	addons.xpi-utils	DEBUG	Writing add-ons list
1494500794982	addons.xpi	DEBUG	Registering manifest for C:\Program Files (x86)\Mozilla Firefox\browser\features\aushelper@mozilla.org.xpi
1494500794983	addons.xpi	DEBUG	Calling bootstrap method startup on aushelper@mozilla.org version 2.0
1494500794985	addons.xpi	DEBUG	Registering manifest for C:\Program Files (x86)\Mozilla Firefox\browser\features\e10srollout@mozilla.org.xpi
1494500794986	addons.xpi	DEBUG	Calling bootstrap method startup on e10srollout@mozilla.org version 1.14
1494500794987	addons.xpi	DEBUG	Registering manifest for C:\Program Files (x86)\Mozilla Firefox\browser\features\firefox@getpocket.com.xpi
1494500794988	addons.xpi	DEBUG	Calling bootstrap method startup on firefox@getpocket.com version 1.0.5
1494500794989	addons.xpi	DEBUG	Registering manifest for C:\Program Files (x86)\Mozilla Firefox\browser\features\webcompat@mozilla.org.xpi
1494500795000	addons.xpi	DEBUG	Calling bootstrap method startup on webcompat@mozilla.org version 1.0
1494500795004	addons.manager	DEBUG	Registering shutdown blocker for XPIProvider
1494500795004	addons.manager	DEBUG	Provider finished startup: XPIProvider
1494500795005	addons.manager	DEBUG	Starting provider: LightweightThemeManager
1494500795005	addons.manager	DEBUG	Registering shutdown blocker for LightweightThemeManager
1494500795005	addons.manager	DEBUG	Provider finished startup: LightweightThemeManager
1494500795006	addons.manager	DEBUG	Starting provider: GMPProvider
1494500795025	addons.manager	DEBUG	Registering shutdown blocker for GMPProvider
1494500795025	addons.manager	DEBUG	Provider finished startup: GMPProvider
1494500795026	addons.manager	DEBUG	Starting provider: PluginProvider
1494500795026	addons.manager	DEBUG	Registering shutdown blocker for PluginProvider
1494500795026	addons.manager	DEBUG	Provider finished startup: PluginProvider
1494500795027	addons.manager	DEBUG	Completed startup sequence
1494500801674	addons.manager	DEBUG	Starting provider: <unnamed-provider>
1494500801675	addons.manager	DEBUG	Registering shutdown blocker for <unnamed-provider>
1494500801675	addons.manager	DEBUG	Provider finished startup: <unnamed-provider>
1494500803170	DeferredSave.extensions.json	DEBUG	Write succeeded
1494500803170	addons.xpi-utils	DEBUG	XPI Database saved, setting schema version preference to 19
1494500803170	DeferredSave.extensions.json	DEBUG	Starting timer
1494500803193	DeferredSave.extensions.json	DEBUG	Starting write
1494500803256	addons.repository	DEBUG	No addons.json found.
1494500803270	DeferredSave.addons.json	DEBUG	Save changes
1494500803292	DeferredSave.addons.json	DEBUG	Starting timer
1494500808804	addons.manager	DEBUG	Starting provider: PreviousExperimentProvider
1494500808804	addons.manager	DEBUG	Registering shutdown blocker for PreviousExperimentProvider
1494500808805	addons.manager	DEBUG	Provider finished startup: PreviousExperimentProvider
1494500808809	DeferredSave.addons.json	DEBUG	Starting write
1494500810525	DeferredSave.extensions.json	DEBUG	Write succeeded
1494500814787	DeferredSave.addons.json	DEBUG	Write succeeded
[GPU 8952] WARNING: pipe error: 109: file c:/builds/moz2_slave/m-rel-w32-00000000000000000000/build/src/ipc/chromium/src/chrome/common/ipc_channel_win.cc, line 346

Build info: version: '2.53.0', revision: '35ae25b1534ae328c771e0856c93e187490ca824', time: '2016-03-15 10:43:46'
System info: host: 'raresarv-PC', ip: '192.168.56.1', os.name: 'Windows 10', os.arch: 'amd64', os.version: '10.0', java.version: '1.8.0_73'
Driver info: driver.version: FirefoxDriver
14:07:18.356 Stacktrace: 
org.openqa.selenium.firefox.internal.NewProfileExtensionConnection.start(NewProfileExtensionConnection.java:125)
org.openqa.selenium.firefox.FirefoxDriver.startClient(FirefoxDriver.java:271)
org.openqa.selenium.remote.RemoteWebDriver.<init>(RemoteWebDriver.java:119)
org.openqa.selenium.firefox.FirefoxDriver.<init>(FirefoxDriver.java:216)
org.openqa.selenium.firefox.FirefoxDriver.<init>(FirefoxDriver.java:211)
org.openqa.selenium.firefox.FirefoxDriver.<init>(FirefoxDriver.java:207)
org.openqa.selenium.firefox.FirefoxDriver.<init>(FirefoxDriver.java:120)
FirstTest.setup(FirstTest.java:14)
sun.reflect.NativeMethodAccessorImpl.invoke0(Native Method)
sun.reflect.NativeMethodAccessorImpl.invoke(Unknown Source)
sun.reflect.DelegatingMethodAccessorImpl.invoke(Unknown Source)
java.lang.reflect.Method.invoke(Unknown Source)
com.thoughtworks.gauge.execution.MethodExecutor.execute(MethodExecutor.java:32)
com.thoughtworks.gauge.execution.HooksExecutor$TaggedHookExecutor.executeHook(HooksExecutor.java:99)
com.thoughtworks.gauge.execution.HooksExecutor$TaggedHookExecutor.execute(HooksExecutor.java:85)
com.thoughtworks.gauge.execution.HooksExecutor.execute(HooksExecutor.java:42)
com.thoughtworks.gauge.processor.MethodExecutionMessageProcessor.executeHooks(MethodExecutionMessageProcessor.java:54)
com.thoughtworks.gauge.processor.ScenarioExecutionStartingProcessor.process(ScenarioExecutionStartingProcessor.java:26)
com.thoughtworks.gauge.connection.MessageDispatcher.dispatchMessages(MessageDispatcher.java:86)
com.thoughtworks.gauge.GaugeRuntime.main(GaugeRuntime.java:37)
14:07:18.360 Error Message: java.lang.NullPointerException
14:07:18.360 Stacktrace: 
FirstTest.tearDown(FirstTest.java:29)
sun.reflect.NativeMethodAccessorImpl.invoke0(Native Method)
sun.reflect.NativeMethodAccessorImpl.invoke(Unknown Source)
sun.reflect.DelegatingMethodAccessorImpl.invoke(Unknown Source)
java.lang.reflect.Method.invoke(Unknown Source)
com.thoughtworks.gauge.execution.MethodExecutor.execute(MethodExecutor.java:32)
com.thoughtworks.gauge.execution.HooksExecutor$TaggedHookExecutor.executeHook(HooksExecutor.java:99)
com.thoughtworks.gauge.execution.HooksExecutor$TaggedHookExecutor.execute(HooksExecutor.java:85)
com.thoughtworks.gauge.execution.HooksExecutor.execute(HooksExecutor.java:42)
com.thoughtworks.gauge.processor.MethodExecutionMessageProcessor.executeHooks(MethodExecutionMessageProcessor.java:54)
com.thoughtworks.gauge.processor.ScenarioExecutionEndingProcessor.process(ScenarioExecutionEndingProcessor.java:26)
com.thoughtworks.gauge.connection.MessageDispatcher.dispatchMessages(MessageDispatcher.java:86)
com.thoughtworks.gauge.GaugeRuntime.main(GaugeRuntime.java:37)
14:07:19.673 Plugin [Html Report] with pid [2152] has exited
14:07:20.277 Specifications:	1 executed	0 passed	1 failed	0 skipped
14:07:20.277 Scenarios:	1 executed	0 passed	1 failed	0 skipped
14:07:20.287 
Total time taken: 58.789s
14:10:57.166 Checking updates...
14:11:08.386 [ValidationError] C:\Users\raresarv\Desktop\IParanteza1\specs\FirstTest.spec:8 Duplicate step implementation => 'Page title should be "The Bookery"'
14:11:09.708 Plugin [Html Report] with pid [5380] has exited
14:11:09.909 Specifications:	0 executed	0 passed	0 failed	1 skipped
14:11:09.909 Scenarios:	0 executed	0 passed	0 failed	1 skipped
14:11:09.922 
Total time taken: 1.115s
14:12:03.702 Checking updates...
14:12:10.633 [ValidationError] C:\Users\raresarv\Desktop\IParanteza1\specs\FirstTest.spec:8 Duplicate step implementation => 'Page title should be "The Bookery"'
14:12:10.870 Plugin [Html Report] with pid [6676] has exited
14:12:10.970 Specifications:	0 executed	0 passed	0 failed	1 skipped
14:12:10.970 Scenarios:	0 executed	0 passed	0 failed	1 skipped
14:12:10.970 
Total time taken: 136ms
14:12:25.157 Checking updates...
14:12:31.051 # The Bookery Web App
14:12:31.053 ## Let's simply load the page on our first test
14:13:24.165 Error Message: org.openqa.selenium.WebDriverException: Failed to connect to binary FirefoxBinary(C:\Program Files (x86)\Mozilla Firefox\firefox.exe) on port 7055; process output follows: 
"userDisabled":false,"appDisabled":false,"descriptor":"C:\\Program Files (x86)\\Mozilla Firefox\\browser\\extensions\\{972ce4c6-7e08-4474-a285-3208198ce6fd}.xpi","installDate":1493947423000,"updateDate":1493947423000,"applyBackgroundUpdates":1,"skinnable":true,"size":8207,"sourceURI":null,"releaseNotesURI":null,"softDisabled":false,"foreignInstall":false,"hasBinaryComponents":false,"strictCompatibility":true,"locales":[],"targetApplications":[{"id":"{ec8030f7-c20a-464f-9b0e-13a3a9e97384}","minVersion":"53.0.2","maxVersion":"53.0.2"}],"targetPlatforms":[],"seen":true,"dependencies":[],"hasEmbeddedWebExtension":false,"userPermissions":null}
1494501159608	addons.xpi	DEBUG	getModTime: Recursive scan of {972ce4c6-7e08-4474-a285-3208198ce6fd}
1494501159610	DeferredSave.extensions.json	DEBUG	Save changes
1494501159610	addons.xpi	DEBUG	Updating database with changes to installed add-ons
1494501159610	addons.xpi-utils	DEBUG	Updating add-on states
1494501159612	addons.xpi-utils	DEBUG	Writing add-ons list
1494501159617	addons.xpi	DEBUG	Registering manifest for C:\Program Files (x86)\Mozilla Firefox\browser\features\aushelper@mozilla.org.xpi
1494501159618	addons.xpi	DEBUG	Calling bootstrap method startup on aushelper@mozilla.org version 2.0
1494501159620	addons.xpi	DEBUG	Registering manifest for C:\Program Files (x86)\Mozilla Firefox\browser\features\e10srollout@mozilla.org.xpi
1494501159621	addons.xpi	DEBUG	Calling bootstrap method startup on e10srollout@mozilla.org version 1.14
1494501159622	addons.xpi	DEBUG	Registering manifest for C:\Program Files (x86)\Mozilla Firefox\browser\features\firefox@getpocket.com.xpi
1494501159623	addons.xpi	DEBUG	Calling bootstrap method startup on firefox@getpocket.com version 1.0.5
1494501159625	addons.xpi	DEBUG	Registering manifest for C:\Program Files (x86)\Mozilla Firefox\browser\features\webcompat@mozilla.org.xpi
1494501159670	addons.xpi	DEBUG	Calling bootstrap method startup on webcompat@mozilla.org version 1.0
1494501159674	addons.manager	DEBUG	Registering shutdown blocker for XPIProvider
1494501159674	addons.manager	DEBUG	Provider finished startup: XPIProvider
1494501159675	addons.manager	DEBUG	Starting provider: LightweightThemeManager
1494501159675	addons.manager	DEBUG	Registering shutdown blocker for LightweightThemeManager
1494501159675	addons.manager	DEBUG	Provider finished startup: LightweightThemeManager
1494501159676	addons.manager	DEBUG	Starting provider: GMPProvider
1494501159739	addons.manager	DEBUG	Registering shutdown blocker for GMPProvider
1494501159739	addons.manager	DEBUG	Provider finished startup: GMPProvider
1494501159739	addons.manager	DEBUG	Starting provider: PluginProvider
1494501159740	addons.manager	DEBUG	Registering shutdown blocker for PluginProvider
1494501159740	addons.manager	DEBUG	Provider finished startup: PluginProvider
1494501159741	addons.manager	DEBUG	Completed startup sequence
1494501166005	addons.manager	DEBUG	Starting provider: <unnamed-provider>
1494501166005	addons.manager	DEBUG	Registering shutdown blocker for <unnamed-provider>
1494501166006	addons.manager	DEBUG	Provider finished startup: <unnamed-provider>
1494501167181	DeferredSave.extensions.json	DEBUG	Write succeeded
1494501167181	addons.xpi-utils	DEBUG	XPI Database saved, setting schema version preference to 19
1494501167182	DeferredSave.extensions.json	DEBUG	Starting timer
1494501167223	DeferredSave.extensions.json	DEBUG	Starting write
1494501167233	addons.repository	DEBUG	No addons.json found.
1494501167240	DeferredSave.addons.json	DEBUG	Save changes
1494501167261	DeferredSave.addons.json	DEBUG	Starting timer
1494501170771	addons.manager	DEBUG	Starting provider: PreviousExperimentProvider
1494501170771	addons.manager	DEBUG	Registering shutdown blocker for PreviousExperimentProvider
1494501170771	addons.manager	DEBUG	Provider finished startup: PreviousExperimentProvider
1494501170778	DeferredSave.addons.json	DEBUG	Starting write
1494501170894	DeferredSave.extensions.json	DEBUG	Write succeeded
1494501170939	DeferredSave.addons.json	DEBUG	Write succeeded

Build info: version: '2.53.0', revision: '35ae25b1534ae328c771e0856c93e187490ca824', time: '2016-03-15 10:43:46'
System info: host: 'raresarv-PC', ip: '192.168.56.1', os.name: 'Windows 10', os.arch: 'amd64', os.version: '10.0', java.version: '1.8.0_73'
Driver info: driver.version: FirefoxDriver
14:13:24.165 Stacktrace: 
org.openqa.selenium.firefox.internal.NewProfileExtensionConnection.start(NewProfileExtensionConnection.java:125)
org.openqa.selenium.firefox.FirefoxDriver.startClient(FirefoxDriver.java:271)
org.openqa.selenium.remote.RemoteWebDriver.<init>(RemoteWebDriver.java:119)
org.openqa.selenium.firefox.FirefoxDriver.<init>(FirefoxDriver.java:216)
org.openqa.selenium.firefox.FirefoxDriver.<init>(FirefoxDriver.java:211)
org.openqa.selenium.firefox.FirefoxDriver.<init>(FirefoxDriver.java:207)
org.openqa.selenium.firefox.FirefoxDriver.<init>(FirefoxDriver.java:120)
FirstTest.setup(FirstTest.java:16)
sun.reflect.NativeMethodAccessorImpl.invoke0(Native Method)
sun.reflect.NativeMethodAccessorImpl.invoke(Unknown Source)
sun.reflect.DelegatingMethodAccessorImpl.invoke(Unknown Source)
java.lang.reflect.Method.invoke(Unknown Source)
com.thoughtworks.gauge.execution.MethodExecutor.execute(MethodExecutor.java:32)
com.thoughtworks.gauge.execution.HooksExecutor$TaggedHookExecutor.executeHook(HooksExecutor.java:99)
com.thoughtworks.gauge.execution.HooksExecutor$TaggedHookExecutor.execute(HooksExecutor.java:85)
com.thoughtworks.gauge.execution.HooksExecutor.execute(HooksExecutor.java:42)
com.thoughtworks.gauge.processor.MethodExecutionMessageProcessor.executeHooks(MethodExecutionMessageProcessor.java:54)
com.thoughtworks.gauge.processor.ScenarioExecutionStartingProcessor.process(ScenarioExecutionStartingProcessor.java:26)
com.thoughtworks.gauge.connection.MessageDispatcher.dispatchMessages(MessageDispatcher.java:86)
com.thoughtworks.gauge.GaugeRuntime.main(GaugeRuntime.java:37)
14:13:24.166 Error Message: java.lang.NullPointerException
14:13:24.166 Stacktrace: 
RegisterTest.tearDown(RegisterTest.java:26)
sun.reflect.NativeMethodAccessorImpl.invoke0(Native Method)
sun.reflect.NativeMethodAccessorImpl.invoke(Unknown Source)
sun.reflect.DelegatingMethodAccessorImpl.invoke(Unknown Source)
java.lang.reflect.Method.invoke(Unknown Source)
com.thoughtworks.gauge.execution.MethodExecutor.execute(MethodExecutor.java:32)
com.thoughtworks.gauge.execution.HooksExecutor$TaggedHookExecutor.executeHook(HooksExecutor.java:99)
com.thoughtworks.gauge.execution.HooksExecutor$TaggedHookExecutor.execute(HooksExecutor.java:85)
com.thoughtworks.gauge.execution.HooksExecutor.execute(HooksExecutor.java:42)
com.thoughtworks.gauge.processor.MethodExecutionMessageProcessor.executeHooks(MethodExecutionMessageProcessor.java:54)
com.thoughtworks.gauge.processor.ScenarioExecutionEndingProcessor.process(ScenarioExecutionEndingProcessor.java:26)
com.thoughtworks.gauge.connection.MessageDispatcher.dispatchMessages(MessageDispatcher.java:86)
com.thoughtworks.gauge.GaugeRuntime.main(GaugeRuntime.java:37)
14:13:24.696 Plugin [Html Report] with pid [9424] has exited
14:13:25.098 Specifications:	1 executed	0 passed	1 failed	0 skipped
14:13:25.098 Scenarios:	1 executed	0 passed	1 failed	0 skipped
14:13:25.112 
Total time taken: 53.37s
14:24:14.274 Checking updates...
14:24:25.262 # The Bookery Web App
14:24:25.266 ## Let's simply load the page on our first test
14:25:18.088 Error Message: org.openqa.selenium.WebDriverException: Failed to connect to binary FirefoxBinary(C:\Program Files (x86)\Mozilla Firefox\firefox.exe) on port 7055; process output follows: 
stallDate":1493947423000,"updateDate":1493947423000,"applyBackgroundUpdates":1,"skinnable":true,"size":8207,"sourceURI":null,"releaseNotesURI":null,"softDisabled":false,"foreignInstall":false,"hasBinaryComponents":false,"strictCompatibility":true,"locales":[],"targetApplications":[{"id":"{ec8030f7-c20a-464f-9b0e-13a3a9e97384}","minVersion":"53.0.2","maxVersion":"53.0.2"}],"targetPlatforms":[],"seen":true,"dependencies":[],"hasEmbeddedWebExtension":false,"userPermissions":null}
1494501874001	addons.xpi	DEBUG	getModTime: Recursive scan of {972ce4c6-7e08-4474-a285-3208198ce6fd}
1494501874002	DeferredSave.extensions.json	DEBUG	Save changes
1494501874002	addons.xpi	DEBUG	Updating database with changes to installed add-ons
1494501874003	addons.xpi-utils	DEBUG	Updating add-on states
1494501874004	addons.xpi-utils	DEBUG	Writing add-ons list
1494501874009	addons.xpi	DEBUG	Registering manifest for C:\Program Files (x86)\Mozilla Firefox\browser\features\aushelper@mozilla.org.xpi
1494501874010	addons.xpi	DEBUG	Calling bootstrap method startup on aushelper@mozilla.org version 2.0
1494501874012	addons.xpi	DEBUG	Registering manifest for C:\Program Files (x86)\Mozilla Firefox\browser\features\e10srollout@mozilla.org.xpi
1494501874013	addons.xpi	DEBUG	Calling bootstrap method startup on e10srollout@mozilla.org version 1.14
1494501874014	addons.xpi	DEBUG	Registering manifest for C:\Program Files (x86)\Mozilla Firefox\browser\features\firefox@getpocket.com.xpi
1494501874015	addons.xpi	DEBUG	Calling bootstrap method startup on firefox@getpocket.com version 1.0.5
1494501874016	addons.xpi	DEBUG	Registering manifest for C:\Program Files (x86)\Mozilla Firefox\browser\features\webcompat@mozilla.org.xpi
1494501874029	addons.xpi	DEBUG	Calling bootstrap method startup on webcompat@mozilla.org version 1.0
1494501874033	addons.manager	DEBUG	Registering shutdown blocker for XPIProvider
1494501874034	addons.manager	DEBUG	Provider finished startup: XPIProvider
1494501874034	addons.manager	DEBUG	Starting provider: LightweightThemeManager
1494501874034	addons.manager	DEBUG	Registering shutdown blocker for LightweightThemeManager
1494501874034	addons.manager	DEBUG	Provider finished startup: LightweightThemeManager
1494501874035	addons.manager	DEBUG	Starting provider: GMPProvider
1494501874054	addons.manager	DEBUG	Registering shutdown blocker for GMPProvider
1494501874055	addons.manager	DEBUG	Provider finished startup: GMPProvider
1494501874055	addons.manager	DEBUG	Starting provider: PluginProvider
1494501874055	addons.manager	DEBUG	Registering shutdown blocker for PluginProvider
1494501874056	addons.manager	DEBUG	Provider finished startup: PluginProvider
1494501874056	addons.manager	DEBUG	Completed startup sequence
1494501878482	addons.manager	DEBUG	Starting provider: <unnamed-provider>
1494501878482	addons.manager	DEBUG	Registering shutdown blocker for <unnamed-provider>
1494501878483	addons.manager	DEBUG	Provider finished startup: <unnamed-provider>
1494501879853	DeferredSave.extensions.json	DEBUG	Write succeeded
1494501879853	addons.xpi-utils	DEBUG	XPI Database saved, setting schema version preference to 19
1494501879854	DeferredSave.extensions.json	DEBUG	Starting timer
1494501879876	DeferredSave.extensions.json	DEBUG	Starting write
1494501879880	addons.repository	DEBUG	No addons.json found.
1494501879889	DeferredSave.addons.json	DEBUG	Save changes
1494501879910	DeferredSave.addons.json	DEBUG	Starting timer
1494501882890	addons.manager	DEBUG	Starting provider: PreviousExperimentProvider
1494501882890	addons.manager	DEBUG	Registering shutdown blocker for PreviousExperimentProvider
1494501882891	addons.manager	DEBUG	Provider finished startup: PreviousExperimentProvider
1494501882894	DeferredSave.addons.json	DEBUG	Starting write
1494501882930	DeferredSave.extensions.json	DEBUG	Write succeeded
1494501882994	DeferredSave.addons.json	DEBUG	Write succeeded
[GPU 9868] WARNING: pipe error: 109: file c:/builds/moz2_slave/m-rel-w32-00000000000000000000/build/src/ipc/chromium/src/chrome/common/ipc_channel_win.cc, line 346

Build info: version: '2.53.0', revision: '35ae25b1534ae328c771e0856c93e187490ca824', time: '2016-03-15 10:43:46'
System info: host: 'raresarv-PC', ip: '192.168.56.1', os.name: 'Windows 10', os.arch: 'amd64', os.version: '10.0', java.version: '1.8.0_73'
Driver info: driver.version: FirefoxDriver
14:25:18.089 Stacktrace: 
org.openqa.selenium.firefox.internal.NewProfileExtensionConnection.start(NewProfileExtensionConnection.java:125)
org.openqa.selenium.firefox.FirefoxDriver.startClient(FirefoxDriver.java:271)
org.openqa.selenium.remote.RemoteWebDriver.<init>(RemoteWebDriver.java:119)
org.openqa.selenium.firefox.FirefoxDriver.<init>(FirefoxDriver.java:216)
org.openqa.selenium.firefox.FirefoxDriver.<init>(FirefoxDriver.java:211)
org.openqa.selenium.firefox.FirefoxDriver.<init>(FirefoxDriver.java:207)
org.openqa.selenium.firefox.FirefoxDriver.<init>(FirefoxDriver.java:120)
FirstTest.setup(FirstTest.java:16)
sun.reflect.NativeMethodAccessorImpl.invoke0(Native Method)
sun.reflect.NativeMethodAccessorImpl.invoke(Unknown Source)
sun.reflect.DelegatingMethodAccessorImpl.invoke(Unknown Source)
java.lang.reflect.Method.invoke(Unknown Source)
com.thoughtworks.gauge.execution.MethodExecutor.execute(MethodExecutor.java:32)
com.thoughtworks.gauge.execution.HooksExecutor$TaggedHookExecutor.executeHook(HooksExecutor.java:99)
com.thoughtworks.gauge.execution.HooksExecutor$TaggedHookExecutor.execute(HooksExecutor.java:85)
com.thoughtworks.gauge.execution.HooksExecutor.execute(HooksExecutor.java:42)
com.thoughtworks.gauge.processor.MethodExecutionMessageProcessor.executeHooks(MethodExecutionMessageProcessor.java:54)
com.thoughtworks.gauge.processor.ScenarioExecutionStartingProcessor.process(ScenarioExecutionStartingProcessor.java:26)
com.thoughtworks.gauge.connection.MessageDispatcher.dispatchMessages(MessageDispatcher.java:86)
com.thoughtworks.gauge.GaugeRuntime.main(GaugeRuntime.java:37)
14:25:18.090 Error Message: java.lang.NullPointerException
14:25:18.090 Stacktrace: 
RegisterTest.tearDown(RegisterTest.java:26)
sun.reflect.NativeMethodAccessorImpl.invoke0(Native Method)
sun.reflect.NativeMethodAccessorImpl.invoke(Unknown Source)
sun.reflect.DelegatingMethodAccessorImpl.invoke(Unknown Source)
java.lang.reflect.Method.invoke(Unknown Source)
com.thoughtworks.gauge.execution.MethodExecutor.execute(MethodExecutor.java:32)
com.thoughtworks.gauge.execution.HooksExecutor$TaggedHookExecutor.executeHook(HooksExecutor.java:99)
com.thoughtworks.gauge.execution.HooksExecutor$TaggedHookExecutor.execute(HooksExecutor.java:85)
com.thoughtworks.gauge.execution.HooksExecutor.execute(HooksExecutor.java:42)
com.thoughtworks.gauge.processor.MethodExecutionMessageProcessor.executeHooks(MethodExecutionMessageProcessor.java:54)
com.thoughtworks.gauge.processor.ScenarioExecutionEndingProcessor.process(ScenarioExecutionEndingProcessor.java:26)
com.thoughtworks.gauge.connection.MessageDispatcher.dispatchMessages(MessageDispatcher.java:86)
com.thoughtworks.gauge.GaugeRuntime.main(GaugeRuntime.java:37)
14:25:18.615 Plugin [Html Report] with pid [3584] has exited
14:25:18.917 Specifications:	1 executed	0 passed	1 failed	0 skipped
14:25:18.917 Scenarios:	1 executed	0 passed	1 failed	0 skipped
14:25:18.929 
Total time taken: 52.926s
14:30:30.686 Checking updates...
14:30:58.993 Checking updates...
14:31:05.454 [ValidationError] C:\Users\raresarv\Desktop\IParanteza1\specs\FirstTest.spec:7 Step implementation not found => 'Navigate to "https://testing.optymyze.com/the-bookery"'
14:31:05.454 [ValidationError] C:\Users\raresarv\Desktop\IParanteza1\specs\FirstTest.spec:8 Step implementation not found => 'Page title should be "The Bookery"'
14:31:05.824 Plugin [Html Report] with pid [10112] has exited
14:31:05.924 Specifications:	0 executed	0 passed	0 failed	1 skipped
14:31:05.924 Scenarios:	0 executed	0 passed	0 failed	1 skipped
14:31:05.924 
Total time taken: 168ms
14:32:02.029 Checking updates...
14:32:08.426 [ValidationError] C:\Users\raresarv\Desktop\IParanteza1\specs\FirstTest.spec:8 Step implementation not found => 'Page title should be "The Bookery"'
14:32:08.610 Plugin [Html Report] with pid [1780] has exited
14:32:08.811 Specifications:	0 executed	0 passed	0 failed	1 skipped
14:32:08.811 Scenarios:	0 executed	0 passed	0 failed	1 skipped
14:32:08.811 
Total time taken: 84ms
14:34:31.511 Checking updates...
14:34:37.549 # The Bookery Web App
14:34:37.551 ## Let's simply load the page on our first test
14:35:34.380 Error Message: org.openqa.selenium.WebDriverException: Failed to connect to binary FirefoxBinary(C:\Program Files (x86)\Mozilla Firefox\firefox.exe) on port 7055; process output follows: 
stallDate":1493947423000,"updateDate":1493947423000,"applyBackgroundUpdates":1,"skinnable":true,"size":8207,"sourceURI":null,"releaseNotesURI":null,"softDisabled":false,"foreignInstall":false,"hasBinaryComponents":false,"strictCompatibility":true,"locales":[],"targetApplications":[{"id":"{ec8030f7-c20a-464f-9b0e-13a3a9e97384}","minVersion":"53.0.2","maxVersion":"53.0.2"}],"targetPlatforms":[],"seen":true,"dependencies":[],"hasEmbeddedWebExtension":false,"userPermissions":null}
1494502486293	addons.xpi	DEBUG	getModTime: Recursive scan of {972ce4c6-7e08-4474-a285-3208198ce6fd}
1494502486295	DeferredSave.extensions.json	DEBUG	Save changes
1494502486296	addons.xpi	DEBUG	Updating database with changes to installed add-ons
1494502486296	addons.xpi-utils	DEBUG	Updating add-on states
1494502486297	addons.xpi-utils	DEBUG	Writing add-ons list
1494502486302	addons.xpi	DEBUG	Registering manifest for C:\Program Files (x86)\Mozilla Firefox\browser\features\aushelper@mozilla.org.xpi
1494502486303	addons.xpi	DEBUG	Calling bootstrap method startup on aushelper@mozilla.org version 2.0
1494502486305	addons.xpi	DEBUG	Registering manifest for C:\Program Files (x86)\Mozilla Firefox\browser\features\e10srollout@mozilla.org.xpi
1494502486306	addons.xpi	DEBUG	Calling bootstrap method startup on e10srollout@mozilla.org version 1.14
1494502486307	addons.xpi	DEBUG	Registering manifest for C:\Program Files (x86)\Mozilla Firefox\browser\features\firefox@getpocket.com.xpi
1494502486308	addons.xpi	DEBUG	Calling bootstrap method startup on firefox@getpocket.com version 1.0.5
1494502486309	addons.xpi	DEBUG	Registering manifest for C:\Program Files (x86)\Mozilla Firefox\browser\features\webcompat@mozilla.org.xpi
1494502486322	addons.xpi	DEBUG	Calling bootstrap method startup on webcompat@mozilla.org version 1.0
1494502486326	addons.manager	DEBUG	Registering shutdown blocker for XPIProvider
1494502486327	addons.manager	DEBUG	Provider finished startup: XPIProvider
1494502486327	addons.manager	DEBUG	Starting provider: LightweightThemeManager
1494502486327	addons.manager	DEBUG	Registering shutdown blocker for LightweightThemeManager
1494502486327	addons.manager	DEBUG	Provider finished startup: LightweightThemeManager
1494502486328	addons.manager	DEBUG	Starting provider: GMPProvider
1494502486335	addons.manager	DEBUG	Registering shutdown blocker for GMPProvider
1494502486335	addons.manager	DEBUG	Provider finished startup: GMPProvider
1494502486335	addons.manager	DEBUG	Starting provider: PluginProvider
1494502486335	addons.manager	DEBUG	Registering shutdown blocker for PluginProvider
1494502486336	addons.manager	DEBUG	Provider finished startup: PluginProvider
1494502486337	addons.manager	DEBUG	Completed startup sequence
1494502492291	addons.manager	DEBUG	Starting provider: <unnamed-provider>
1494502492291	addons.manager	DEBUG	Registering shutdown blocker for <unnamed-provider>
1494502492291	addons.manager	DEBUG	Provider finished startup: <unnamed-provider>
1494502493215	DeferredSave.extensions.json	DEBUG	Write succeeded
1494502493215	addons.xpi-utils	DEBUG	XPI Database saved, setting schema version preference to 19
1494502493215	DeferredSave.extensions.json	DEBUG	Starting timer
1494502493241	DeferredSave.extensions.json	DEBUG	Starting write
1494502493245	addons.repository	DEBUG	No addons.json found.
1494502493283	DeferredSave.addons.json	DEBUG	Save changes
1494502493294	DeferredSave.addons.json	DEBUG	Starting timer
1494502495883	addons.manager	DEBUG	Starting provider: PreviousExperimentProvider
1494502495883	addons.manager	DEBUG	Registering shutdown blocker for PreviousExperimentProvider
1494502495883	addons.manager	DEBUG	Provider finished startup: PreviousExperimentProvider
1494502495886	DeferredSave.addons.json	DEBUG	Starting write
1494502495950	DeferredSave.extensions.json	DEBUG	Write succeeded
1494502496024	DeferredSave.addons.json	DEBUG	Write succeeded
[GPU 8724] WARNING: pipe error: 109: file c:/builds/moz2_slave/m-rel-w32-00000000000000000000/build/src/ipc/chromium/src/chrome/common/ipc_channel_win.cc, line 346

Build info: version: '2.53.0', revision: '35ae25b1534ae328c771e0856c93e187490ca824', time: '2016-03-15 10:43:46'
System info: host: 'raresarv-PC', ip: '192.168.56.1', os.name: 'Windows 10', os.arch: 'amd64', os.version: '10.0', java.version: '1.8.0_73'
Driver info: driver.version: FirefoxDriver
14:35:34.380 Stacktrace: 
org.openqa.selenium.firefox.internal.NewProfileExtensionConnection.start(NewProfileExtensionConnection.java:125)
org.openqa.selenium.firefox.FirefoxDriver.startClient(FirefoxDriver.java:271)
org.openqa.selenium.remote.RemoteWebDriver.<init>(RemoteWebDriver.java:119)
org.openqa.selenium.firefox.FirefoxDriver.<init>(FirefoxDriver.java:216)
org.openqa.selenium.firefox.FirefoxDriver.<init>(FirefoxDriver.java:211)
org.openqa.selenium.firefox.FirefoxDriver.<init>(FirefoxDriver.java:207)
org.openqa.selenium.firefox.FirefoxDriver.<init>(FirefoxDriver.java:120)
FirstTest.setup(FirstTest.java:16)
sun.reflect.NativeMethodAccessorImpl.invoke0(Native Method)
sun.reflect.NativeMethodAccessorImpl.invoke(Unknown Source)
sun.reflect.DelegatingMethodAccessorImpl.invoke(Unknown Source)
java.lang.reflect.Method.invoke(Unknown Source)
com.thoughtworks.gauge.execution.MethodExecutor.execute(MethodExecutor.java:32)
com.thoughtworks.gauge.execution.HooksExecutor$TaggedHookExecutor.executeHook(HooksExecutor.java:99)
com.thoughtworks.gauge.execution.HooksExecutor$TaggedHookExecutor.execute(HooksExecutor.java:85)
com.thoughtworks.gauge.execution.HooksExecutor.execute(HooksExecutor.java:42)
com.thoughtworks.gauge.processor.MethodExecutionMessageProcessor.executeHooks(MethodExecutionMessageProcessor.java:54)
com.thoughtworks.gauge.processor.ScenarioExecutionStartingProcessor.process(ScenarioExecutionStartingProcessor.java:26)
com.thoughtworks.gauge.connection.MessageDispatcher.dispatchMessages(MessageDispatcher.java:86)
com.thoughtworks.gauge.GaugeRuntime.main(GaugeRuntime.java:37)
14:35:34.384 Error Message: java.lang.NullPointerException
14:35:34.384 Stacktrace: 
RegisterTest.tearDown(RegisterTest.java:26)
sun.reflect.NativeMethodAccessorImpl.invoke0(Native Method)
sun.reflect.NativeMethodAccessorImpl.invoke(Unknown Source)
sun.reflect.DelegatingMethodAccessorImpl.invoke(Unknown Source)
java.lang.reflect.Method.invoke(Unknown Source)
com.thoughtworks.gauge.execution.MethodExecutor.execute(MethodExecutor.java:32)
com.thoughtworks.gauge.execution.HooksExecutor$TaggedHookExecutor.executeHook(HooksExecutor.java:99)
com.thoughtworks.gauge.execution.HooksExecutor$TaggedHookExecutor.execute(HooksExecutor.java:85)
com.thoughtworks.gauge.execution.HooksExecutor.execute(HooksExecutor.java:42)
com.thoughtworks.gauge.processor.MethodExecutionMessageProcessor.executeHooks(MethodExecutionMessageProcessor.java:54)
com.thoughtworks.gauge.processor.ScenarioExecutionEndingProcessor.process(ScenarioExecutionEndingProcessor.java:26)
com.thoughtworks.gauge.connection.MessageDispatcher.dispatchMessages(MessageDispatcher.java:86)
com.thoughtworks.gauge.GaugeRuntime.main(GaugeRuntime.java:37)
14:35:35.249 Plugin [Html Report] with pid [10516] has exited
14:35:35.751 Specifications:	1 executed	0 passed	1 failed	0 skipped
14:35:35.751 Scenarios:	1 executed	0 passed	1 failed	0 skipped
14:35:35.765 
Total time taken: 56.943s
14:38:22.733 Checking updates...
14:38:29.966 [ValidationError] C:\Users\raresarv\Desktop\IParanteza1\specs\FirstTest.spec:7 Step implementation not found => 'Navigate to "file:///C:/Users/raresarv/Desktop/Register_TEST/proiect.html"'
14:38:30.193 Plugin [Html Report] with pid [10380] has exited
14:38:30.394 Specifications:	0 executed	0 passed	0 failed	1 skipped
14:38:30.394 Scenarios:	0 executed	0 passed	0 failed	1 skipped
14:38:30.394 
Total time taken: 126ms
14:41:29.140 Checking updates...
14:41:35.567 [ValidationError] C:\Users\raresarv\Desktop\IParanteza1\specs\FirstTest.spec:7 Step implementation not found => 'Navigate to "C://Users//raresarv//Desktop//Register_TEST//proiect.html"'
14:41:35.912 Plugin [Html Report] with pid [10180] has exited
14:41:36.113 Specifications:	0 executed	0 passed	0 failed	1 skipped
14:41:36.113 Scenarios:	0 executed	0 passed	0 failed	1 skipped
14:41:36.113 
Total time taken: 131ms
14:44:51.726 Checking updates...
14:45:02.593 # The Bookery Web App
14:45:02.597 ## Let's simply load the page on our first test
14:45:59.430 Error Message: org.openqa.selenium.WebDriverException: Failed to connect to binary FirefoxBinary(C:\Program Files (x86)\Mozilla Firefox\firefox.exe) on port 7055; process output follows: 
"userDisabled":false,"appDisabled":false,"descriptor":"C:\\Program Files (x86)\\Mozilla Firefox\\browser\\extensions\\{972ce4c6-7e08-4474-a285-3208198ce6fd}.xpi","installDate":1493947423000,"updateDate":1493947423000,"applyBackgroundUpdates":1,"skinnable":true,"size":8207,"sourceURI":null,"releaseNotesURI":null,"softDisabled":false,"foreignInstall":false,"hasBinaryComponents":false,"strictCompatibility":true,"locales":[],"targetApplications":[{"id":"{ec8030f7-c20a-464f-9b0e-13a3a9e97384}","minVersion":"53.0.2","maxVersion":"53.0.2"}],"targetPlatforms":[],"seen":true,"dependencies":[],"hasEmbeddedWebExtension":false,"userPermissions":null}
1494503113596	addons.xpi	DEBUG	getModTime: Recursive scan of {972ce4c6-7e08-4474-a285-3208198ce6fd}
1494503113597	DeferredSave.extensions.json	DEBUG	Save changes
1494503113597	addons.xpi	DEBUG	Updating database with changes to installed add-ons
1494503113597	addons.xpi-utils	DEBUG	Updating add-on states
1494503113598	addons.xpi-utils	DEBUG	Writing add-ons list
1494503113604	addons.xpi	DEBUG	Registering manifest for C:\Program Files (x86)\Mozilla Firefox\browser\features\aushelper@mozilla.org.xpi
1494503113604	addons.xpi	DEBUG	Calling bootstrap method startup on aushelper@mozilla.org version 2.0
1494503113606	addons.xpi	DEBUG	Registering manifest for C:\Program Files (x86)\Mozilla Firefox\browser\features\e10srollout@mozilla.org.xpi
1494503113607	addons.xpi	DEBUG	Calling bootstrap method startup on e10srollout@mozilla.org version 1.14
1494503113608	addons.xpi	DEBUG	Registering manifest for C:\Program Files (x86)\Mozilla Firefox\browser\features\firefox@getpocket.com.xpi
1494503113610	addons.xpi	DEBUG	Calling bootstrap method startup on firefox@getpocket.com version 1.0.5
1494503113611	addons.xpi	DEBUG	Registering manifest for C:\Program Files (x86)\Mozilla Firefox\browser\features\webcompat@mozilla.org.xpi
1494503113612	addons.xpi	DEBUG	Calling bootstrap method startup on webcompat@mozilla.org version 1.0
1494503113616	addons.manager	DEBUG	Registering shutdown blocker for XPIProvider
1494503113617	addons.manager	DEBUG	Provider finished startup: XPIProvider
1494503113617	addons.manager	DEBUG	Starting provider: LightweightThemeManager
1494503113617	addons.manager	DEBUG	Registering shutdown blocker for LightweightThemeManager
1494503113617	addons.manager	DEBUG	Provider finished startup: LightweightThemeManager
1494503113618	addons.manager	DEBUG	Starting provider: GMPProvider
1494503113624	addons.manager	DEBUG	Registering shutdown blocker for GMPProvider
1494503113625	addons.manager	DEBUG	Provider finished startup: GMPProvider
1494503113625	addons.manager	DEBUG	Starting provider: PluginProvider
1494503113625	addons.manager	DEBUG	Registering shutdown blocker for PluginProvider
1494503113626	addons.manager	DEBUG	Provider finished startup: PluginProvider
1494503113626	addons.manager	DEBUG	Completed startup sequence
1494503117363	addons.manager	DEBUG	Starting provider: <unnamed-provider>
1494503117364	addons.manager	DEBUG	Registering shutdown blocker for <unnamed-provider>
1494503117365	addons.manager	DEBUG	Provider finished startup: <unnamed-provider>
1494503118131	DeferredSave.extensions.json	DEBUG	Write succeeded
1494503118131	addons.xpi-utils	DEBUG	XPI Database saved, setting schema version preference to 19
1494503118131	DeferredSave.extensions.json	DEBUG	Starting timer
1494503118164	DeferredSave.extensions.json	DEBUG	Starting write
1494503118180	addons.repository	DEBUG	No addons.json found.
1494503118243	DeferredSave.addons.json	DEBUG	Save changes
1494503118287	DeferredSave.addons.json	DEBUG	Starting timer
1494503123238	addons.manager	DEBUG	Starting provider: PreviousExperimentProvider
1494503123238	addons.manager	DEBUG	Registering shutdown blocker for PreviousExperimentProvider
1494503123238	addons.manager	DEBUG	Provider finished startup: PreviousExperimentProvider
1494503123241	DeferredSave.addons.json	DEBUG	Starting write
1494503123264	DeferredSave.extensions.json	DEBUG	Write succeeded
1494503123322	DeferredSave.addons.json	DEBUG	Write succeeded

Build info: version: '2.53.0', revision: '35ae25b1534ae328c771e0856c93e187490ca824', time: '2016-03-15 10:43:46'
System info: host: 'raresarv-PC', ip: '192.168.56.1', os.name: 'Windows 10', os.arch: 'amd64', os.version: '10.0', java.version: '1.8.0_73'
Driver info: driver.version: FirefoxDriver
14:45:59.430 Stacktrace: 
org.openqa.selenium.firefox.internal.NewProfileExtensionConnection.start(NewProfileExtensionConnection.java:125)
org.openqa.selenium.firefox.FirefoxDriver.startClient(FirefoxDriver.java:271)
org.openqa.selenium.remote.RemoteWebDriver.<init>(RemoteWebDriver.java:119)
org.openqa.selenium.firefox.FirefoxDriver.<init>(FirefoxDriver.java:216)
org.openqa.selenium.firefox.FirefoxDriver.<init>(FirefoxDriver.java:211)
org.openqa.selenium.firefox.FirefoxDriver.<init>(FirefoxDriver.java:207)
org.openqa.selenium.firefox.FirefoxDriver.<init>(FirefoxDriver.java:120)
FirstTest.setup(FirstTest.java:16)
sun.reflect.NativeMethodAccessorImpl.invoke0(Native Method)
sun.reflect.NativeMethodAccessorImpl.invoke(Unknown Source)
sun.reflect.DelegatingMethodAccessorImpl.invoke(Unknown Source)
java.lang.reflect.Method.invoke(Unknown Source)
com.thoughtworks.gauge.execution.MethodExecutor.execute(MethodExecutor.java:32)
com.thoughtworks.gauge.execution.HooksExecutor$TaggedHookExecutor.executeHook(HooksExecutor.java:99)
com.thoughtworks.gauge.execution.HooksExecutor$TaggedHookExecutor.execute(HooksExecutor.java:85)
com.thoughtworks.gauge.execution.HooksExecutor.execute(HooksExecutor.java:42)
com.thoughtworks.gauge.processor.MethodExecutionMessageProcessor.executeHooks(MethodExecutionMessageProcessor.java:54)
com.thoughtworks.gauge.processor.ScenarioExecutionStartingProcessor.process(ScenarioExecutionStartingProcessor.java:26)
com.thoughtworks.gauge.connection.MessageDispatcher.dispatchMessages(MessageDispatcher.java:86)
com.thoughtworks.gauge.GaugeRuntime.main(GaugeRuntime.java:37)
14:45:59.431 Error Message: java.lang.NullPointerException
14:45:59.431 Stacktrace: 
RegisterTest.tearDown(RegisterTest.java:26)
sun.reflect.NativeMethodAccessorImpl.invoke0(Native Method)
sun.reflect.NativeMethodAccessorImpl.invoke(Unknown Source)
sun.reflect.DelegatingMethodAccessorImpl.invoke(Unknown Source)
java.lang.reflect.Method.invoke(Unknown Source)
com.thoughtworks.gauge.execution.MethodExecutor.execute(MethodExecutor.java:32)
com.thoughtworks.gauge.execution.HooksExecutor$TaggedHookExecutor.executeHook(HooksExecutor.java:99)
com.thoughtworks.gauge.execution.HooksExecutor$TaggedHookExecutor.execute(HooksExecutor.java:85)
com.thoughtworks.gauge.execution.HooksExecutor.execute(HooksExecutor.java:42)
com.thoughtworks.gauge.processor.MethodExecutionMessageProcessor.executeHooks(MethodExecutionMessageProcessor.java:54)
com.thoughtworks.gauge.processor.ScenarioExecutionEndingProcessor.process(ScenarioExecutionEndingProcessor.java:26)
com.thoughtworks.gauge.connection.MessageDispatcher.dispatchMessages(MessageDispatcher.java:86)
com.thoughtworks.gauge.GaugeRuntime.main(GaugeRuntime.java:37)
14:46:00.767 Plugin [Html Report] with pid [708] has exited
14:46:01.076 Specifications:	1 executed	0 passed	1 failed	0 skipped
14:46:01.076 Scenarios:	1 executed	0 passed	1 failed	0 skipped
14:46:01.104 
Total time taken: 57.962s
14:47:57.848 Checking updates...
14:48:09.618 # The Bookery Web App
14:48:09.622 ## Let's simply load the page on our first test
14:49:00.860 Error Message: org.openqa.selenium.WebDriverException: Failed to connect to binary FirefoxBinary(C:\Program Files (x86)\Mozilla Firefox\firefox.exe) on port 7055; process output follows: 
tallDate":1493947423000,"updateDate":1493947423000,"applyBackgroundUpdates":1,"skinnable":true,"size":8207,"sourceURI":null,"releaseNotesURI":null,"softDisabled":false,"foreignInstall":false,"hasBinaryComponents":false,"strictCompatibility":true,"locales":[],"targetApplications":[{"id":"{ec8030f7-c20a-464f-9b0e-13a3a9e97384}","minVersion":"53.0.2","maxVersion":"53.0.2"}],"targetPlatforms":[],"seen":true,"dependencies":[],"hasEmbeddedWebExtension":false,"userPermissions":null}
1494503294413	addons.xpi	DEBUG	getModTime: Recursive scan of {972ce4c6-7e08-4474-a285-3208198ce6fd}
1494503294414	DeferredSave.extensions.json	DEBUG	Save changes
1494503294415	addons.xpi	DEBUG	Updating database with changes to installed add-ons
1494503294415	addons.xpi-utils	DEBUG	Updating add-on states
1494503294416	addons.xpi-utils	DEBUG	Writing add-ons list
1494503294421	addons.xpi	DEBUG	Registering manifest for C:\Program Files (x86)\Mozilla Firefox\browser\features\aushelper@mozilla.org.xpi
1494503294422	addons.xpi	DEBUG	Calling bootstrap method startup on aushelper@mozilla.org version 2.0
1494503294424	addons.xpi	DEBUG	Registering manifest for C:\Program Files (x86)\Mozilla Firefox\browser\features\e10srollout@mozilla.org.xpi
1494503294425	addons.xpi	DEBUG	Calling bootstrap method startup on e10srollout@mozilla.org version 1.14
1494503294426	addons.xpi	DEBUG	Registering manifest for C:\Program Files (x86)\Mozilla Firefox\browser\features\firefox@getpocket.com.xpi
1494503294427	addons.xpi	DEBUG	Calling bootstrap method startup on firefox@getpocket.com version 1.0.5
1494503294428	addons.xpi	DEBUG	Registering manifest for C:\Program Files (x86)\Mozilla Firefox\browser\features\webcompat@mozilla.org.xpi
1494503294430	addons.xpi	DEBUG	Calling bootstrap method startup on webcompat@mozilla.org version 1.0
1494503294434	addons.manager	DEBUG	Registering shutdown blocker for XPIProvider
1494503294435	addons.manager	DEBUG	Provider finished startup: XPIProvider
1494503294435	addons.manager	DEBUG	Starting provider: LightweightThemeManager
1494503294435	addons.manager	DEBUG	Registering shutdown blocker for LightweightThemeManager
1494503294435	addons.manager	DEBUG	Provider finished startup: LightweightThemeManager
1494503294436	addons.manager	DEBUG	Starting provider: GMPProvider
1494503294443	addons.manager	DEBUG	Registering shutdown blocker for GMPProvider
1494503294443	addons.manager	DEBUG	Provider finished startup: GMPProvider
1494503294443	addons.manager	DEBUG	Starting provider: PluginProvider
1494503294443	addons.manager	DEBUG	Registering shutdown blocker for PluginProvider
1494503294444	addons.manager	DEBUG	Provider finished startup: PluginProvider
1494503294444	addons.manager	DEBUG	Completed startup sequence
1494503296816	addons.manager	DEBUG	Starting provider: <unnamed-provider>
1494503296816	addons.manager	DEBUG	Registering shutdown blocker for <unnamed-provider>
1494503296817	addons.manager	DEBUG	Provider finished startup: <unnamed-provider>
1494503297452	DeferredSave.extensions.json	DEBUG	Write succeeded
1494503297453	addons.xpi-utils	DEBUG	XPI Database saved, setting schema version preference to 19
1494503297453	DeferredSave.extensions.json	DEBUG	Starting timer
1494503297470	addons.repository	DEBUG	No addons.json found.
1494503297488	DeferredSave.addons.json	DEBUG	Save changes
1494503297509	DeferredSave.addons.json	DEBUG	Starting timer
1494503301136	addons.manager	DEBUG	Starting provider: PreviousExperimentProvider
1494503301136	addons.manager	DEBUG	Registering shutdown blocker for PreviousExperimentProvider
1494503301136	addons.manager	DEBUG	Provider finished startup: PreviousExperimentProvider
1494503301139	DeferredSave.extensions.json	DEBUG	Starting write
1494503301141	DeferredSave.addons.json	DEBUG	Starting write
1494503301201	DeferredSave.extensions.json	DEBUG	Write succeeded
1494503301212	DeferredSave.addons.json	DEBUG	Write succeeded
[GPU 10980] WARNING: pipe error: 109: file c:/builds/moz2_slave/m-rel-w32-00000000000000000000/build/src/ipc/chromium/src/chrome/common/ipc_channel_win.cc, line 346

Build info: version: '2.53.0', revision: '35ae25b1534ae328c771e0856c93e187490ca824', time: '2016-03-15 10:43:46'
System info: host: 'raresarv-PC', ip: '192.168.56.1', os.name: 'Windows 10', os.arch: 'amd64', os.version: '10.0', java.version: '1.8.0_73'
Driver info: driver.version: FirefoxDriver
14:49:00.860 Stacktrace: 
org.openqa.selenium.firefox.internal.NewProfileExtensionConnection.start(NewProfileExtensionConnection.java:125)
org.openqa.selenium.firefox.FirefoxDriver.startClient(FirefoxDriver.java:271)
org.openqa.selenium.remote.RemoteWebDriver.<init>(RemoteWebDriver.java:119)
org.openqa.selenium.firefox.FirefoxDriver.<init>(FirefoxDriver.java:216)
org.openqa.selenium.firefox.FirefoxDriver.<init>(FirefoxDriver.java:211)
org.openqa.selenium.firefox.FirefoxDriver.<init>(FirefoxDriver.java:207)
org.openqa.selenium.firefox.FirefoxDriver.<init>(FirefoxDriver.java:120)
FirstTest.setup(FirstTest.java:16)
sun.reflect.NativeMethodAccessorImpl.invoke0(Native Method)
sun.reflect.NativeMethodAccessorImpl.invoke(Unknown Source)
sun.reflect.DelegatingMethodAccessorImpl.invoke(Unknown Source)
java.lang.reflect.Method.invoke(Unknown Source)
com.thoughtworks.gauge.execution.MethodExecutor.execute(MethodExecutor.java:32)
com.thoughtworks.gauge.execution.HooksExecutor$TaggedHookExecutor.executeHook(HooksExecutor.java:99)
com.thoughtworks.gauge.execution.HooksExecutor$TaggedHookExecutor.execute(HooksExecutor.java:85)
com.thoughtworks.gauge.execution.HooksExecutor.execute(HooksExecutor.java:42)
com.thoughtworks.gauge.processor.MethodExecutionMessageProcessor.executeHooks(MethodExecutionMessageProcessor.java:54)
com.thoughtworks.gauge.processor.ScenarioExecutionStartingProcessor.process(ScenarioExecutionStartingProcessor.java:26)
com.thoughtworks.gauge.connection.MessageDispatcher.dispatchMessages(MessageDispatcher.java:86)
com.thoughtworks.gauge.GaugeRuntime.main(GaugeRuntime.java:37)
14:49:00.861 Error Message: java.lang.NullPointerException
14:49:00.861 Stacktrace: 
RegisterTest.tearDown(RegisterTest.java:26)
sun.reflect.NativeMethodAccessorImpl.invoke0(Native Method)
sun.reflect.NativeMethodAccessorImpl.invoke(Unknown Source)
sun.reflect.DelegatingMethodAccessorImpl.invoke(Unknown Source)
java.lang.reflect.Method.invoke(Unknown Source)
com.thoughtworks.gauge.execution.MethodExecutor.execute(MethodExecutor.java:32)
com.thoughtworks.gauge.execution.HooksExecutor$TaggedHookExecutor.executeHook(HooksExecutor.java:99)
com.thoughtworks.gauge.execution.HooksExecutor$TaggedHookExecutor.execute(HooksExecutor.java:85)
com.thoughtworks.gauge.execution.HooksExecutor.execute(HooksExecutor.java:42)
com.thoughtworks.gauge.processor.MethodExecutionMessageProcessor.executeHooks(MethodExecutionMessageProcessor.java:54)
com.thoughtworks.gauge.processor.ScenarioExecutionEndingProcessor.process(ScenarioExecutionEndingProcessor.java:26)
com.thoughtworks.gauge.connection.MessageDispatcher.dispatchMessages(MessageDispatcher.java:86)
com.thoughtworks.gauge.GaugeRuntime.main(GaugeRuntime.java:37)
14:49:01.376 Plugin [Html Report] with pid [1884] has exited
14:49:01.677 Specifications:	1 executed	0 passed	1 failed	0 skipped
14:49:01.677 Scenarios:	1 executed	0 passed	1 failed	0 skipped
14:49:01.683 
Total time taken: 51.366s
14:49:31.891 Checking updates...
14:49:38.558 # The Bookery Web App
14:49:38.561 ## Let's simply load the page on our first test
14:50:28.311 Error Message: org.openqa.selenium.WebDriverException: Failed to connect to binary FirefoxBinary(C:\Program Files (x86)\Mozilla Firefox\firefox.exe) on port 7055; process output follows: 
"userDisabled":false,"appDisabled":false,"descriptor":"C:\\Program Files (x86)\\Mozilla Firefox\\browser\\extensions\\{972ce4c6-7e08-4474-a285-3208198ce6fd}.xpi","installDate":1493947423000,"updateDate":1493947423000,"applyBackgroundUpdates":1,"skinnable":true,"size":8207,"sourceURI":null,"releaseNotesURI":null,"softDisabled":false,"foreignInstall":false,"hasBinaryComponents":false,"strictCompatibility":true,"locales":[],"targetApplications":[{"id":"{ec8030f7-c20a-464f-9b0e-13a3a9e97384}","minVersion":"53.0.2","maxVersion":"53.0.2"}],"targetPlatforms":[],"seen":true,"dependencies":[],"hasEmbeddedWebExtension":false,"userPermissions":null}
1494503382977	addons.xpi	DEBUG	getModTime: Recursive scan of {972ce4c6-7e08-4474-a285-3208198ce6fd}
1494503382979	DeferredSave.extensions.json	DEBUG	Save changes
1494503382980	addons.xpi	DEBUG	Updating database with changes to installed add-ons
1494503382980	addons.xpi-utils	DEBUG	Updating add-on states
1494503382982	addons.xpi-utils	DEBUG	Writing add-ons list
1494503382990	addons.xpi	DEBUG	Registering manifest for C:\Program Files (x86)\Mozilla Firefox\browser\features\aushelper@mozilla.org.xpi
1494503382991	addons.xpi	DEBUG	Calling bootstrap method startup on aushelper@mozilla.org version 2.0
1494503382995	addons.xpi	DEBUG	Registering manifest for C:\Program Files (x86)\Mozilla Firefox\browser\features\e10srollout@mozilla.org.xpi
1494503382996	addons.xpi	DEBUG	Calling bootstrap method startup on e10srollout@mozilla.org version 1.14
1494503382998	addons.xpi	DEBUG	Registering manifest for C:\Program Files (x86)\Mozilla Firefox\browser\features\firefox@getpocket.com.xpi
1494503383000	addons.xpi	DEBUG	Calling bootstrap method startup on firefox@getpocket.com version 1.0.5
1494503383001	addons.xpi	DEBUG	Registering manifest for C:\Program Files (x86)\Mozilla Firefox\browser\features\webcompat@mozilla.org.xpi
1494503383003	addons.xpi	DEBUG	Calling bootstrap method startup on webcompat@mozilla.org version 1.0
1494503383007	addons.manager	DEBUG	Registering shutdown blocker for XPIProvider
1494503383008	addons.manager	DEBUG	Provider finished startup: XPIProvider
1494503383008	addons.manager	DEBUG	Starting provider: LightweightThemeManager
1494503383008	addons.manager	DEBUG	Registering shutdown blocker for LightweightThemeManager
1494503383008	addons.manager	DEBUG	Provider finished startup: LightweightThemeManager
1494503383009	addons.manager	DEBUG	Starting provider: GMPProvider
1494503383018	addons.manager	DEBUG	Registering shutdown blocker for GMPProvider
1494503383019	addons.manager	DEBUG	Provider finished startup: GMPProvider
1494503383019	addons.manager	DEBUG	Starting provider: PluginProvider
1494503383019	addons.manager	DEBUG	Registering shutdown blocker for PluginProvider
1494503383019	addons.manager	DEBUG	Provider finished startup: PluginProvider
1494503383020	addons.manager	DEBUG	Completed startup sequence
1494503384718	addons.manager	DEBUG	Starting provider: <unnamed-provider>
1494503384719	addons.manager	DEBUG	Registering shutdown blocker for <unnamed-provider>
1494503384720	addons.manager	DEBUG	Provider finished startup: <unnamed-provider>
1494503384977	DeferredSave.extensions.json	DEBUG	Write succeeded
1494503384977	addons.xpi-utils	DEBUG	XPI Database saved, setting schema version preference to 19
1494503384977	DeferredSave.extensions.json	DEBUG	Starting timer
1494503385001	DeferredSave.extensions.json	DEBUG	Starting write
1494503385005	addons.repository	DEBUG	No addons.json found.
1494503385005	DeferredSave.addons.json	DEBUG	Save changes
1494503385010	DeferredSave.addons.json	DEBUG	Starting timer
1494503385051	addons.manager	DEBUG	Starting provider: PreviousExperimentProvider
1494503385051	addons.manager	DEBUG	Registering shutdown blocker for PreviousExperimentProvider
1494503385052	addons.manager	DEBUG	Provider finished startup: PreviousExperimentProvider
1494503385063	DeferredSave.addons.json	DEBUG	Starting write
1494503385099	DeferredSave.extensions.json	DEBUG	Write succeeded
1494503385121	DeferredSave.addons.json	DEBUG	Write succeeded

Build info: version: '2.53.0', revision: '35ae25b1534ae328c771e0856c93e187490ca824', time: '2016-03-15 10:43:46'
System info: host: 'raresarv-PC', ip: '192.168.56.1', os.name: 'Windows 10', os.arch: 'amd64', os.version: '10.0', java.version: '1.8.0_73'
Driver info: driver.version: FirefoxDriver
14:50:28.311 Stacktrace: 
org.openqa.selenium.firefox.internal.NewProfileExtensionConnection.start(NewProfileExtensionConnection.java:125)
org.openqa.selenium.firefox.FirefoxDriver.startClient(FirefoxDriver.java:271)
org.openqa.selenium.remote.RemoteWebDriver.<init>(RemoteWebDriver.java:119)
org.openqa.selenium.firefox.FirefoxDriver.<init>(FirefoxDriver.java:216)
org.openqa.selenium.firefox.FirefoxDriver.<init>(FirefoxDriver.java:211)
org.openqa.selenium.firefox.FirefoxDriver.<init>(FirefoxDriver.java:207)
org.openqa.selenium.firefox.FirefoxDriver.<init>(FirefoxDriver.java:120)
FirstTest.setup(FirstTest.java:16)
sun.reflect.NativeMethodAccessorImpl.invoke0(Native Method)
sun.reflect.NativeMethodAccessorImpl.invoke(Unknown Source)
sun.reflect.DelegatingMethodAccessorImpl.invoke(Unknown Source)
java.lang.reflect.Method.invoke(Unknown Source)
com.thoughtworks.gauge.execution.MethodExecutor.execute(MethodExecutor.java:32)
com.thoughtworks.gauge.execution.HooksExecutor$TaggedHookExecutor.executeHook(HooksExecutor.java:99)
com.thoughtworks.gauge.execution.HooksExecutor$TaggedHookExecutor.execute(HooksExecutor.java:85)
com.thoughtworks.gauge.execution.HooksExecutor.execute(HooksExecutor.java:42)
com.thoughtworks.gauge.processor.MethodExecutionMessageProcessor.executeHooks(MethodExecutionMessageProcessor.java:54)
com.thoughtworks.gauge.processor.ScenarioExecutionStartingProcessor.process(ScenarioExecutionStartingProcessor.java:26)
com.thoughtworks.gauge.connection.MessageDispatcher.dispatchMessages(MessageDispatcher.java:86)
com.thoughtworks.gauge.GaugeRuntime.main(GaugeRuntime.java:37)
14:50:28.315 Error Message: java.lang.NullPointerException
14:50:28.315 Stacktrace: 
RegisterTest.tearDown(RegisterTest.java:26)
sun.reflect.NativeMethodAccessorImpl.invoke0(Native Method)
sun.reflect.NativeMethodAccessorImpl.invoke(Unknown Source)
sun.reflect.DelegatingMethodAccessorImpl.invoke(Unknown Source)
java.lang.reflect.Method.invoke(Unknown Source)
com.thoughtworks.gauge.execution.MethodExecutor.execute(MethodExecutor.java:32)
com.thoughtworks.gauge.execution.HooksExecutor$TaggedHookExecutor.executeHook(HooksExecutor.java:99)
com.thoughtworks.gauge.execution.HooksExecutor$TaggedHookExecutor.execute(HooksExecutor.java:85)
com.thoughtworks.gauge.execution.HooksExecutor.execute(HooksExecutor.java:42)
com.thoughtworks.gauge.processor.MethodExecutionMessageProcessor.executeHooks(MethodExecutionMessageProcessor.java:54)
com.thoughtworks.gauge.processor.ScenarioExecutionEndingProcessor.process(ScenarioExecutionEndingProcessor.java:26)
com.thoughtworks.gauge.connection.MessageDispatcher.dispatchMessages(MessageDispatcher.java:86)
com.thoughtworks.gauge.GaugeRuntime.main(GaugeRuntime.java:37)
14:50:28.519 Plugin [Html Report] with pid [8500] has exited
14:50:28.820 Specifications:	1 executed	0 passed	1 failed	0 skipped
14:50:28.820 Scenarios:	1 executed	0 passed	1 failed	0 skipped
14:50:28.820 
Total time taken: 49.832s
14:51:18.748 Checking updates...
14:51:24.984 # The Bookery Web App
14:51:24.988 ## Let's simply load the page on our first test
14:52:14.387 Error Message: org.openqa.selenium.WebDriverException: Failed to connect to binary FirefoxBinary(C:\Program Files (x86)\Mozilla Firefox\firefox.exe) on port 7055; process output follows: 
"userDisabled":false,"appDisabled":false,"descriptor":"C:\\Program Files (x86)\\Mozilla Firefox\\browser\\extensions\\{972ce4c6-7e08-4474-a285-3208198ce6fd}.xpi","installDate":1493947423000,"updateDate":1493947423000,"applyBackgroundUpdates":1,"skinnable":true,"size":8207,"sourceURI":null,"releaseNotesURI":null,"softDisabled":false,"foreignInstall":false,"hasBinaryComponents":false,"strictCompatibility":true,"locales":[],"targetApplications":[{"id":"{ec8030f7-c20a-464f-9b0e-13a3a9e97384}","minVersion":"53.0.2","maxVersion":"53.0.2"}],"targetPlatforms":[],"seen":true,"dependencies":[],"hasEmbeddedWebExtension":false,"userPermissions":null}
1494503489113	addons.xpi	DEBUG	getModTime: Recursive scan of {972ce4c6-7e08-4474-a285-3208198ce6fd}
1494503489114	DeferredSave.extensions.json	DEBUG	Save changes
1494503489115	addons.xpi	DEBUG	Updating database with changes to installed add-ons
1494503489115	addons.xpi-utils	DEBUG	Updating add-on states
1494503489116	addons.xpi-utils	DEBUG	Writing add-ons list
1494503489121	addons.xpi	DEBUG	Registering manifest for C:\Program Files (x86)\Mozilla Firefox\browser\features\aushelper@mozilla.org.xpi
1494503489122	addons.xpi	DEBUG	Calling bootstrap method startup on aushelper@mozilla.org version 2.0
1494503489124	addons.xpi	DEBUG	Registering manifest for C:\Program Files (x86)\Mozilla Firefox\browser\features\e10srollout@mozilla.org.xpi
1494503489125	addons.xpi	DEBUG	Calling bootstrap method startup on e10srollout@mozilla.org version 1.14
1494503489126	addons.xpi	DEBUG	Registering manifest for C:\Program Files (x86)\Mozilla Firefox\browser\features\firefox@getpocket.com.xpi
1494503489127	addons.xpi	DEBUG	Calling bootstrap method startup on firefox@getpocket.com version 1.0.5
1494503489129	addons.xpi	DEBUG	Registering manifest for C:\Program Files (x86)\Mozilla Firefox\browser\features\webcompat@mozilla.org.xpi
1494503489130	addons.xpi	DEBUG	Calling bootstrap method startup on webcompat@mozilla.org version 1.0
1494503489134	addons.manager	DEBUG	Registering shutdown blocker for XPIProvider
1494503489135	addons.manager	DEBUG	Provider finished startup: XPIProvider
1494503489135	addons.manager	DEBUG	Starting provider: LightweightThemeManager
1494503489135	addons.manager	DEBUG	Registering shutdown blocker for LightweightThemeManager
1494503489135	addons.manager	DEBUG	Provider finished startup: LightweightThemeManager
1494503489136	addons.manager	DEBUG	Starting provider: GMPProvider
1494503489146	addons.manager	DEBUG	Registering shutdown blocker for GMPProvider
1494503489146	addons.manager	DEBUG	Provider finished startup: GMPProvider
1494503489147	addons.manager	DEBUG	Starting provider: PluginProvider
1494503489147	addons.manager	DEBUG	Registering shutdown blocker for PluginProvider
1494503489148	addons.manager	DEBUG	Provider finished startup: PluginProvider
1494503489148	addons.manager	DEBUG	Completed startup sequence
1494503491020	addons.manager	DEBUG	Starting provider: <unnamed-provider>
1494503491020	addons.manager	DEBUG	Registering shutdown blocker for <unnamed-provider>
1494503491021	addons.manager	DEBUG	Provider finished startup: <unnamed-provider>
1494503491283	DeferredSave.extensions.json	DEBUG	Write succeeded
1494503491284	addons.xpi-utils	DEBUG	XPI Database saved, setting schema version preference to 19
1494503491284	DeferredSave.extensions.json	DEBUG	Starting timer
1494503491306	addons.repository	DEBUG	No addons.json found.
1494503491307	DeferredSave.addons.json	DEBUG	Save changes
1494503491312	DeferredSave.addons.json	DEBUG	Starting timer
1494503491356	addons.manager	DEBUG	Starting provider: PreviousExperimentProvider
1494503491356	addons.manager	DEBUG	Registering shutdown blocker for PreviousExperimentProvider
1494503491356	addons.manager	DEBUG	Provider finished startup: PreviousExperimentProvider
1494503491359	DeferredSave.extensions.json	DEBUG	Starting write
1494503491370	DeferredSave.addons.json	DEBUG	Starting write
1494503491393	DeferredSave.extensions.json	DEBUG	Write succeeded
1494503491415	DeferredSave.addons.json	DEBUG	Write succeeded

Build info: version: '2.53.0', revision: '35ae25b1534ae328c771e0856c93e187490ca824', time: '2016-03-15 10:43:46'
System info: host: 'raresarv-PC', ip: '192.168.56.1', os.name: 'Windows 10', os.arch: 'amd64', os.version: '10.0', java.version: '1.8.0_73'
Driver info: driver.version: FirefoxDriver
14:52:14.387 Stacktrace: 
org.openqa.selenium.firefox.internal.NewProfileExtensionConnection.start(NewProfileExtensionConnection.java:125)
org.openqa.selenium.firefox.FirefoxDriver.startClient(FirefoxDriver.java:271)
org.openqa.selenium.remote.RemoteWebDriver.<init>(RemoteWebDriver.java:119)
org.openqa.selenium.firefox.FirefoxDriver.<init>(FirefoxDriver.java:216)
org.openqa.selenium.firefox.FirefoxDriver.<init>(FirefoxDriver.java:211)
org.openqa.selenium.firefox.FirefoxDriver.<init>(FirefoxDriver.java:207)
org.openqa.selenium.firefox.FirefoxDriver.<init>(FirefoxDriver.java:120)
FirstTest.setup(FirstTest.java:16)
sun.reflect.NativeMethodAccessorImpl.invoke0(Native Method)
sun.reflect.NativeMethodAccessorImpl.invoke(Unknown Source)
sun.reflect.DelegatingMethodAccessorImpl.invoke(Unknown Source)
java.lang.reflect.Method.invoke(Unknown Source)
com.thoughtworks.gauge.execution.MethodExecutor.execute(MethodExecutor.java:32)
com.thoughtworks.gauge.execution.HooksExecutor$TaggedHookExecutor.executeHook(HooksExecutor.java:99)
com.thoughtworks.gauge.execution.HooksExecutor$TaggedHookExecutor.execute(HooksExecutor.java:85)
com.thoughtworks.gauge.execution.HooksExecutor.execute(HooksExecutor.java:42)
com.thoughtworks.gauge.processor.MethodExecutionMessageProcessor.executeHooks(MethodExecutionMessageProcessor.java:54)
com.thoughtworks.gauge.processor.ScenarioExecutionStartingProcessor.process(ScenarioExecutionStartingProcessor.java:26)
com.thoughtworks.gauge.connection.MessageDispatcher.dispatchMessages(MessageDispatcher.java:86)
com.thoughtworks.gauge.GaugeRuntime.main(GaugeRuntime.java:37)
14:52:14.392 Error Message: java.lang.NullPointerException
14:52:14.392 Stacktrace: 
RegisterTest.tearDown(RegisterTest.java:26)
sun.reflect.NativeMethodAccessorImpl.invoke0(Native Method)
sun.reflect.NativeMethodAccessorImpl.invoke(Unknown Source)
sun.reflect.DelegatingMethodAccessorImpl.invoke(Unknown Source)
java.lang.reflect.Method.invoke(Unknown Source)
com.thoughtworks.gauge.execution.MethodExecutor.execute(MethodExecutor.java:32)
com.thoughtworks.gauge.execution.HooksExecutor$TaggedHookExecutor.executeHook(HooksExecutor.java:99)
com.thoughtworks.gauge.execution.HooksExecutor$TaggedHookExecutor.execute(HooksExecutor.java:85)
com.thoughtworks.gauge.execution.HooksExecutor.execute(HooksExecutor.java:42)
com.thoughtworks.gauge.processor.MethodExecutionMessageProcessor.executeHooks(MethodExecutionMessageProcessor.java:54)
com.thoughtworks.gauge.processor.ScenarioExecutionEndingProcessor.process(ScenarioExecutionEndingProcessor.java:26)
com.thoughtworks.gauge.connection.MessageDispatcher.dispatchMessages(MessageDispatcher.java:86)
com.thoughtworks.gauge.GaugeRuntime.main(GaugeRuntime.java:37)
14:52:14.595 Plugin [Html Report] with pid [8008] has exited
14:52:14.797 Specifications:	1 executed	0 passed	1 failed	0 skipped
14:52:14.797 Scenarios:	1 executed	0 passed	1 failed	0 skipped
14:52:14.797 
Total time taken: 49.478s
14:55:10.934 Checking updates...
14:55:17.571 # The Bookery Web App
14:55:17.575 ## Let's simply load the page on our first test
14:56:11.250 Error Message: org.openqa.selenium.WebDriverException: Failed to connect to binary FirefoxBinary(C:\Program Files (x86)\Mozilla Firefox\firefox.exe) on port 7055; process output follows: 
stallDate":1493947423000,"updateDate":1493947423000,"applyBackgroundUpdates":1,"skinnable":true,"size":8207,"sourceURI":null,"releaseNotesURI":null,"softDisabled":false,"foreignInstall":false,"hasBinaryComponents":false,"strictCompatibility":true,"locales":[],"targetApplications":[{"id":"{ec8030f7-c20a-464f-9b0e-13a3a9e97384}","minVersion":"53.0.2","maxVersion":"53.0.2"}],"targetPlatforms":[],"seen":true,"dependencies":[],"hasEmbeddedWebExtension":false,"userPermissions":null}
1494503721983	addons.xpi	DEBUG	getModTime: Recursive scan of {972ce4c6-7e08-4474-a285-3208198ce6fd}
1494503721985	DeferredSave.extensions.json	DEBUG	Save changes
1494503721985	addons.xpi	DEBUG	Updating database with changes to installed add-ons
1494503721985	addons.xpi-utils	DEBUG	Updating add-on states
1494503721986	addons.xpi-utils	DEBUG	Writing add-ons list
1494503721991	addons.xpi	DEBUG	Registering manifest for C:\Program Files (x86)\Mozilla Firefox\browser\features\aushelper@mozilla.org.xpi
1494503721992	addons.xpi	DEBUG	Calling bootstrap method startup on aushelper@mozilla.org version 2.0
1494503721994	addons.xpi	DEBUG	Registering manifest for C:\Program Files (x86)\Mozilla Firefox\browser\features\e10srollout@mozilla.org.xpi
1494503721995	addons.xpi	DEBUG	Calling bootstrap method startup on e10srollout@mozilla.org version 1.14
1494503721996	addons.xpi	DEBUG	Registering manifest for C:\Program Files (x86)\Mozilla Firefox\browser\features\firefox@getpocket.com.xpi
1494503721997	addons.xpi	DEBUG	Calling bootstrap method startup on firefox@getpocket.com version 1.0.5
1494503721998	addons.xpi	DEBUG	Registering manifest for C:\Program Files (x86)\Mozilla Firefox\browser\features\webcompat@mozilla.org.xpi
1494503722000	addons.xpi	DEBUG	Calling bootstrap method startup on webcompat@mozilla.org version 1.0
1494503722004	addons.manager	DEBUG	Registering shutdown blocker for XPIProvider
1494503722005	addons.manager	DEBUG	Provider finished startup: XPIProvider
1494503722005	addons.manager	DEBUG	Starting provider: LightweightThemeManager
1494503722005	addons.manager	DEBUG	Registering shutdown blocker for LightweightThemeManager
1494503722005	addons.manager	DEBUG	Provider finished startup: LightweightThemeManager
1494503722006	addons.manager	DEBUG	Starting provider: GMPProvider
1494503722012	addons.manager	DEBUG	Registering shutdown blocker for GMPProvider
1494503722013	addons.manager	DEBUG	Provider finished startup: GMPProvider
1494503722013	addons.manager	DEBUG	Starting provider: PluginProvider
1494503722013	addons.manager	DEBUG	Registering shutdown blocker for PluginProvider
1494503722014	addons.manager	DEBUG	Provider finished startup: PluginProvider
1494503722014	addons.manager	DEBUG	Completed startup sequence
1494503724330	addons.manager	DEBUG	Starting provider: <unnamed-provider>
1494503724331	addons.manager	DEBUG	Registering shutdown blocker for <unnamed-provider>
1494503724331	addons.manager	DEBUG	Provider finished startup: <unnamed-provider>
1494503724729	DeferredSave.extensions.json	DEBUG	Write succeeded
1494503724729	addons.xpi-utils	DEBUG	XPI Database saved, setting schema version preference to 19
1494503724729	DeferredSave.extensions.json	DEBUG	Starting timer
1494503724752	DeferredSave.extensions.json	DEBUG	Starting write
1494503724796	addons.repository	DEBUG	No addons.json found.
1494503724797	DeferredSave.addons.json	DEBUG	Save changes
1494503724804	DeferredSave.addons.json	DEBUG	Starting timer
1494503724873	addons.manager	DEBUG	Starting provider: PreviousExperimentProvider
1494503724873	addons.manager	DEBUG	Registering shutdown blocker for PreviousExperimentProvider
1494503724873	addons.manager	DEBUG	Provider finished startup: PreviousExperimentProvider
1494503724878	DeferredSave.addons.json	DEBUG	Starting write
1494503724897	DeferredSave.extensions.json	DEBUG	Write succeeded
1494503724926	DeferredSave.addons.json	DEBUG	Write succeeded
[GPU 6208] WARNING: pipe error: 109: file c:/builds/moz2_slave/m-rel-w32-00000000000000000000/build/src/ipc/chromium/src/chrome/common/ipc_channel_win.cc, line 346

Build info: version: '2.53.0', revision: '35ae25b1534ae328c771e0856c93e187490ca824', time: '2016-03-15 10:43:46'
System info: host: 'raresarv-PC', ip: '192.168.56.1', os.name: 'Windows 10', os.arch: 'amd64', os.version: '10.0', java.version: '1.8.0_73'
Driver info: driver.version: FirefoxDriver
14:56:11.250 Stacktrace: 
org.openqa.selenium.firefox.internal.NewProfileExtensionConnection.start(NewProfileExtensionConnection.java:125)
org.openqa.selenium.firefox.FirefoxDriver.startClient(FirefoxDriver.java:271)
org.openqa.selenium.remote.RemoteWebDriver.<init>(RemoteWebDriver.java:119)
org.openqa.selenium.firefox.FirefoxDriver.<init>(FirefoxDriver.java:216)
org.openqa.selenium.firefox.FirefoxDriver.<init>(FirefoxDriver.java:211)
org.openqa.selenium.firefox.FirefoxDriver.<init>(FirefoxDriver.java:207)
org.openqa.selenium.firefox.FirefoxDriver.<init>(FirefoxDriver.java:120)
FirstTest.setup(FirstTest.java:16)
sun.reflect.NativeMethodAccessorImpl.invoke0(Native Method)
sun.reflect.NativeMethodAccessorImpl.invoke(Unknown Source)
sun.reflect.DelegatingMethodAccessorImpl.invoke(Unknown Source)
java.lang.reflect.Method.invoke(Unknown Source)
com.thoughtworks.gauge.execution.MethodExecutor.execute(MethodExecutor.java:32)
com.thoughtworks.gauge.execution.HooksExecutor$TaggedHookExecutor.executeHook(HooksExecutor.java:99)
com.thoughtworks.gauge.execution.HooksExecutor$TaggedHookExecutor.execute(HooksExecutor.java:85)
com.thoughtworks.gauge.execution.HooksExecutor.execute(HooksExecutor.java:42)
com.thoughtworks.gauge.processor.MethodExecutionMessageProcessor.executeHooks(MethodExecutionMessageProcessor.java:54)
com.thoughtworks.gauge.processor.ScenarioExecutionStartingProcessor.process(ScenarioExecutionStartingProcessor.java:26)
com.thoughtworks.gauge.connection.MessageDispatcher.dispatchMessages(MessageDispatcher.java:86)
com.thoughtworks.gauge.GaugeRuntime.main(GaugeRuntime.java:37)
14:56:11.255 Error Message: java.lang.NullPointerException
14:56:11.255 Stacktrace: 
RegisterTest.tearDown(RegisterTest.java:26)
sun.reflect.NativeMethodAccessorImpl.invoke0(Native Method)
sun.reflect.NativeMethodAccessorImpl.invoke(Unknown Source)
sun.reflect.DelegatingMethodAccessorImpl.invoke(Unknown Source)
java.lang.reflect.Method.invoke(Unknown Source)
com.thoughtworks.gauge.execution.MethodExecutor.execute(MethodExecutor.java:32)
com.thoughtworks.gauge.execution.HooksExecutor$TaggedHookExecutor.executeHook(HooksExecutor.java:99)
com.thoughtworks.gauge.execution.HooksExecutor$TaggedHookExecutor.execute(HooksExecutor.java:85)
com.thoughtworks.gauge.execution.HooksExecutor.execute(HooksExecutor.java:42)
com.thoughtworks.gauge.processor.MethodExecutionMessageProcessor.executeHooks(MethodExecutionMessageProcessor.java:54)
com.thoughtworks.gauge.processor.ScenarioExecutionEndingProcessor.process(ScenarioExecutionEndingProcessor.java:26)
com.thoughtworks.gauge.connection.MessageDispatcher.dispatchMessages(MessageDispatcher.java:86)
com.thoughtworks.gauge.GaugeRuntime.main(GaugeRuntime.java:37)
14:56:12.797 Plugin [Html Report] with pid [10016] has exited
14:56:13.199 Specifications:	1 executed	0 passed	1 failed	0 skipped
14:56:13.199 Scenarios:	1 executed	0 passed	1 failed	0 skipped
14:56:13.219 
Total time taken: 53.807s
14:58:48.460 Checking updates...
14:58:55.212 # The Bookery Web App
14:58:55.217 ## Let's simply load the page on our first test
14:58:56.254 Error Message: org.openqa.selenium.WebDriverException: Specified firefox binary location does not exist or is not a real file: \usr\local\bin\firefox
Build info: version: '2.53.0', revision: '35ae25b1534ae328c771e0856c93e187490ca824', time: '2016-03-15 10:43:46'
System info: host: 'raresarv-PC', ip: '192.168.56.1', os.name: 'Windows 10', os.arch: 'amd64', os.version: '10.0', java.version: '1.8.0_73'
Driver info: driver.version: unknown
14:58:56.254 Stacktrace: 
org.openqa.selenium.firefox.internal.Executable.<init>(Executable.java:59)
org.openqa.selenium.firefox.FirefoxBinary.<init>(FirefoxBinary.java:60)
FirstTest.setup(FirstTest.java:19)
sun.reflect.NativeMethodAccessorImpl.invoke0(Native Method)
sun.reflect.NativeMethodAccessorImpl.invoke(Unknown Source)
sun.reflect.DelegatingMethodAccessorImpl.invoke(Unknown Source)
java.lang.reflect.Method.invoke(Unknown Source)
com.thoughtworks.gauge.execution.MethodExecutor.execute(MethodExecutor.java:32)
com.thoughtworks.gauge.execution.HooksExecutor$TaggedHookExecutor.executeHook(HooksExecutor.java:99)
com.thoughtworks.gauge.execution.HooksExecutor$TaggedHookExecutor.execute(HooksExecutor.java:85)
com.thoughtworks.gauge.execution.HooksExecutor.execute(HooksExecutor.java:42)
com.thoughtworks.gauge.processor.MethodExecutionMessageProcessor.executeHooks(MethodExecutionMessageProcessor.java:54)
com.thoughtworks.gauge.processor.ScenarioExecutionStartingProcessor.process(ScenarioExecutionStartingProcessor.java:26)
com.thoughtworks.gauge.connection.MessageDispatcher.dispatchMessages(MessageDispatcher.java:86)
com.thoughtworks.gauge.GaugeRuntime.main(GaugeRuntime.java:37)
14:58:56.254 Error Message: java.lang.NullPointerException
14:58:56.254 Stacktrace: 
RegisterTest.tearDown(RegisterTest.java:26)
sun.reflect.NativeMethodAccessorImpl.invoke0(Native Method)
sun.reflect.NativeMethodAccessorImpl.invoke(Unknown Source)
sun.reflect.DelegatingMethodAccessorImpl.invoke(Unknown Source)
java.lang.reflect.Method.invoke(Unknown Source)
com.thoughtworks.gauge.execution.MethodExecutor.execute(MethodExecutor.java:32)
com.thoughtworks.gauge.execution.HooksExecutor$TaggedHookExecutor.executeHook(HooksExecutor.java:99)
com.thoughtworks.gauge.execution.HooksExecutor$TaggedHookExecutor.execute(HooksExecutor.java:85)
com.thoughtworks.gauge.execution.HooksExecutor.execute(HooksExecutor.java:42)
com.thoughtworks.gauge.processor.MethodExecutionMessageProcessor.executeHooks(MethodExecutionMessageProcessor.java:54)
com.thoughtworks.gauge.processor.ScenarioExecutionEndingProcessor.process(ScenarioExecutionEndingProcessor.java:26)
com.thoughtworks.gauge.connection.MessageDispatcher.dispatchMessages(MessageDispatcher.java:86)
com.thoughtworks.gauge.GaugeRuntime.main(GaugeRuntime.java:37)
14:58:56.361 Plugin [Html Report] with pid [2244] has exited
14:58:56.561 Specifications:	1 executed	0 passed	1 failed	0 skipped
14:58:56.561 Scenarios:	1 executed	0 passed	1 failed	0 skipped
14:58:56.561 
Total time taken: 1.128s
14:59:41.102 Checking updates...
14:59:47.425 # The Bookery Web App
14:59:47.429 ## Let's simply load the page on our first test
15:01:34.253 Checking updates...
15:01:40.324 # The Bookery Web App
15:01:40.327 ## Let's simply load the page on our first test
15:02:29.917 Error Message: org.openqa.selenium.WebDriverException: Failed to connect to binary FirefoxBinary(C:\Program Files (x86)\Mozilla Firefox\firefox.exe) on port 7055; process output follows: 
stallDate":1493947423000,"updateDate":1493947423000,"applyBackgroundUpdates":1,"skinnable":true,"size":8207,"sourceURI":null,"releaseNotesURI":null,"softDisabled":false,"foreignInstall":false,"hasBinaryComponents":false,"strictCompatibility":true,"locales":[],"targetApplications":[{"id":"{ec8030f7-c20a-464f-9b0e-13a3a9e97384}","minVersion":"53.0.2","maxVersion":"53.0.2"}],"targetPlatforms":[],"seen":true,"dependencies":[],"hasEmbeddedWebExtension":false,"userPermissions":null}
1494504104671	addons.xpi	DEBUG	getModTime: Recursive scan of {972ce4c6-7e08-4474-a285-3208198ce6fd}
1494504104672	DeferredSave.extensions.json	DEBUG	Save changes
1494504104672	addons.xpi	DEBUG	Updating database with changes to installed add-ons
1494504104672	addons.xpi-utils	DEBUG	Updating add-on states
1494504104673	addons.xpi-utils	DEBUG	Writing add-ons list
1494504104679	addons.xpi	DEBUG	Registering manifest for C:\Program Files (x86)\Mozilla Firefox\browser\features\aushelper@mozilla.org.xpi
1494504104679	addons.xpi	DEBUG	Calling bootstrap method startup on aushelper@mozilla.org version 2.0
1494504104682	addons.xpi	DEBUG	Registering manifest for C:\Program Files (x86)\Mozilla Firefox\browser\features\e10srollout@mozilla.org.xpi
1494504104683	addons.xpi	DEBUG	Calling bootstrap method startup on e10srollout@mozilla.org version 1.14
1494504104684	addons.xpi	DEBUG	Registering manifest for C:\Program Files (x86)\Mozilla Firefox\browser\features\firefox@getpocket.com.xpi
1494504104685	addons.xpi	DEBUG	Calling bootstrap method startup on firefox@getpocket.com version 1.0.5
1494504104686	addons.xpi	DEBUG	Registering manifest for C:\Program Files (x86)\Mozilla Firefox\browser\features\webcompat@mozilla.org.xpi
1494504104687	addons.xpi	DEBUG	Calling bootstrap method startup on webcompat@mozilla.org version 1.0
1494504104691	addons.manager	DEBUG	Registering shutdown blocker for XPIProvider
1494504104692	addons.manager	DEBUG	Provider finished startup: XPIProvider
1494504104692	addons.manager	DEBUG	Starting provider: LightweightThemeManager
1494504104692	addons.manager	DEBUG	Registering shutdown blocker for LightweightThemeManager
1494504104692	addons.manager	DEBUG	Provider finished startup: LightweightThemeManager
1494504104693	addons.manager	DEBUG	Starting provider: GMPProvider
1494504104700	addons.manager	DEBUG	Registering shutdown blocker for GMPProvider
1494504104700	addons.manager	DEBUG	Provider finished startup: GMPProvider
1494504104700	addons.manager	DEBUG	Starting provider: PluginProvider
1494504104701	addons.manager	DEBUG	Registering shutdown blocker for PluginProvider
1494504104701	addons.manager	DEBUG	Provider finished startup: PluginProvider
1494504104701	addons.manager	DEBUG	Completed startup sequence
1494504106414	addons.manager	DEBUG	Starting provider: <unnamed-provider>
1494504106414	addons.manager	DEBUG	Registering shutdown blocker for <unnamed-provider>
1494504106415	addons.manager	DEBUG	Provider finished startup: <unnamed-provider>
1494504106685	DeferredSave.extensions.json	DEBUG	Write succeeded
1494504106685	addons.xpi-utils	DEBUG	XPI Database saved, setting schema version preference to 19
1494504106685	DeferredSave.extensions.json	DEBUG	Starting timer
1494504106710	DeferredSave.extensions.json	DEBUG	Starting write
1494504106712	addons.repository	DEBUG	No addons.json found.
1494504106713	DeferredSave.addons.json	DEBUG	Save changes
1494504106716	DeferredSave.addons.json	DEBUG	Starting timer
1494504106753	addons.manager	DEBUG	Starting provider: PreviousExperimentProvider
1494504106753	addons.manager	DEBUG	Registering shutdown blocker for PreviousExperimentProvider
1494504106753	addons.manager	DEBUG	Provider finished startup: PreviousExperimentProvider
1494504106767	DeferredSave.addons.json	DEBUG	Starting write
1494504106784	DeferredSave.extensions.json	DEBUG	Write succeeded
1494504106820	DeferredSave.addons.json	DEBUG	Write succeeded
[GPU 5892] WARNING: pipe error: 109: file c:/builds/moz2_slave/m-rel-w32-00000000000000000000/build/src/ipc/chromium/src/chrome/common/ipc_channel_win.cc, line 346

Build info: version: '2.53.0', revision: '35ae25b1534ae328c771e0856c93e187490ca824', time: '2016-03-15 10:43:46'
System info: host: 'raresarv-PC', ip: '192.168.56.1', os.name: 'Windows 10', os.arch: 'amd64', os.version: '10.0', java.version: '1.8.0_73'
Driver info: driver.version: FirefoxDriver
15:02:29.917 Stacktrace: 
org.openqa.selenium.firefox.internal.NewProfileExtensionConnection.start(NewProfileExtensionConnection.java:125)
org.openqa.selenium.firefox.FirefoxDriver.startClient(FirefoxDriver.java:271)
org.openqa.selenium.remote.RemoteWebDriver.<init>(RemoteWebDriver.java:119)
org.openqa.selenium.firefox.FirefoxDriver.<init>(FirefoxDriver.java:216)
org.openqa.selenium.firefox.FirefoxDriver.<init>(FirefoxDriver.java:211)
org.openqa.selenium.firefox.FirefoxDriver.<init>(FirefoxDriver.java:207)
org.openqa.selenium.firefox.FirefoxDriver.<init>(FirefoxDriver.java:120)
FirstTest.setup(FirstTest.java:17)
sun.reflect.NativeMethodAccessorImpl.invoke0(Native Method)
sun.reflect.NativeMethodAccessorImpl.invoke(Unknown Source)
sun.reflect.DelegatingMethodAccessorImpl.invoke(Unknown Source)
java.lang.reflect.Method.invoke(Unknown Source)
com.thoughtworks.gauge.execution.MethodExecutor.execute(MethodExecutor.java:32)
com.thoughtworks.gauge.execution.HooksExecutor$TaggedHookExecutor.executeHook(HooksExecutor.java:99)
com.thoughtworks.gauge.execution.HooksExecutor$TaggedHookExecutor.execute(HooksExecutor.java:85)
com.thoughtworks.gauge.execution.HooksExecutor.execute(HooksExecutor.java:42)
com.thoughtworks.gauge.processor.MethodExecutionMessageProcessor.executeHooks(MethodExecutionMessageProcessor.java:54)
com.thoughtworks.gauge.processor.ScenarioExecutionStartingProcessor.process(ScenarioExecutionStartingProcessor.java:26)
com.thoughtworks.gauge.connection.MessageDispatcher.dispatchMessages(MessageDispatcher.java:86)
com.thoughtworks.gauge.GaugeRuntime.main(GaugeRuntime.java:37)
15:02:29.919 Error Message: java.lang.NullPointerException
15:02:29.919 Stacktrace: 
RegisterTest.tearDown(RegisterTest.java:26)
sun.reflect.NativeMethodAccessorImpl.invoke0(Native Method)
sun.reflect.NativeMethodAccessorImpl.invoke(Unknown Source)
sun.reflect.DelegatingMethodAccessorImpl.invoke(Unknown Source)
java.lang.reflect.Method.invoke(Unknown Source)
com.thoughtworks.gauge.execution.MethodExecutor.execute(MethodExecutor.java:32)
com.thoughtworks.gauge.execution.HooksExecutor$TaggedHookExecutor.executeHook(HooksExecutor.java:99)
com.thoughtworks.gauge.execution.HooksExecutor$TaggedHookExecutor.execute(HooksExecutor.java:85)
com.thoughtworks.gauge.execution.HooksExecutor.execute(HooksExecutor.java:42)
com.thoughtworks.gauge.processor.MethodExecutionMessageProcessor.executeHooks(MethodExecutionMessageProcessor.java:54)
com.thoughtworks.gauge.processor.ScenarioExecutionEndingProcessor.process(ScenarioExecutionEndingProcessor.java:26)
com.thoughtworks.gauge.connection.MessageDispatcher.dispatchMessages(MessageDispatcher.java:86)
com.thoughtworks.gauge.GaugeRuntime.main(GaugeRuntime.java:37)
15:02:30.223 Plugin [Html Report] with pid [1428] has exited
15:02:30.423 Specifications:	1 executed	0 passed	1 failed	0 skipped
15:02:30.423 Scenarios:	1 executed	0 passed	1 failed	0 skipped
15:02:30.423 
Total time taken: 49.667s
15:03:09.279 Checking updates...
15:03:40.301 Checking updates...
15:03:46.450 # The Bookery Web App
15:03:46.454 ## Let's simply load the page on our first test
15:04:35.842 Error Message: org.openqa.selenium.WebDriverException: Failed to connect to binary FirefoxBinary(C:\Program Files (x86)\Mozilla Firefox\firefox.exe) on port 7055; process output follows: 
stallDate":1493947423000,"updateDate":1493947423000,"applyBackgroundUpdates":1,"skinnable":true,"size":8207,"sourceURI":null,"releaseNotesURI":null,"softDisabled":false,"foreignInstall":false,"hasBinaryComponents":false,"strictCompatibility":true,"locales":[],"targetApplications":[{"id":"{ec8030f7-c20a-464f-9b0e-13a3a9e97384}","minVersion":"53.0.2","maxVersion":"53.0.2"}],"targetPlatforms":[],"seen":true,"dependencies":[],"hasEmbeddedWebExtension":false,"userPermissions":null}
1494504230564	addons.xpi	DEBUG	getModTime: Recursive scan of {972ce4c6-7e08-4474-a285-3208198ce6fd}
1494504230565	DeferredSave.extensions.json	DEBUG	Save changes
1494504230565	addons.xpi	DEBUG	Updating database with changes to installed add-ons
1494504230565	addons.xpi-utils	DEBUG	Updating add-on states
1494504230566	addons.xpi-utils	DEBUG	Writing add-ons list
1494504230575	addons.xpi	DEBUG	Registering manifest for C:\Program Files (x86)\Mozilla Firefox\browser\features\aushelper@mozilla.org.xpi
1494504230576	addons.xpi	DEBUG	Calling bootstrap method startup on aushelper@mozilla.org version 2.0
1494504230578	addons.xpi	DEBUG	Registering manifest for C:\Program Files (x86)\Mozilla Firefox\browser\features\e10srollout@mozilla.org.xpi
1494504230579	addons.xpi	DEBUG	Calling bootstrap method startup on e10srollout@mozilla.org version 1.14
1494504230580	addons.xpi	DEBUG	Registering manifest for C:\Program Files (x86)\Mozilla Firefox\browser\features\firefox@getpocket.com.xpi
1494504230581	addons.xpi	DEBUG	Calling bootstrap method startup on firefox@getpocket.com version 1.0.5
1494504230582	addons.xpi	DEBUG	Registering manifest for C:\Program Files (x86)\Mozilla Firefox\browser\features\webcompat@mozilla.org.xpi
1494504230584	addons.xpi	DEBUG	Calling bootstrap method startup on webcompat@mozilla.org version 1.0
1494504230588	addons.manager	DEBUG	Registering shutdown blocker for XPIProvider
1494504230589	addons.manager	DEBUG	Provider finished startup: XPIProvider
1494504230589	addons.manager	DEBUG	Starting provider: LightweightThemeManager
1494504230589	addons.manager	DEBUG	Registering shutdown blocker for LightweightThemeManager
1494504230589	addons.manager	DEBUG	Provider finished startup: LightweightThemeManager
1494504230590	addons.manager	DEBUG	Starting provider: GMPProvider
1494504230596	addons.manager	DEBUG	Registering shutdown blocker for GMPProvider
1494504230597	addons.manager	DEBUG	Provider finished startup: GMPProvider
1494504230597	addons.manager	DEBUG	Starting provider: PluginProvider
1494504230597	addons.manager	DEBUG	Registering shutdown blocker for PluginProvider
1494504230597	addons.manager	DEBUG	Provider finished startup: PluginProvider
1494504230598	addons.manager	DEBUG	Completed startup sequence
1494504232198	addons.manager	DEBUG	Starting provider: <unnamed-provider>
1494504232198	addons.manager	DEBUG	Registering shutdown blocker for <unnamed-provider>
1494504232199	addons.manager	DEBUG	Provider finished startup: <unnamed-provider>
1494504232455	DeferredSave.extensions.json	DEBUG	Write succeeded
1494504232456	addons.xpi-utils	DEBUG	XPI Database saved, setting schema version preference to 19
1494504232456	DeferredSave.extensions.json	DEBUG	Starting timer
1494504232477	addons.repository	DEBUG	No addons.json found.
1494504232477	DeferredSave.addons.json	DEBUG	Save changes
1494504232481	DeferredSave.addons.json	DEBUG	Starting timer
1494504232522	addons.manager	DEBUG	Starting provider: PreviousExperimentProvider
1494504232522	addons.manager	DEBUG	Registering shutdown blocker for PreviousExperimentProvider
1494504232523	addons.manager	DEBUG	Provider finished startup: PreviousExperimentProvider
1494504232525	DeferredSave.extensions.json	DEBUG	Starting write
1494504232536	DeferredSave.addons.json	DEBUG	Starting write
1494504232561	DeferredSave.extensions.json	DEBUG	Write succeeded
1494504232572	DeferredSave.addons.json	DEBUG	Write succeeded
[GPU 5684] WARNING: pipe error: 109: file c:/builds/moz2_slave/m-rel-w32-00000000000000000000/build/src/ipc/chromium/src/chrome/common/ipc_channel_win.cc, line 346

Build info: version: '2.53.0', revision: '35ae25b1534ae328c771e0856c93e187490ca824', time: '2016-03-15 10:43:46'
System info: host: 'raresarv-PC', ip: '192.168.56.1', os.name: 'Windows 10', os.arch: 'amd64', os.version: '10.0', java.version: '1.8.0_73'
Driver info: driver.version: FirefoxDriver
15:04:35.842 Stacktrace: 
org.openqa.selenium.firefox.internal.NewProfileExtensionConnection.start(NewProfileExtensionConnection.java:125)
org.openqa.selenium.firefox.FirefoxDriver.startClient(FirefoxDriver.java:271)
org.openqa.selenium.remote.RemoteWebDriver.<init>(RemoteWebDriver.java:119)
org.openqa.selenium.firefox.FirefoxDriver.<init>(FirefoxDriver.java:216)
org.openqa.selenium.firefox.FirefoxDriver.<init>(FirefoxDriver.java:211)
org.openqa.selenium.firefox.FirefoxDriver.<init>(FirefoxDriver.java:207)
org.openqa.selenium.firefox.FirefoxDriver.<init>(FirefoxDriver.java:120)
RegisterTest.setup(RegisterTest.java:19)
sun.reflect.NativeMethodAccessorImpl.invoke0(Native Method)
sun.reflect.NativeMethodAccessorImpl.invoke(Unknown Source)
sun.reflect.DelegatingMethodAccessorImpl.invoke(Unknown Source)
java.lang.reflect.Method.invoke(Unknown Source)
com.thoughtworks.gauge.execution.MethodExecutor.execute(MethodExecutor.java:32)
com.thoughtworks.gauge.execution.HooksExecutor$TaggedHookExecutor.executeHook(HooksExecutor.java:99)
com.thoughtworks.gauge.execution.HooksExecutor$TaggedHookExecutor.execute(HooksExecutor.java:85)
com.thoughtworks.gauge.execution.HooksExecutor.execute(HooksExecutor.java:42)
com.thoughtworks.gauge.processor.MethodExecutionMessageProcessor.executeHooks(MethodExecutionMessageProcessor.java:54)
com.thoughtworks.gauge.processor.ScenarioExecutionStartingProcessor.process(ScenarioExecutionStartingProcessor.java:26)
com.thoughtworks.gauge.connection.MessageDispatcher.dispatchMessages(MessageDispatcher.java:86)
com.thoughtworks.gauge.GaugeRuntime.main(GaugeRuntime.java:37)
15:04:35.846 Error Message: java.lang.NullPointerException
15:04:35.846 Stacktrace: 
FirstTest.tearDown(FirstTest.java:57)
sun.reflect.NativeMethodAccessorImpl.invoke0(Native Method)
sun.reflect.NativeMethodAccessorImpl.invoke(Unknown Source)
sun.reflect.DelegatingMethodAccessorImpl.invoke(Unknown Source)
java.lang.reflect.Method.invoke(Unknown Source)
com.thoughtworks.gauge.execution.MethodExecutor.execute(MethodExecutor.java:32)
com.thoughtworks.gauge.execution.HooksExecutor$TaggedHookExecutor.executeHook(HooksExecutor.java:99)
com.thoughtworks.gauge.execution.HooksExecutor$TaggedHookExecutor.execute(HooksExecutor.java:85)
com.thoughtworks.gauge.execution.HooksExecutor.execute(HooksExecutor.java:42)
com.thoughtworks.gauge.processor.MethodExecutionMessageProcessor.executeHooks(MethodExecutionMessageProcessor.java:54)
com.thoughtworks.gauge.processor.ScenarioExecutionEndingProcessor.process(ScenarioExecutionEndingProcessor.java:26)
com.thoughtworks.gauge.connection.MessageDispatcher.dispatchMessages(MessageDispatcher.java:86)
com.thoughtworks.gauge.GaugeRuntime.main(GaugeRuntime.java:37)
15:04:35.949 Plugin [Html Report] with pid [8788] has exited
15:04:36.249 Specifications:	1 executed	0 passed	1 failed	0 skipped
15:04:36.249 Scenarios:	1 executed	0 passed	1 failed	0 skipped
15:04:36.249 
Total time taken: 49.478s
15:06:18.352 Checking updates...
15:06:23.932 # The Bookery Web App
15:06:23.932 ## Let's simply load the page on our first test
15:07:13.494 Error Message: org.openqa.selenium.WebDriverException: Failed to connect to binary FirefoxBinary(C:\Program Files (x86)\Mozilla Firefox\firefox.exe) on port 7055; process output follows: 
stallDate":1493947423000,"updateDate":1493947423000,"applyBackgroundUpdates":1,"skinnable":true,"size":8207,"sourceURI":null,"releaseNotesURI":null,"softDisabled":false,"foreignInstall":false,"hasBinaryComponents":false,"strictCompatibility":true,"locales":[],"targetApplications":[{"id":"{ec8030f7-c20a-464f-9b0e-13a3a9e97384}","minVersion":"53.0.2","maxVersion":"53.0.2"}],"targetPlatforms":[],"seen":true,"dependencies":[],"hasEmbeddedWebExtension":false,"userPermissions":null}
1494504388101	addons.xpi	DEBUG	getModTime: Recursive scan of {972ce4c6-7e08-4474-a285-3208198ce6fd}
1494504388103	DeferredSave.extensions.json	DEBUG	Save changes
1494504388103	addons.xpi	DEBUG	Updating database with changes to installed add-ons
1494504388103	addons.xpi-utils	DEBUG	Updating add-on states
1494504388104	addons.xpi-utils	DEBUG	Writing add-ons list
1494504388110	addons.xpi	DEBUG	Registering manifest for C:\Program Files (x86)\Mozilla Firefox\browser\features\aushelper@mozilla.org.xpi
1494504388110	addons.xpi	DEBUG	Calling bootstrap method startup on aushelper@mozilla.org version 2.0
1494504388112	addons.xpi	DEBUG	Registering manifest for C:\Program Files (x86)\Mozilla Firefox\browser\features\e10srollout@mozilla.org.xpi
1494504388114	addons.xpi	DEBUG	Calling bootstrap method startup on e10srollout@mozilla.org version 1.14
1494504388115	addons.xpi	DEBUG	Registering manifest for C:\Program Files (x86)\Mozilla Firefox\browser\features\firefox@getpocket.com.xpi
1494504388116	addons.xpi	DEBUG	Calling bootstrap method startup on firefox@getpocket.com version 1.0.5
1494504388117	addons.xpi	DEBUG	Registering manifest for C:\Program Files (x86)\Mozilla Firefox\browser\features\webcompat@mozilla.org.xpi
1494504388119	addons.xpi	DEBUG	Calling bootstrap method startup on webcompat@mozilla.org version 1.0
1494504388123	addons.manager	DEBUG	Registering shutdown blocker for XPIProvider
1494504388123	addons.manager	DEBUG	Provider finished startup: XPIProvider
1494504388123	addons.manager	DEBUG	Starting provider: LightweightThemeManager
1494504388123	addons.manager	DEBUG	Registering shutdown blocker for LightweightThemeManager
1494504388124	addons.manager	DEBUG	Provider finished startup: LightweightThemeManager
1494504388124	addons.manager	DEBUG	Starting provider: GMPProvider
1494504388131	addons.manager	DEBUG	Registering shutdown blocker for GMPProvider
1494504388131	addons.manager	DEBUG	Provider finished startup: GMPProvider
1494504388131	addons.manager	DEBUG	Starting provider: PluginProvider
1494504388132	addons.manager	DEBUG	Registering shutdown blocker for PluginProvider
1494504388132	addons.manager	DEBUG	Provider finished startup: PluginProvider
1494504388133	addons.manager	DEBUG	Completed startup sequence
1494504389756	addons.manager	DEBUG	Starting provider: <unnamed-provider>
1494504389756	addons.manager	DEBUG	Registering shutdown blocker for <unnamed-provider>
1494504389757	addons.manager	DEBUG	Provider finished startup: <unnamed-provider>
1494504390006	DeferredSave.extensions.json	DEBUG	Write succeeded
1494504390006	addons.xpi-utils	DEBUG	XPI Database saved, setting schema version preference to 19
1494504390006	DeferredSave.extensions.json	DEBUG	Starting timer
1494504390026	addons.repository	DEBUG	No addons.json found.
1494504390027	DeferredSave.addons.json	DEBUG	Save changes
1494504390031	DeferredSave.addons.json	DEBUG	Starting timer
1494504390074	addons.manager	DEBUG	Starting provider: PreviousExperimentProvider
1494504390074	addons.manager	DEBUG	Registering shutdown blocker for PreviousExperimentProvider
1494504390074	addons.manager	DEBUG	Provider finished startup: PreviousExperimentProvider
1494504390077	DeferredSave.extensions.json	DEBUG	Starting write
1494504390082	DeferredSave.addons.json	DEBUG	Starting write
1494504390103	DeferredSave.extensions.json	DEBUG	Write succeeded
1494504390111	DeferredSave.addons.json	DEBUG	Write succeeded
[GPU 9160] WARNING: pipe error: 109: file c:/builds/moz2_slave/m-rel-w32-00000000000000000000/build/src/ipc/chromium/src/chrome/common/ipc_channel_win.cc, line 346

Build info: version: '2.53.0', revision: '35ae25b1534ae328c771e0856c93e187490ca824', time: '2016-03-15 10:43:46'
System info: host: 'raresarv-PC', ip: '192.168.56.1', os.name: 'Windows 10', os.arch: 'amd64', os.version: '10.0', java.version: '1.8.0_73'
Driver info: driver.version: FirefoxDriver
15:07:13.494 Stacktrace: 
org.openqa.selenium.firefox.internal.NewProfileExtensionConnection.start(NewProfileExtensionConnection.java:125)
org.openqa.selenium.firefox.FirefoxDriver.startClient(FirefoxDriver.java:271)
org.openqa.selenium.remote.RemoteWebDriver.<init>(RemoteWebDriver.java:119)
org.openqa.selenium.firefox.FirefoxDriver.<init>(FirefoxDriver.java:216)
org.openqa.selenium.firefox.FirefoxDriver.<init>(FirefoxDriver.java:211)
org.openqa.selenium.firefox.FirefoxDriver.<init>(FirefoxDriver.java:207)
org.openqa.selenium.firefox.FirefoxDriver.<init>(FirefoxDriver.java:120)
FirstTest.setup(FirstTest.java:17)
sun.reflect.NativeMethodAccessorImpl.invoke0(Native Method)
sun.reflect.NativeMethodAccessorImpl.invoke(Unknown Source)
sun.reflect.DelegatingMethodAccessorImpl.invoke(Unknown Source)
java.lang.reflect.Method.invoke(Unknown Source)
com.thoughtworks.gauge.execution.MethodExecutor.execute(MethodExecutor.java:32)
com.thoughtworks.gauge.execution.HooksExecutor$TaggedHookExecutor.executeHook(HooksExecutor.java:99)
com.thoughtworks.gauge.execution.HooksExecutor$TaggedHookExecutor.execute(HooksExecutor.java:85)
com.thoughtworks.gauge.execution.HooksExecutor.execute(HooksExecutor.java:42)
com.thoughtworks.gauge.processor.MethodExecutionMessageProcessor.executeHooks(MethodExecutionMessageProcessor.java:54)
com.thoughtworks.gauge.processor.ScenarioExecutionStartingProcessor.process(ScenarioExecutionStartingProcessor.java:26)
com.thoughtworks.gauge.connection.MessageDispatcher.dispatchMessages(MessageDispatcher.java:86)
com.thoughtworks.gauge.GaugeRuntime.main(GaugeRuntime.java:37)
15:07:13.496 Error Message: java.lang.NullPointerException
15:07:13.496 Stacktrace: 
FirstTest.tearDown(FirstTest.java:57)
sun.reflect.NativeMethodAccessorImpl.invoke0(Native Method)
sun.reflect.NativeMethodAccessorImpl.invoke(Unknown Source)
sun.reflect.DelegatingMethodAccessorImpl.invoke(Unknown Source)
java.lang.reflect.Method.invoke(Unknown Source)
com.thoughtworks.gauge.execution.MethodExecutor.execute(MethodExecutor.java:32)
com.thoughtworks.gauge.execution.HooksExecutor$TaggedHookExecutor.executeHook(HooksExecutor.java:99)
com.thoughtworks.gauge.execution.HooksExecutor$TaggedHookExecutor.execute(HooksExecutor.java:85)
com.thoughtworks.gauge.execution.HooksExecutor.execute(HooksExecutor.java:42)
com.thoughtworks.gauge.processor.MethodExecutionMessageProcessor.executeHooks(MethodExecutionMessageProcessor.java:54)
com.thoughtworks.gauge.processor.ScenarioExecutionEndingProcessor.process(ScenarioExecutionEndingProcessor.java:26)
com.thoughtworks.gauge.connection.MessageDispatcher.dispatchMessages(MessageDispatcher.java:86)
com.thoughtworks.gauge.GaugeRuntime.main(GaugeRuntime.java:37)
15:07:13.600 Plugin [Html Report] with pid [4892] has exited
15:07:13.806 Specifications:	1 executed	0 passed	1 failed	0 skipped
15:07:13.807 Scenarios:	1 executed	0 passed	1 failed	0 skipped
15:07:13.807 
Total time taken: 49.649s
15:16:28.613 Checking updates...
15:16:34.453 # The Bookery Web App
15:16:34.456 ## Let's simply load the page on our first test
15:17:26.409 Error Message: org.openqa.selenium.WebDriverException: Failed to connect to binary FirefoxBinary(C:\Program Files (x86)\Mozilla Firefox\firefox.exe) on port 7055; process output follows: 
"userDisabled":false,"appDisabled":false,"descriptor":"C:\\Program Files (x86)\\Mozilla Firefox\\browser\\extensions\\{972ce4c6-7e08-4474-a285-3208198ce6fd}.xpi","installDate":1493947423000,"updateDate":1493947423000,"applyBackgroundUpdates":1,"skinnable":true,"size":8207,"sourceURI":null,"releaseNotesURI":null,"softDisabled":false,"foreignInstall":false,"hasBinaryComponents":false,"strictCompatibility":true,"locales":[],"targetApplications":[{"id":"{ec8030f7-c20a-464f-9b0e-13a3a9e97384}","minVersion":"53.0.2","maxVersion":"53.0.2"}],"targetPlatforms":[],"seen":true,"dependencies":[],"hasEmbeddedWebExtension":false,"userPermissions":null}
1494504999849	addons.xpi	DEBUG	getModTime: Recursive scan of {972ce4c6-7e08-4474-a285-3208198ce6fd}
1494504999850	DeferredSave.extensions.json	DEBUG	Save changes
1494504999850	addons.xpi	DEBUG	Updating database with changes to installed add-ons
1494504999850	addons.xpi-utils	DEBUG	Updating add-on states
1494504999851	addons.xpi-utils	DEBUG	Writing add-ons list
1494504999857	addons.xpi	DEBUG	Registering manifest for C:\Program Files (x86)\Mozilla Firefox\browser\features\aushelper@mozilla.org.xpi
1494504999857	addons.xpi	DEBUG	Calling bootstrap method startup on aushelper@mozilla.org version 2.0
1494504999859	addons.xpi	DEBUG	Registering manifest for C:\Program Files (x86)\Mozilla Firefox\browser\features\e10srollout@mozilla.org.xpi
1494504999861	addons.xpi	DEBUG	Calling bootstrap method startup on e10srollout@mozilla.org version 1.14
1494504999861	addons.xpi	DEBUG	Registering manifest for C:\Program Files (x86)\Mozilla Firefox\browser\features\firefox@getpocket.com.xpi
1494504999862	addons.xpi	DEBUG	Calling bootstrap method startup on firefox@getpocket.com version 1.0.5
1494504999864	addons.xpi	DEBUG	Registering manifest for C:\Program Files (x86)\Mozilla Firefox\browser\features\webcompat@mozilla.org.xpi
1494504999865	addons.xpi	DEBUG	Calling bootstrap method startup on webcompat@mozilla.org version 1.0
1494504999869	addons.manager	DEBUG	Registering shutdown blocker for XPIProvider
1494504999870	addons.manager	DEBUG	Provider finished startup: XPIProvider
1494504999870	addons.manager	DEBUG	Starting provider: LightweightThemeManager
1494504999870	addons.manager	DEBUG	Registering shutdown blocker for LightweightThemeManager
1494504999870	addons.manager	DEBUG	Provider finished startup: LightweightThemeManager
1494504999871	addons.manager	DEBUG	Starting provider: GMPProvider
1494504999878	addons.manager	DEBUG	Registering shutdown blocker for GMPProvider
1494504999879	addons.manager	DEBUG	Provider finished startup: GMPProvider
1494504999879	addons.manager	DEBUG	Starting provider: PluginProvider
1494504999879	addons.manager	DEBUG	Registering shutdown blocker for PluginProvider
1494504999879	addons.manager	DEBUG	Provider finished startup: PluginProvider
1494504999880	addons.manager	DEBUG	Completed startup sequence
1494505002009	addons.manager	DEBUG	Starting provider: <unnamed-provider>
1494505002010	addons.manager	DEBUG	Registering shutdown blocker for <unnamed-provider>
1494505002011	addons.manager	DEBUG	Provider finished startup: <unnamed-provider>
1494505002318	DeferredSave.extensions.json	DEBUG	Write succeeded
1494505002319	addons.xpi-utils	DEBUG	XPI Database saved, setting schema version preference to 19
1494505002319	DeferredSave.extensions.json	DEBUG	Starting timer
1494505002337	addons.repository	DEBUG	No addons.json found.
1494505002337	DeferredSave.addons.json	DEBUG	Save changes
1494505002341	DeferredSave.addons.json	DEBUG	Starting timer
1494505002391	addons.manager	DEBUG	Starting provider: PreviousExperimentProvider
1494505002392	addons.manager	DEBUG	Registering shutdown blocker for PreviousExperimentProvider
1494505002392	addons.manager	DEBUG	Provider finished startup: PreviousExperimentProvider
1494505002395	DeferredSave.extensions.json	DEBUG	Starting write
1494505002397	DeferredSave.addons.json	DEBUG	Starting write
1494505002424	DeferredSave.extensions.json	DEBUG	Write succeeded
1494505002441	DeferredSave.addons.json	DEBUG	Write succeeded

Build info: version: '2.53.0', revision: '35ae25b1534ae328c771e0856c93e187490ca824', time: '2016-03-15 10:43:46'
System info: host: 'raresarv-PC', ip: '192.168.56.1', os.name: 'Windows 10', os.arch: 'amd64', os.version: '10.0', java.version: '1.8.0_73'
Driver info: driver.version: FirefoxDriver
15:17:26.409 Stacktrace: 
org.openqa.selenium.firefox.internal.NewProfileExtensionConnection.start(NewProfileExtensionConnection.java:125)
org.openqa.selenium.firefox.FirefoxDriver.startClient(FirefoxDriver.java:271)
org.openqa.selenium.remote.RemoteWebDriver.<init>(RemoteWebDriver.java:119)
org.openqa.selenium.firefox.FirefoxDriver.<init>(FirefoxDriver.java:216)
org.openqa.selenium.firefox.FirefoxDriver.<init>(FirefoxDriver.java:211)
org.openqa.selenium.firefox.FirefoxDriver.<init>(FirefoxDriver.java:207)
org.openqa.selenium.firefox.FirefoxDriver.<init>(FirefoxDriver.java:120)
FirstTest.setup(FirstTest.java:17)
sun.reflect.NativeMethodAccessorImpl.invoke0(Native Method)
sun.reflect.NativeMethodAccessorImpl.invoke(Unknown Source)
sun.reflect.DelegatingMethodAccessorImpl.invoke(Unknown Source)
java.lang.reflect.Method.invoke(Unknown Source)
com.thoughtworks.gauge.execution.MethodExecutor.execute(MethodExecutor.java:32)
com.thoughtworks.gauge.execution.HooksExecutor$TaggedHookExecutor.executeHook(HooksExecutor.java:99)
com.thoughtworks.gauge.execution.HooksExecutor$TaggedHookExecutor.execute(HooksExecutor.java:85)
com.thoughtworks.gauge.execution.HooksExecutor.execute(HooksExecutor.java:42)
com.thoughtworks.gauge.processor.MethodExecutionMessageProcessor.executeHooks(MethodExecutionMessageProcessor.java:54)
com.thoughtworks.gauge.processor.ScenarioExecutionStartingProcessor.process(ScenarioExecutionStartingProcessor.java:26)
com.thoughtworks.gauge.connection.MessageDispatcher.dispatchMessages(MessageDispatcher.java:86)
com.thoughtworks.gauge.GaugeRuntime.main(GaugeRuntime.java:37)
15:17:26.411 Error Message: java.lang.NullPointerException
15:17:26.411 Stacktrace: 
FirstTest.tearDown(FirstTest.java:63)
sun.reflect.NativeMethodAccessorImpl.invoke0(Native Method)
sun.reflect.NativeMethodAccessorImpl.invoke(Unknown Source)
sun.reflect.DelegatingMethodAccessorImpl.invoke(Unknown Source)
java.lang.reflect.Method.invoke(Unknown Source)
com.thoughtworks.gauge.execution.MethodExecutor.execute(MethodExecutor.java:32)
com.thoughtworks.gauge.execution.HooksExecutor$TaggedHookExecutor.executeHook(HooksExecutor.java:99)
com.thoughtworks.gauge.execution.HooksExecutor$TaggedHookExecutor.execute(HooksExecutor.java:85)
com.thoughtworks.gauge.execution.HooksExecutor.execute(HooksExecutor.java:42)
com.thoughtworks.gauge.processor.MethodExecutionMessageProcessor.executeHooks(MethodExecutionMessageProcessor.java:54)
com.thoughtworks.gauge.processor.ScenarioExecutionEndingProcessor.process(ScenarioExecutionEndingProcessor.java:26)
com.thoughtworks.gauge.connection.MessageDispatcher.dispatchMessages(MessageDispatcher.java:86)
com.thoughtworks.gauge.GaugeRuntime.main(GaugeRuntime.java:37)
15:17:27.124 Plugin [Html Report] with pid [1356] has exited
15:17:27.427 Specifications:	1 executed	0 passed	1 failed	0 skipped
15:17:27.427 Scenarios:	1 executed	0 passed	1 failed	0 skipped
15:17:27.439 
Total time taken: 52.037s
08:09:12.424 Got a kill message. Killing runner.
08:09:16.955 Killing runner with PID:8164 forcefully
11:50:33.067 Got a kill message. Killing runner.
11:50:37.184 Killing runner with PID:5192 forcefully
12:40:17.754 Checking updates...
12:40:28.621 # The Bookery Web App
12:40:28.625 ## Let's simply load the page on our first test
12:40:39.253 * Navigate to "http://students.info.uaic.ro/~stefan.onu/customnews/src/main/resources/static/proiect.html"
12:40:47.899 * Click on button "register"
12:40:48.127 * Close pop`up
12:40:49.964 
Failed Step: Close pop`up
12:40:49.964 Specification: specs\FirstTest.spec:10
12:40:49.965 Error Message: org.openqa.selenium.WebDriverException: unknown error: Element <span onclick="document.getElementById('id01').style.display='none'" class="close" title="Close Modal">...</span> is not clickable at point (575, 334). Other element would receive the click: <input type="text" placeholder="Enter Username" name="username" required="">
  (Session info: chrome=58.0.3029.96)
  (Driver info: chromedriver=2.29.461591 (62ebf098771772160f391d75e589dc567915b233),platform=Windows NT 10.0.14393 x86_64) (WARNING: The server did not provide any stacktrace information)
Command duration or timeout: 79 milliseconds
Build info: version: '2.53.0', revision: '35ae25b1534ae328c771e0856c93e187490ca824', time: '2016-03-15 10:43:46'
System info: host: 'raresarv-PC', ip: '192.168.56.1', os.name: 'Windows 10', os.arch: 'amd64', os.version: '10.0', java.version: '1.8.0_73'
Driver info: org.openqa.selenium.chrome.ChromeDriver
Capabilities [{applicationCacheEnabled=false, rotatable=false, mobileEmulationEnabled=false, networkConnectionEnabled=false, chrome={chromedriverVersion=2.29.461591 (62ebf098771772160f391d75e589dc567915b233), userDataDir=C:\Users\raresarv\AppData\Local\Temp\scoped_dir7584_22412}, takesHeapSnapshot=true, pageLoadStrategy=normal, databaseEnabled=false, handlesAlerts=true, hasTouchScreen=false, version=58.0.3029.96, platform=XP, browserConnectionEnabled=false, nativeEvents=true, acceptSslCerts=true, locationContextEnabled=true, webStorageEnabled=true, browserName=chrome, takesScreenshot=true, javascriptEnabled=true, cssSelectorsEnabled=true, unexpectedAlertBehaviour=}]
Session ID: 2183fff60ab26869e298b1c313f6de29
12:40:49.965 Stacktrace: 
sun.reflect.NativeConstructorAccessorImpl.newInstance0(Native Method)
sun.reflect.NativeConstructorAccessorImpl.newInstance(Unknown Source)
sun.reflect.DelegatingConstructorAccessorImpl.newInstance(Unknown Source)
java.lang.reflect.Constructor.newInstance(Unknown Source)
org.openqa.selenium.remote.ErrorHandler.createThrowable(ErrorHandler.java:206)
org.openqa.selenium.remote.ErrorHandler.throwIfResponseFailed(ErrorHandler.java:158)
org.openqa.selenium.remote.RemoteWebDriver.execute(RemoteWebDriver.java:678)
org.openqa.selenium.remote.RemoteWebElement.execute(RemoteWebElement.java:327)
org.openqa.selenium.remote.RemoteWebElement.click(RemoteWebElement.java:85)
FirstTest.closeButton(FirstTest.java:102)
sun.reflect.NativeMethodAccessorImpl.invoke0(Native Method)
sun.reflect.NativeMethodAccessorImpl.invoke(Unknown Source)
sun.reflect.DelegatingMethodAccessorImpl.invoke(Unknown Source)
java.lang.reflect.Method.invoke(Unknown Source)
com.thoughtworks.gauge.execution.MethodExecutor.execute(MethodExecutor.java:32)
com.thoughtworks.gauge.execution.StepExecutionStage.executeStepMethod(StepExecutionStage.java:129)
com.thoughtworks.gauge.execution.StepExecutionStage.executeStep(StepExecutionStage.java:83)
com.thoughtworks.gauge.execution.StepExecutionStage.execute(StepExecutionStage.java:64)
com.thoughtworks.gauge.execution.AbstractExecutionStage.executeNext(AbstractExecutionStage.java:24)
com.thoughtworks.gauge.execution.HookExecutionStage.execute(HookExecutionStage.java:40)
com.thoughtworks.gauge.execution.ExecutionPipeline.start(ExecutionPipeline.java:29)
com.thoughtworks.gauge.processor.ExecuteStepProcessor.process(ExecuteStepProcessor.java:34)
com.thoughtworks.gauge.connection.MessageDispatcher.dispatchMessages(MessageDispatcher.java:86)
com.thoughtworks.gauge.GaugeRuntime.main(GaugeRuntime.java:37)
12:40:52.598 Plugin [Html Report] with pid [6936] has exited
12:40:52.899 Specifications:	1 executed	0 passed	1 failed	0 skipped
12:40:52.899 Scenarios:	1 executed	0 passed	1 failed	0 skipped
12:40:52.904 
Total time taken: 23.611s
12:40:52.916 Updates are available. Run gauge --check-updates for more info.
12:41:28.326 Checking updates...
12:41:34.535 [ValidationError] C:\Users\raresarv\Desktop\IParanteza1\specs\FirstTest.spec:9 Step implementation not found => 'Click on button "register"'
12:41:34.535 [ValidationError] C:\Users\raresarv\Desktop\IParanteza1\specs\FirstTest.spec:10 Step implementation not found => 'Close pop`up'
12:41:34.535 [ValidationError] C:\Users\raresarv\Desktop\IParanteza1\specs\FirstTest.spec:11 Step implementation not found => 'Click on button "login"'
12:41:34.825 Plugin [Html Report] with pid [3280] has exited
12:41:34.925 Specifications:	0 executed	0 passed	0 failed	1 skipped
12:41:34.925 Scenarios:	0 executed	0 passed	0 failed	1 skipped
12:41:34.925 
Total time taken: 89ms
12:41:34.925 Updates are available. Run gauge --check-updates for more info.
12:41:49.711 Checking updates...
12:41:55.847 [ValidationError] C:\Users\raresarv\Desktop\IParanteza1\specs\FirstTest.spec:10 Step implementation not found => 'Close pop`up'
12:41:56.026 Plugin [Html Report] with pid [9036] has exited
12:41:56.126 Specifications:	0 executed	0 passed	0 failed	1 skipped
12:41:56.126 Scenarios:	0 executed	0 passed	0 failed	1 skipped
12:41:56.126 
Total time taken: 78ms
12:41:56.126 Updates are available. Run gauge --check-updates for more info.
12:42:35.990 Checking updates...
12:42:41.546 # The Bookery Web App
12:42:41.550 ## Let's simply load the page on our first test
12:42:45.048 * Navigate to "http://students.info.uaic.ro/~stefan.onu/customnews/src/main/resources/static/proiect.html"
12:42:52.198 * Click on button "register"
12:42:53.625 Plugin [Html Report] with pid [572] has exited
12:42:53.725 Specifications:	1 executed	1 passed	0 failed	0 skipped
12:42:53.725 Scenarios:	1 executed	1 passed	0 failed	0 skipped
12:42:53.725 
Total time taken: 12.045s
12:42:53.725 Updates are available. Run gauge --check-updates for more info.
12:49:54.544 [ParseError] C:\Users\raresarv\Desktop\IParanteza1\specs\FirstTest.spec:12 Dynamic parameter <News Feed> could not be resolved => 'Page title should be <News Feed>'
12:49:55.628 Checking updates...
12:50:09.955 Plugin [Html Report] with pid [9948] has exited
12:50:10.055 Specifications:	1 executed	0 passed	1 failed	0 skipped
12:50:10.055 Scenarios:	0 executed	0 passed	0 failed	0 skipped
12:50:10.062 
Total time taken: 3.609s
12:50:10.073 Updates are available. Run gauge --check-updates for more info.
12:50:49.912 [ParseError] C:\Users\raresarv\Desktop\IParanteza1\specs\FirstTest.spec:12 Dynamic parameter <title> could not be resolved => 'Page title should be <title>'
12:50:50.981 Checking updates...
12:51:06.322 Plugin [Html Report] with pid [7152] has exited
12:51:06.424 Specifications:	1 executed	0 passed	1 failed	0 skipped
12:51:12.614 [ParseError] C:\Users\raresarv\Desktop\IParanteza1\specs\FirstTest.spec:12 Dynamic parameter <title> could not be resolved => 'Page title should be <title>'
12:51:14.998 Checking updates...
12:51:28.617 Plugin [Html Report] with pid [4132] has exited
12:51:28.818 Specifications:	1 executed	0 passed	1 failed	0 skipped
12:51:28.818 Scenarios:	0 executed	0 passed	0 failed	0 skipped
12:51:28.818 
Total time taken: 222ms
12:51:28.829 Updates are available. Run gauge --check-updates for more info.
12:54:37.014 [ParseError] C:\Users\raresarv\Desktop\IParanteza1\specs\FirstTest.spec:12 Dynamic parameter <News Feed> could not be resolved => 'Page title should be <News Feed>'
12:54:37.861 Checking updates...
12:54:44.502 Plugin [Html Report] with pid [10180] has exited
12:54:44.603 Specifications:	1 executed	0 passed	1 failed	0 skipped
12:54:44.603 Scenarios:	0 executed	0 passed	0 failed	0 skipped
12:54:44.603 
Total time taken: 143ms
12:54:44.603 Updates are available. Run gauge --check-updates for more info.
12:55:05.117 [ParseError] C:\Users\raresarv\Desktop\IParanteza1\specs\FirstTest.spec:12 Dynamic parameter <title> could not be resolved => 'Page title should be <title>'
12:55:06.417 Checking updates...
12:55:12.413 Plugin [Html Report] with pid [5156] has exited
12:55:12.514 Specifications:	1 executed	0 passed	1 failed	0 skipped
12:55:12.514 Scenarios:	0 executed	0 passed	0 failed	0 skipped
12:55:12.514 
Total time taken: 84ms
12:55:12.514 Updates are available. Run gauge --check-updates for more info.
12:56:10.181 [ParseError] C:\Users\raresarv\Desktop\IParanteza1\specs\FirstTest.spec:12 Dynamic parameter <News Feed> could not be resolved => 'Page title should be <News Feed>'
12:56:13.085 Checking updates...
12:56:17.499 Plugin [Html Report] with pid [6024] has exited
12:56:17.600 Specifications:	1 executed	0 passed	1 failed	0 skipped
12:56:17.600 Scenarios:	0 executed	0 passed	0 failed	0 skipped
12:56:17.600 
Total time taken: 78ms
12:56:17.600 Updates are available. Run gauge --check-updates for more info.
12:57:24.642 [ParseError] C:\Users\raresarv\Desktop\IParanteza1\specs\FirstTest.spec:12 Dynamic parameter <News Feed> could not be resolved => 'Page title should be <News Feed>'
12:57:25.570 Checking updates...
12:57:31.820 Plugin [Html Report] with pid [10212] has exited
12:57:31.920 Specifications:	1 executed	0 passed	1 failed	0 skipped
12:57:31.920 Scenarios:	0 executed	0 passed	0 failed	0 skipped
12:57:31.920 
Total time taken: 89ms
12:57:31.920 Updates are available. Run gauge --check-updates for more info.
12:59:11.284 [ParseError] C:\Users\raresarv\Desktop\IParanteza1\specs\FirstTest.spec:12 Dynamic parameter <News Feed> could not be resolved => 'Page title should be <News Feed>'
12:59:12.272 Checking updates...
12:59:18.738 Plugin [Html Report] with pid [7720] has exited
12:59:18.839 Specifications:	1 executed	0 passed	1 failed	0 skipped
12:59:18.839 Scenarios:	0 executed	0 passed	0 failed	0 skipped
12:59:18.839 
Total time taken: 263ms
12:59:18.839 Updates are available. Run gauge --check-updates for more info.
12:59:43.312 [ParseError] C:\Users\raresarv\Desktop\IParanteza1\specs\FirstTest.spec:12 Dynamic parameter <News Feed> could not be resolved => 'Page title should be <News Feed>'
12:59:44.247 Checking updates...
12:59:51.181 Plugin [Html Report] with pid [4496] has exited
12:59:51.282 Specifications:	1 executed	0 passed	1 failed	0 skipped
12:59:51.282 Scenarios:	0 executed	0 passed	0 failed	0 skipped
12:59:51.282 
Total time taken: 82ms
12:59:51.282 Updates are available. Run gauge --check-updates for more info.
13:01:23.929 [ParseError] C:\Users\raresarv\Desktop\IParanteza1\specs\FirstTest.spec:12 Dynamic parameter <News Feed> could not be resolved => 'Page title should be <News Feed>'
13:01:25.030 Checking updates...
13:01:31.152 Plugin [Html Report] with pid [5476] has exited
13:01:31.252 Specifications:	1 executed	0 passed	1 failed	0 skipped
13:01:31.252 Scenarios:	0 executed	0 passed	0 failed	0 skipped
13:01:31.252 
Total time taken: 122ms
13:01:31.252 Updates are available. Run gauge --check-updates for more info.
13:01:40.751 [ParseError] C:\Users\raresarv\Desktop\IParanteza1\specs\FirstTest.spec:12 Dynamic parameter <title> could not be resolved => 'Page title should be <title>'
13:01:41.718 Checking updates...
13:01:47.978 Plugin [Html Report] with pid [3432] has exited
13:01:48.078 Specifications:	1 executed	0 passed	1 failed	0 skipped
13:01:48.078 Scenarios:	0 executed	0 passed	0 failed	0 skipped
13:01:48.078 
Total time taken: 127ms
13:01:48.078 Updates are available. Run gauge --check-updates for more info.
13:02:33.023 [ParseError] C:\Users\raresarv\Desktop\IParanteza1\specs\FirstTest.spec:12 Dynamic parameter <News Feed> could not be resolved => 'Page title should be <News Feed>'
13:02:33.933 Checking updates...
13:02:39.808 Plugin [Html Report] with pid [6244] has exited
13:02:39.908 Specifications:	1 executed	0 passed	1 failed	0 skipped
13:02:39.908 Scenarios:	0 executed	0 passed	0 failed	0 skipped
13:02:39.908 
Total time taken: 88ms
13:02:39.908 Updates are available. Run gauge --check-updates for more info.
13:03:10.222 [ParseError] C:\Users\raresarv\Desktop\IParanteza1\specs\FirstTest.spec:12 Dynamic parameter <News Feed> could not be resolved => 'Page title should be <News Feed>'
13:03:11.123 Checking updates...
13:03:18.333 Plugin [Html Report] with pid [8656] has exited
13:03:18.533 Specifications:	1 executed	0 passed	1 failed	0 skipped
13:03:18.533 Scenarios:	0 executed	0 passed	0 failed	0 skipped
13:03:18.533 
Total time taken: 97ms
13:03:18.533 Updates are available. Run gauge --check-updates for more info.
13:03:23.262 [ParseError] C:\Users\raresarv\Desktop\IParanteza1\specs\FirstTest.spec:12 Dynamic parameter <News Feed> could not be resolved => 'Page title should be <News Feed>'
13:03:24.377 Checking updates...
13:03:30.550 Plugin [Html Report] with pid [6292] has exited
13:03:30.651 Specifications:	1 executed	0 passed	1 failed	0 skipped
13:03:30.651 Scenarios:	0 executed	0 passed	0 failed	0 skipped
13:03:30.651 
Total time taken: 91ms
13:03:30.651 Updates are available. Run gauge --check-updates for more info.
13:04:36.199 [ParseError] C:\Users\raresarv\Desktop\IParanteza1\specs\FirstTest.spec:12 Dynamic parameter <News Feed> could not be resolved => 'Page title should be <News Feed>'
13:04:37.114 Checking updates...
13:04:51.744 [ParseError] C:\Users\raresarv\Desktop\IParanteza1\specs\FirstTest.spec:12 Dynamic parameter <News Feed> could not be resolved => 'Page title should be <News Feed>'
13:04:52.709 Checking updates...
13:04:59.037 Plugin [Html Report] with pid [3756] has exited
13:04:59.237 Specifications:	1 executed	0 passed	1 failed	0 skipped
13:04:59.237 Scenarios:	0 executed	0 passed	0 failed	0 skipped
13:04:59.237 
Total time taken: 75ms
13:04:59.237 Updates are available. Run gauge --check-updates for more info.
13:05:45.989 Checking updates...
13:05:52.215 # The Bookery Web App
13:05:52.216 ## Let's simply load the page on our first test
13:06:08.896 * Navigate to "http://students.info.uaic.ro/~stefan.onu/customnews/src/main/resources/static/proiect.html"
13:06:22.771 * Page title should be "News Feed"
13:06:24.915 
Failed Step: Page title should be "News Feed"
13:06:24.915 Specification: specs\FirstTest.spec:12
13:06:24.915 Error Message: java.lang.AssertionError
13:06:24.915 Stacktrace: 
org.junit.Assert.fail(Assert.java:86)
org.junit.Assert.assertTrue(Assert.java:41)
org.junit.Assert.assertFalse(Assert.java:64)
org.junit.Assert.assertFalse(Assert.java:74)
FirstTest.pageTitleShouldBe(FirstTest.java:113)
sun.reflect.NativeMethodAccessorImpl.invoke0(Native Method)
sun.reflect.NativeMethodAccessorImpl.invoke(Unknown Source)
sun.reflect.DelegatingMethodAccessorImpl.invoke(Unknown Source)
java.lang.reflect.Method.invoke(Unknown Source)
com.thoughtworks.gauge.execution.MethodExecutor.execute(MethodExecutor.java:32)
com.thoughtworks.gauge.execution.StepExecutionStage.executeStepMethod(StepExecutionStage.java:127)
com.thoughtworks.gauge.execution.StepExecutionStage.executeStep(StepExecutionStage.java:83)
com.thoughtworks.gauge.execution.StepExecutionStage.execute(StepExecutionStage.java:64)
com.thoughtworks.gauge.execution.AbstractExecutionStage.executeNext(AbstractExecutionStage.java:24)
com.thoughtworks.gauge.execution.HookExecutionStage.execute(HookExecutionStage.java:40)
com.thoughtworks.gauge.execution.ExecutionPipeline.start(ExecutionPipeline.java:29)
com.thoughtworks.gauge.processor.ExecuteStepProcessor.process(ExecuteStepProcessor.java:34)
com.thoughtworks.gauge.connection.MessageDispatcher.dispatchMessages(MessageDispatcher.java:86)
com.thoughtworks.gauge.GaugeRuntime.main(GaugeRuntime.java:37)
13:06:26.628 Plugin [Html Report] with pid [2548] has exited
13:06:26.828 Specifications:	1 executed	0 passed	1 failed	0 skipped
13:06:26.828 Scenarios:	1 executed	0 passed	1 failed	0 skipped
13:06:26.828 
Total time taken: 34.429s
13:06:26.828 Updates are available. Run gauge --check-updates for more info.
13:07:39.159 Checking updates...
13:07:45.240 # The Bookery Web App
13:07:45.244 ## Let's simply load the page on our first test
13:07:49.626 * Navigate to "http://students.info.uaic.ro/~stefan.onu/customnews/src/main/resources/static/proiect.html"
13:07:55.945 * Page title should be "News Feed"
13:07:57.174 Plugin [Html Report] with pid [1948] has exited
13:07:57.275 Specifications:	1 executed	1 passed	0 failed	0 skipped
13:07:57.275 Scenarios:	1 executed	1 passed	0 failed	0 skipped
13:07:57.275 
Total time taken: 11.906s
13:07:57.275 Updates are available. Run gauge --check-updates for more info.
13:08:38.864 Checking updates...
13:08:45.472 # The Bookery Web App
13:08:45.477 ## Let's simply load the page on our first test
13:08:49.111 * Navigate to "http://students.info.uaic.ro/~stefan.onu/customnews/src/main/resources/static/proiect.html"
13:08:55.744 * Page title should be "News Feed"
13:08:56.944 Plugin [Html Report] with pid [2400] has exited
13:08:57.044 Specifications:	1 executed	1 passed	0 failed	0 skipped
13:08:57.044 Scenarios:	1 executed	1 passed	0 failed	0 skipped
13:08:57.044 
Total time taken: 11.445s
13:08:57.044 Updates are available. Run gauge --check-updates for more info.
13:18:33.328 Checking updates...
13:18:39.719 [ValidationError] C:\Users\raresarv\Desktop\IParanteza1\specs\FirstTest.spec:13 Step implementation not found => 'click on Busola "busolamap"'
13:18:39.977 Plugin [Html Report] with pid [4016] has exited
13:18:40.078 Specifications:	0 executed	0 passed	0 failed	1 skipped
13:18:40.078 Scenarios:	0 executed	0 passed	0 failed	1 skipped
13:18:40.078 
Total time taken: 157ms
13:18:40.078 Updates are available. Run gauge --check-updates for more info.
13:23:10.629 Checking updates...
13:23:17.046 [ValidationError] C:\Users\raresarv\Desktop\IParanteza1\specs\FirstTest.spec:13 Step implementation not found => 'click on Busola "busolamap"'
13:23:17.478 Plugin [Html Report] with pid [9252] has exited
13:23:17.578 Specifications:	0 executed	0 passed	0 failed	1 skipped
13:23:17.578 Scenarios:	0 executed	0 passed	0 failed	1 skipped
13:23:17.578 
Total time taken: 129ms
13:23:17.578 Updates are available. Run gauge --check-updates for more info.
13:24:07.180 Checking updates...
13:24:13.152 [ValidationError] C:\Users\raresarv\Desktop\IParanteza1\specs\FirstTest.spec:13 Step implementation not found => 'click on Busola "busolamap"'
13:24:13.379 Plugin [Html Report] with pid [9896] has exited
13:24:13.480 Specifications:	0 executed	0 passed	0 failed	1 skipped
13:24:13.480 Scenarios:	0 executed	0 passed	0 failed	1 skipped
13:24:13.480 
Total time taken: 127ms
13:24:13.480 Updates are available. Run gauge --check-updates for more info.
13:24:57.522 Checking updates...
13:25:03.753 [ValidationError] C:\Users\raresarv\Desktop\IParanteza1\specs\FirstTest.spec:13 Step implementation not found => 'click on Busola "busolamap"'
13:25:03.930 Plugin [Html Report] with pid [5328] has exited
13:25:04.031 Specifications:	0 executed	0 passed	0 failed	1 skipped
13:25:04.031 Scenarios:	0 executed	0 passed	0 failed	1 skipped
13:25:04.031 
Total time taken: 74ms
13:25:04.031 Updates are available. Run gauge --check-updates for more info.
13:26:00.538 [ValidationError] C:\Users\raresarv\Desktop\IParanteza1\specs\FirstTest.spec:13 Step implementation not found => 'click on Busola "busolamap"'
13:26:00.714 Plugin [Html Report] with pid [532] has exited
13:26:00.815 Specifications:	0 executed	0 passed	0 failed	1 skipped
13:26:00.815 Scenarios:	0 executed	0 passed	0 failed	1 skipped
13:26:00.815 
Total time taken: 73ms
13:27:11.352 Checking updates...
13:27:18.053 # The Bookery Web App
13:27:18.056 ## Let's simply load the page on our first test
13:27:39.805 * Navigate to "http://students.info.uaic.ro/~stefan.onu/customnews/src/main/resources/static/proiect.html"
13:27:46.641 * click on Busola "map"
13:27:49.714 
Failed Step: click on Busola "map"
13:27:49.714 Specification: specs\FirstTest.spec:13
13:27:49.714 Error Message: org.openqa.selenium.NoSuchElementException: no such element: Unable to locate element: {"method":"link text","selector":"map"}
  (Session info: chrome=58.0.3029.96)
  (Driver info: chromedriver=2.29.461591 (62ebf098771772160f391d75e589dc567915b233),platform=Windows NT 10.0.14393 x86_64) (WARNING: The server did not provide any stacktrace information)
Command duration or timeout: 131 milliseconds
For documentation on this error, please visit: http://seleniumhq.org/exceptions/no_such_element.html
Build info: version: '2.53.0', revision: '35ae25b1534ae328c771e0856c93e187490ca824', time: '2016-03-15 10:43:46'
System info: host: 'raresarv-PC', ip: '192.168.56.1', os.name: 'Windows 10', os.arch: 'amd64', os.version: '10.0', java.version: '1.8.0_73'
Driver info: org.openqa.selenium.chrome.ChromeDriver
Capabilities [{applicationCacheEnabled=false, rotatable=false, mobileEmulationEnabled=false, networkConnectionEnabled=false, chrome={chromedriverVersion=2.29.461591 (62ebf098771772160f391d75e589dc567915b233), userDataDir=C:\Users\raresarv\AppData\Local\Temp\scoped_dir6440_18899}, takesHeapSnapshot=true, pageLoadStrategy=normal, databaseEnabled=false, handlesAlerts=true, hasTouchScreen=false, version=58.0.3029.96, platform=XP, browserConnectionEnabled=false, nativeEvents=true, acceptSslCerts=true, locationContextEnabled=true, webStorageEnabled=true, browserName=chrome, takesScreenshot=true, javascriptEnabled=true, cssSelectorsEnabled=true, unexpectedAlertBehaviour=}]
Session ID: c22a5968499c0e49bc1213e89d632477
*** Element info: {Using=link text, value=map}
13:27:49.714 Stacktrace: 
sun.reflect.NativeConstructorAccessorImpl.newInstance0(Native Method)
sun.reflect.NativeConstructorAccessorImpl.newInstance(Unknown Source)
sun.reflect.DelegatingConstructorAccessorImpl.newInstance(Unknown Source)
java.lang.reflect.Constructor.newInstance(Unknown Source)
org.openqa.selenium.remote.ErrorHandler.createThrowable(ErrorHandler.java:206)
org.openqa.selenium.remote.ErrorHandler.throwIfResponseFailed(ErrorHandler.java:158)
org.openqa.selenium.remote.RemoteWebDriver.execute(RemoteWebDriver.java:678)
org.openqa.selenium.remote.RemoteWebDriver.findElement(RemoteWebDriver.java:363)
org.openqa.selenium.remote.RemoteWebDriver.findElementByLinkText(RemoteWebDriver.java:428)
org.openqa.selenium.By$ByLinkText.findElement(By.java:246)
org.openqa.selenium.remote.RemoteWebDriver.findElement(RemoteWebDriver.java:355)
FirstTest.clickOnBusola(FirstTest.java:114)
sun.reflect.NativeMethodAccessorImpl.invoke0(Native Method)
sun.reflect.NativeMethodAccessorImpl.invoke(Unknown Source)
sun.reflect.DelegatingMethodAccessorImpl.invoke(Unknown Source)
java.lang.reflect.Method.invoke(Unknown Source)
com.thoughtworks.gauge.execution.MethodExecutor.execute(MethodExecutor.java:32)
com.thoughtworks.gauge.execution.StepExecutionStage.executeStepMethod(StepExecutionStage.java:127)
com.thoughtworks.gauge.execution.StepExecutionStage.executeStep(StepExecutionStage.java:83)
com.thoughtworks.gauge.execution.StepExecutionStage.execute(StepExecutionStage.java:64)
com.thoughtworks.gauge.execution.AbstractExecutionStage.executeNext(AbstractExecutionStage.java:24)
com.thoughtworks.gauge.execution.HookExecutionStage.execute(HookExecutionStage.java:40)
com.thoughtworks.gauge.execution.ExecutionPipeline.start(ExecutionPipeline.java:29)
com.thoughtworks.gauge.processor.ExecuteStepProcessor.process(ExecuteStepProcessor.java:34)
com.thoughtworks.gauge.connection.MessageDispatcher.dispatchMessages(MessageDispatcher.java:86)
com.thoughtworks.gauge.GaugeRuntime.main(GaugeRuntime.java:37)
13:27:52.658 Plugin [Html Report] with pid [5584] has exited
13:27:52.959 Specifications:	1 executed	0 passed	1 failed	0 skipped
13:27:52.959 Scenarios:	1 executed	0 passed	1 failed	0 skipped
13:27:52.965 
Total time taken: 34.163s
13:27:52.976 Updates are available. Run gauge --check-updates for more info.
13:28:24.585 Checking updates...
13:28:32.116 # The Bookery Web App
13:28:32.120 ## Let's simply load the page on our first test
13:28:36.107 * Navigate to "http://students.info.uaic.ro/~stefan.onu/customnews/src/main/resources/static/proiect.html"
13:28:46.289 * click on Busola "map"
13:28:46.911 
Failed Step: click on Busola "map"
13:28:46.912 Specification: specs\FirstTest.spec:13
13:28:46.912 Error Message: org.openqa.selenium.NoSuchElementException: no such element: Unable to locate element: {"method":"name","selector":"map"}
  (Session info: chrome=58.0.3029.96)
  (Driver info: chromedriver=2.29.461591 (62ebf098771772160f391d75e589dc567915b233),platform=Windows NT 10.0.14393 x86_64) (WARNING: The server did not provide any stacktrace information)
Command duration or timeout: 38 milliseconds
For documentation on this error, please visit: http://seleniumhq.org/exceptions/no_such_element.html
Build info: version: '2.53.0', revision: '35ae25b1534ae328c771e0856c93e187490ca824', time: '2016-03-15 10:43:46'
System info: host: 'raresarv-PC', ip: '192.168.56.1', os.name: 'Windows 10', os.arch: 'amd64', os.version: '10.0', java.version: '1.8.0_73'
Driver info: org.openqa.selenium.chrome.ChromeDriver
Capabilities [{applicationCacheEnabled=false, rotatable=false, mobileEmulationEnabled=false, networkConnectionEnabled=false, chrome={chromedriverVersion=2.29.461591 (62ebf098771772160f391d75e589dc567915b233), userDataDir=C:\Users\raresarv\AppData\Local\Temp\scoped_dir6252_7224}, takesHeapSnapshot=true, pageLoadStrategy=normal, databaseEnabled=false, handlesAlerts=true, hasTouchScreen=false, version=58.0.3029.96, platform=XP, browserConnectionEnabled=false, nativeEvents=true, acceptSslCerts=true, locationContextEnabled=true, webStorageEnabled=true, browserName=chrome, takesScreenshot=true, javascriptEnabled=true, cssSelectorsEnabled=true, unexpectedAlertBehaviour=}]
Session ID: dd0fdba29b61ad265b30b460f8264886
*** Element info: {Using=name, value=map}
13:28:46.912 Stacktrace: 
sun.reflect.NativeConstructorAccessorImpl.newInstance0(Native Method)
sun.reflect.NativeConstructorAccessorImpl.newInstance(Unknown Source)
sun.reflect.DelegatingConstructorAccessorImpl.newInstance(Unknown Source)
java.lang.reflect.Constructor.newInstance(Unknown Source)
org.openqa.selenium.remote.ErrorHandler.createThrowable(ErrorHandler.java:206)
org.openqa.selenium.remote.ErrorHandler.throwIfResponseFailed(ErrorHandler.java:158)
org.openqa.selenium.remote.RemoteWebDriver.execute(RemoteWebDriver.java:678)
org.openqa.selenium.remote.RemoteWebDriver.findElement(RemoteWebDriver.java:363)
org.openqa.selenium.remote.RemoteWebDriver.findElementByName(RemoteWebDriver.java:461)
org.openqa.selenium.By$ByName.findElement(By.java:303)
org.openqa.selenium.remote.RemoteWebDriver.findElement(RemoteWebDriver.java:355)
FirstTest.clickOnBusola(FirstTest.java:114)
sun.reflect.NativeMethodAccessorImpl.invoke0(Native Method)
sun.reflect.NativeMethodAccessorImpl.invoke(Unknown Source)
sun.reflect.DelegatingMethodAccessorImpl.invoke(Unknown Source)
java.lang.reflect.Method.invoke(Unknown Source)
com.thoughtworks.gauge.execution.MethodExecutor.execute(MethodExecutor.java:32)
com.thoughtworks.gauge.execution.StepExecutionStage.executeStepMethod(StepExecutionStage.java:127)
com.thoughtworks.gauge.execution.StepExecutionStage.executeStep(StepExecutionStage.java:83)
com.thoughtworks.gauge.execution.StepExecutionStage.execute(StepExecutionStage.java:64)
com.thoughtworks.gauge.execution.AbstractExecutionStage.executeNext(AbstractExecutionStage.java:24)
com.thoughtworks.gauge.execution.HookExecutionStage.execute(HookExecutionStage.java:40)
com.thoughtworks.gauge.execution.ExecutionPipeline.start(ExecutionPipeline.java:29)
com.thoughtworks.gauge.processor.ExecuteStepProcessor.process(ExecuteStepProcessor.java:34)
com.thoughtworks.gauge.connection.MessageDispatcher.dispatchMessages(MessageDispatcher.java:86)
com.thoughtworks.gauge.GaugeRuntime.main(GaugeRuntime.java:37)
13:28:48.100 Plugin [Html Report] with pid [3984] has exited
13:28:48.301 Specifications:	1 executed	0 passed	1 failed	0 skipped
13:28:48.301 Scenarios:	1 executed	0 passed	1 failed	0 skipped
13:28:48.301 
Total time taken: 15.925s
13:28:48.301 Updates are available. Run gauge --check-updates for more info.
13:29:28.294 Checking updates...
13:29:33.233 # The Bookery Web App
13:29:33.237 ## Let's simply load the page on our first test
13:29:37.989 * Navigate to "http://students.info.uaic.ro/~stefan.onu/customnews/src/main/resources/static/proiect.html"
13:29:48.712 * click on Busola "busolamap"
13:29:49.472 
Failed Step: click on Busola "busolamap"
13:29:49.472 Specification: specs\FirstTest.spec:13
13:29:49.472 Error Message: org.openqa.selenium.WebDriverException: unknown error: Element <map name="busolamap">...</map> is not clickable at point (0, 132). Other element would receive the click: <button name="logout" class="util" style="float:left;width:100px;" onclick="document.getElementById('id03').style.display='block'">...</button>
  (Session info: chrome=58.0.3029.96)
  (Driver info: chromedriver=2.29.461591 (62ebf098771772160f391d75e589dc567915b233),platform=Windows NT 10.0.14393 x86_64) (WARNING: The server did not provide any stacktrace information)
Command duration or timeout: 213 milliseconds
Build info: version: '2.53.0', revision: '35ae25b1534ae328c771e0856c93e187490ca824', time: '2016-03-15 10:43:46'
System info: host: 'raresarv-PC', ip: '192.168.56.1', os.name: 'Windows 10', os.arch: 'amd64', os.version: '10.0', java.version: '1.8.0_73'
Driver info: org.openqa.selenium.chrome.ChromeDriver
Capabilities [{applicationCacheEnabled=false, rotatable=false, mobileEmulationEnabled=false, networkConnectionEnabled=false, chrome={chromedriverVersion=2.29.461591 (62ebf098771772160f391d75e589dc567915b233), userDataDir=C:\Users\raresarv\AppData\Local\Temp\scoped_dir9776_32697}, takesHeapSnapshot=true, pageLoadStrategy=normal, databaseEnabled=false, handlesAlerts=true, hasTouchScreen=false, version=58.0.3029.96, platform=XP, browserConnectionEnabled=false, nativeEvents=true, acceptSslCerts=true, locationContextEnabled=true, webStorageEnabled=true, browserName=chrome, takesScreenshot=true, javascriptEnabled=true, cssSelectorsEnabled=true, unexpectedAlertBehaviour=}]
Session ID: d1d5a383a292b00ac2594dbe18068153
13:29:49.472 Stacktrace: 
sun.reflect.NativeConstructorAccessorImpl.newInstance0(Native Method)
sun.reflect.NativeConstructorAccessorImpl.newInstance(Unknown Source)
sun.reflect.DelegatingConstructorAccessorImpl.newInstance(Unknown Source)
java.lang.reflect.Constructor.newInstance(Unknown Source)
org.openqa.selenium.remote.ErrorHandler.createThrowable(ErrorHandler.java:206)
org.openqa.selenium.remote.ErrorHandler.throwIfResponseFailed(ErrorHandler.java:158)
org.openqa.selenium.remote.RemoteWebDriver.execute(RemoteWebDriver.java:678)
org.openqa.selenium.remote.RemoteWebElement.execute(RemoteWebElement.java:327)
org.openqa.selenium.remote.RemoteWebElement.click(RemoteWebElement.java:85)
FirstTest.clickOnBusola(FirstTest.java:115)
sun.reflect.NativeMethodAccessorImpl.invoke0(Native Method)
sun.reflect.NativeMethodAccessorImpl.invoke(Unknown Source)
sun.reflect.DelegatingMethodAccessorImpl.invoke(Unknown Source)
java.lang.reflect.Method.invoke(Unknown Source)
com.thoughtworks.gauge.execution.MethodExecutor.execute(MethodExecutor.java:32)
com.thoughtworks.gauge.execution.StepExecutionStage.executeStepMethod(StepExecutionStage.java:127)
com.thoughtworks.gauge.execution.StepExecutionStage.executeStep(StepExecutionStage.java:83)
com.thoughtworks.gauge.execution.StepExecutionStage.execute(StepExecutionStage.java:64)
com.thoughtworks.gauge.execution.AbstractExecutionStage.executeNext(AbstractExecutionStage.java:24)
com.thoughtworks.gauge.execution.HookExecutionStage.execute(HookExecutionStage.java:40)
com.thoughtworks.gauge.execution.ExecutionPipeline.start(ExecutionPipeline.java:29)
com.thoughtworks.gauge.processor.ExecuteStepProcessor.process(ExecuteStepProcessor.java:34)
com.thoughtworks.gauge.connection.MessageDispatcher.dispatchMessages(MessageDispatcher.java:86)
com.thoughtworks.gauge.GaugeRuntime.main(GaugeRuntime.java:37)
13:29:50.982 Plugin [Html Report] with pid [5212] has exited
13:29:51.184 Specifications:	1 executed	0 passed	1 failed	0 skipped
13:29:51.184 Scenarios:	1 executed	0 passed	1 failed	0 skipped
13:29:51.184 
Total time taken: 17.713s
13:29:51.184 Updates are available. Run gauge --check-updates for more info.
13:33:02.324 Checking updates...
13:33:19.574 # The Bookery Web App
13:33:19.577 ## Let's simply load the page on our first test
13:33:50.396 * Navigate to "http://students.info.uaic.ro/~stefan.onu/customnews/src/main/resources/static/proiect.html"
13:34:08.618 * click on Busola "busolamap"
13:34:11.427 Plugin [Html Report] with pid [4088] has exited
13:34:11.629 Specifications:	1 executed	1 passed	0 failed	0 skipped
13:34:11.629 Scenarios:	1 executed	1 passed	0 failed	0 skipped
13:34:11.634 
Total time taken: 55.288s
13:34:11.645 Updates are available. Run gauge --check-updates for more info.
13:37:32.612 Checking updates...
13:37:40.052 # The Bookery Web App
13:37:40.056 ## Let's simply load the page on our first test
13:37:48.009 * Navigate to "http://students.info.uaic.ro/~stefan.onu/customnews/src/main/resources/static/proiect.html"
13:38:04.165 * click on Busola "busolamap"
13:38:14.786 
Failed Step: click on Busola "busolamap"
13:38:14.786 Specification: specs\FirstTest.spec:13
13:38:14.786 Error Message: org.openqa.selenium.WebDriverException: unknown error: Element <map name="busolamap">...</map> is not clickable at point (0, 132). Other element would receive the click: <button name="logout" class="util" style="float:left;width:100px;" onclick="document.getElementById('id03').style.display='block'">...</button>
  (Session info: chrome=58.0.3029.96)
  (Driver info: chromedriver=2.29.461591 (62ebf098771772160f391d75e589dc567915b233),platform=Windows NT 10.0.14393 x86_64) (WARNING: The server did not provide any stacktrace information)
Command duration or timeout: 221 milliseconds
Build info: version: '2.53.0', revision: '35ae25b1534ae328c771e0856c93e187490ca824', time: '2016-03-15 10:43:46'
System info: host: 'raresarv-PC', ip: '192.168.56.1', os.name: 'Windows 10', os.arch: 'amd64', os.version: '10.0', java.version: '1.8.0_73'
Driver info: org.openqa.selenium.chrome.ChromeDriver
Capabilities [{applicationCacheEnabled=false, rotatable=false, mobileEmulationEnabled=false, networkConnectionEnabled=false, chrome={chromedriverVersion=2.29.461591 (62ebf098771772160f391d75e589dc567915b233), userDataDir=C:\Users\raresarv\AppData\Local\Temp\scoped_dir6420_6744}, takesHeapSnapshot=true, pageLoadStrategy=normal, databaseEnabled=false, handlesAlerts=true, hasTouchScreen=false, version=58.0.3029.96, platform=XP, browserConnectionEnabled=false, nativeEvents=true, acceptSslCerts=true, locationContextEnabled=true, webStorageEnabled=true, browserName=chrome, takesScreenshot=true, javascriptEnabled=true, cssSelectorsEnabled=true, unexpectedAlertBehaviour=}]
Session ID: 918061a6525bd3385b846b7350e4916f
13:38:14.786 Stacktrace: 
sun.reflect.NativeConstructorAccessorImpl.newInstance0(Native Method)
sun.reflect.NativeConstructorAccessorImpl.newInstance(Unknown Source)
sun.reflect.DelegatingConstructorAccessorImpl.newInstance(Unknown Source)
java.lang.reflect.Constructor.newInstance(Unknown Source)
org.openqa.selenium.remote.ErrorHandler.createThrowable(ErrorHandler.java:206)
org.openqa.selenium.remote.ErrorHandler.throwIfResponseFailed(ErrorHandler.java:158)
org.openqa.selenium.remote.RemoteWebDriver.execute(RemoteWebDriver.java:678)
org.openqa.selenium.remote.RemoteWebElement.execute(RemoteWebElement.java:327)
org.openqa.selenium.remote.RemoteWebElement.click(RemoteWebElement.java:85)
FirstTest.clickOnBusola(FirstTest.java:115)
sun.reflect.NativeMethodAccessorImpl.invoke0(Native Method)
sun.reflect.NativeMethodAccessorImpl.invoke(Unknown Source)
sun.reflect.DelegatingMethodAccessorImpl.invoke(Unknown Source)
java.lang.reflect.Method.invoke(Unknown Source)
com.thoughtworks.gauge.execution.MethodExecutor.execute(MethodExecutor.java:32)
com.thoughtworks.gauge.execution.StepExecutionStage.executeStepMethod(StepExecutionStage.java:127)
com.thoughtworks.gauge.execution.StepExecutionStage.executeStep(StepExecutionStage.java:83)
com.thoughtworks.gauge.execution.StepExecutionStage.execute(StepExecutionStage.java:64)
com.thoughtworks.gauge.execution.AbstractExecutionStage.executeNext(AbstractExecutionStage.java:24)
com.thoughtworks.gauge.execution.HookExecutionStage.execute(HookExecutionStage.java:40)
com.thoughtworks.gauge.execution.ExecutionPipeline.start(ExecutionPipeline.java:29)
com.thoughtworks.gauge.processor.ExecuteStepProcessor.process(ExecuteStepProcessor.java:34)
com.thoughtworks.gauge.connection.MessageDispatcher.dispatchMessages(MessageDispatcher.java:86)
com.thoughtworks.gauge.GaugeRuntime.main(GaugeRuntime.java:37)
13:38:18.816 Plugin [Html Report] with pid [4600] has exited
13:38:19.319 Specifications:	1 executed	0 passed	1 failed	0 skipped
13:38:19.319 Scenarios:	1 executed	0 passed	1 failed	0 skipped
13:38:19.347 
Total time taken: 38.012s
13:38:19.358 Updates are available. Run gauge --check-updates for more info.
13:39:00.231 Checking updates...
13:39:05.650 # The Bookery Web App
13:39:05.653 ## Let's simply load the page on our first test
13:39:09.565 * Navigate to "http://students.info.uaic.ro/~stefan.onu/customnews/src/main/resources/static/proiect.html"
13:39:21.802 * click on Busola "href"
13:39:22.337 
Failed Step: click on Busola "href"
13:39:22.337 Specification: specs\FirstTest.spec:13
13:39:22.337 Error Message: org.openqa.selenium.NoSuchElementException: no such element: Unable to locate element: {"method":"tag name","selector":"href"}
  (Session info: chrome=58.0.3029.96)
  (Driver info: chromedriver=2.29.461591 (62ebf098771772160f391d75e589dc567915b233),platform=Windows NT 10.0.14393 x86_64) (WARNING: The server did not provide any stacktrace information)
Command duration or timeout: 35 milliseconds
For documentation on this error, please visit: http://seleniumhq.org/exceptions/no_such_element.html
Build info: version: '2.53.0', revision: '35ae25b1534ae328c771e0856c93e187490ca824', time: '2016-03-15 10:43:46'
System info: host: 'raresarv-PC', ip: '192.168.56.1', os.name: 'Windows 10', os.arch: 'amd64', os.version: '10.0', java.version: '1.8.0_73'
Driver info: org.openqa.selenium.chrome.ChromeDriver
Capabilities [{applicationCacheEnabled=false, rotatable=false, mobileEmulationEnabled=false, networkConnectionEnabled=false, chrome={chromedriverVersion=2.29.461591 (62ebf098771772160f391d75e589dc567915b233), userDataDir=C:\Users\raresarv\AppData\Local\Temp\scoped_dir8564_22765}, takesHeapSnapshot=true, pageLoadStrategy=normal, databaseEnabled=false, handlesAlerts=true, hasTouchScreen=false, version=58.0.3029.96, platform=XP, browserConnectionEnabled=false, nativeEvents=true, acceptSslCerts=true, locationContextEnabled=true, webStorageEnabled=true, browserName=chrome, takesScreenshot=true, javascriptEnabled=true, cssSelectorsEnabled=true, unexpectedAlertBehaviour=}]
Session ID: 53f206c823f2e9b170a9a93b8b0caeb4
*** Element info: {Using=tag name, value=href}
13:39:22.338 Stacktrace: 
sun.reflect.NativeConstructorAccessorImpl.newInstance0(Native Method)
sun.reflect.NativeConstructorAccessorImpl.newInstance(Unknown Source)
sun.reflect.DelegatingConstructorAccessorImpl.newInstance(Unknown Source)
java.lang.reflect.Constructor.newInstance(Unknown Source)
org.openqa.selenium.remote.ErrorHandler.createThrowable(ErrorHandler.java:206)
org.openqa.selenium.remote.ErrorHandler.throwIfResponseFailed(ErrorHandler.java:158)
org.openqa.selenium.remote.RemoteWebDriver.execute(RemoteWebDriver.java:678)
org.openqa.selenium.remote.RemoteWebDriver.findElement(RemoteWebDriver.java:363)
org.openqa.selenium.remote.RemoteWebDriver.findElementByTagName(RemoteWebDriver.java:445)
org.openqa.selenium.By$ByTagName.findElement(By.java:334)
org.openqa.selenium.remote.RemoteWebDriver.findElement(RemoteWebDriver.java:355)
FirstTest.clickOnBusola(FirstTest.java:114)
sun.reflect.NativeMethodAccessorImpl.invoke0(Native Method)
sun.reflect.NativeMethodAccessorImpl.invoke(Unknown Source)
sun.reflect.DelegatingMethodAccessorImpl.invoke(Unknown Source)
java.lang.reflect.Method.invoke(Unknown Source)
com.thoughtworks.gauge.execution.MethodExecutor.execute(MethodExecutor.java:32)
com.thoughtworks.gauge.execution.StepExecutionStage.executeStepMethod(StepExecutionStage.java:127)
com.thoughtworks.gauge.execution.StepExecutionStage.executeStep(StepExecutionStage.java:83)
com.thoughtworks.gauge.execution.StepExecutionStage.execute(StepExecutionStage.java:64)
com.thoughtworks.gauge.execution.AbstractExecutionStage.executeNext(AbstractExecutionStage.java:24)
com.thoughtworks.gauge.execution.HookExecutionStage.execute(HookExecutionStage.java:40)
com.thoughtworks.gauge.execution.ExecutionPipeline.start(ExecutionPipeline.java:29)
com.thoughtworks.gauge.processor.ExecuteStepProcessor.process(ExecuteStepProcessor.java:34)
com.thoughtworks.gauge.connection.MessageDispatcher.dispatchMessages(MessageDispatcher.java:86)
com.thoughtworks.gauge.GaugeRuntime.main(GaugeRuntime.java:37)
13:39:23.642 Plugin [Html Report] with pid [5092] has exited
13:39:23.843 Specifications:	1 executed	0 passed	1 failed	0 skipped
13:39:23.843 Scenarios:	1 executed	0 passed	1 failed	0 skipped
13:39:23.843 
Total time taken: 17.966s
13:39:23.843 Updates are available. Run gauge --check-updates for more info.
13:40:11.782 Checking updates...
13:40:17.986 # The Bookery Web App
13:40:17.994 ## Let's simply load the page on our first test
13:40:22.355 * Navigate to "http://students.info.uaic.ro/~stefan.onu/customnews/src/main/resources/static/proiect.html"
13:40:30.650 * click on Busola "area"
13:40:31.159 
Failed Step: click on Busola "area"
13:40:31.159 Specification: specs\FirstTest.spec:13
13:40:31.160 Error Message: org.openqa.selenium.WebDriverException: unknown error: shape=rectagle is not supported
  (Session info: chrome=58.0.3029.96)
  (Driver info: chromedriver=2.29.461591 (62ebf098771772160f391d75e589dc567915b233),platform=Windows NT 10.0.14393 x86_64) (WARNING: The server did not provide any stacktrace information)
Command duration or timeout: 43 milliseconds
Build info: version: '2.53.0', revision: '35ae25b1534ae328c771e0856c93e187490ca824', time: '2016-03-15 10:43:46'
System info: host: 'raresarv-PC', ip: '192.168.56.1', os.name: 'Windows 10', os.arch: 'amd64', os.version: '10.0', java.version: '1.8.0_73'
Driver info: org.openqa.selenium.chrome.ChromeDriver
Capabilities [{applicationCacheEnabled=false, rotatable=false, mobileEmulationEnabled=false, networkConnectionEnabled=false, chrome={chromedriverVersion=2.29.461591 (62ebf098771772160f391d75e589dc567915b233), userDataDir=C:\Users\raresarv\AppData\Local\Temp\scoped_dir9260_16672}, takesHeapSnapshot=true, pageLoadStrategy=normal, databaseEnabled=false, handlesAlerts=true, hasTouchScreen=false, version=58.0.3029.96, platform=XP, browserConnectionEnabled=false, nativeEvents=true, acceptSslCerts=true, locationContextEnabled=true, webStorageEnabled=true, browserName=chrome, takesScreenshot=true, javascriptEnabled=true, cssSelectorsEnabled=true, unexpectedAlertBehaviour=}]
Session ID: 6bc6d204828387da93d57d75c06090fe
13:40:31.160 Stacktrace: 
sun.reflect.NativeConstructorAccessorImpl.newInstance0(Native Method)
sun.reflect.NativeConstructorAccessorImpl.newInstance(Unknown Source)
sun.reflect.DelegatingConstructorAccessorImpl.newInstance(Unknown Source)
java.lang.reflect.Constructor.newInstance(Unknown Source)
org.openqa.selenium.remote.ErrorHandler.createThrowable(ErrorHandler.java:206)
org.openqa.selenium.remote.ErrorHandler.throwIfResponseFailed(ErrorHandler.java:158)
org.openqa.selenium.remote.RemoteWebDriver.execute(RemoteWebDriver.java:678)
org.openqa.selenium.remote.RemoteWebElement.execute(RemoteWebElement.java:327)
org.openqa.selenium.remote.RemoteWebElement.click(RemoteWebElement.java:85)
FirstTest.clickOnBusola(FirstTest.java:115)
sun.reflect.NativeMethodAccessorImpl.invoke0(Native Method)
sun.reflect.NativeMethodAccessorImpl.invoke(Unknown Source)
sun.reflect.DelegatingMethodAccessorImpl.invoke(Unknown Source)
java.lang.reflect.Method.invoke(Unknown Source)
com.thoughtworks.gauge.execution.MethodExecutor.execute(MethodExecutor.java:32)
com.thoughtworks.gauge.execution.StepExecutionStage.executeStepMethod(StepExecutionStage.java:127)
com.thoughtworks.gauge.execution.StepExecutionStage.executeStep(StepExecutionStage.java:83)
com.thoughtworks.gauge.execution.StepExecutionStage.execute(StepExecutionStage.java:64)
com.thoughtworks.gauge.execution.AbstractExecutionStage.executeNext(AbstractExecutionStage.java:24)
com.thoughtworks.gauge.execution.HookExecutionStage.execute(HookExecutionStage.java:40)
com.thoughtworks.gauge.execution.ExecutionPipeline.start(ExecutionPipeline.java:29)
com.thoughtworks.gauge.processor.ExecuteStepProcessor.process(ExecuteStepProcessor.java:34)
com.thoughtworks.gauge.connection.MessageDispatcher.dispatchMessages(MessageDispatcher.java:86)
com.thoughtworks.gauge.GaugeRuntime.main(GaugeRuntime.java:37)
13:40:32.550 Plugin [Html Report] with pid [6484] has exited
13:40:32.750 Specifications:	1 executed	0 passed	1 failed	0 skipped
13:40:32.750 Scenarios:	1 executed	0 passed	1 failed	0 skipped
13:40:32.750 
Total time taken: 14.551s
13:40:32.750 Updates are available. Run gauge --check-updates for more info.
14:10:02.421 Got a kill message. Killing runner.
14:10:06.461 Killing runner with PID:2912 forcefully
15:00:15.453 Got a kill message. Killing runner.
15:00:20.712 Killing runner with PID:4036 forcefully
15:22:17.415 Checking updates...
15:22:42.372 # The Bookery Web App
15:22:42.385 ## Let's simply load the page on our first test
15:23:12.783 * Navigate to "http://students.info.uaic.ro/~stefan.onu/customnews/src/main/resources/static/proiect.html"
15:23:53.673 * Click on button "register"
15:24:00.224 Plugin [Html Report] with pid [9848] has exited
15:24:00.425 Specifications:	1 executed	1 passed	0 failed	0 skipped
15:24:00.425 Scenarios:	1 executed	1 passed	0 failed	0 skipped
15:24:00.443 
Total time taken: 1m16.644s
15:24:00.465 Updates are available. Run gauge --check-updates for more info.
10:21:24.692 Got a kill message. Killing runner.
10:21:28.695 Killing runner with PID:8196 forcefully
10:25:33.656 Checking updates...
10:25:41.974 # The Bookery Web App
10:25:41.976 ## Let's simply load the page on our first test
10:26:00.819 * Navigate to "http://students.info.uaic.ro/~stefan.onu/customnews/src/main/resources/static/proiect.html"
10:26:08.335 * click on Busola "area"
10:26:10.328 
Failed Step: click on Busola "area"
10:26:10.328 Specification: specs\FirstTest.spec:13
10:26:10.328 Error Message: org.openqa.selenium.WebDriverException: unknown error: shape=rectagle is not supported
  (Session info: chrome=58.0.3029.96)
  (Driver info: chromedriver=2.29.461591 (62ebf098771772160f391d75e589dc567915b233),platform=Windows NT 10.0.14393 x86_64) (WARNING: The server did not provide any stacktrace information)
Command duration or timeout: 116 milliseconds
Build info: version: '2.53.0', revision: '35ae25b1534ae328c771e0856c93e187490ca824', time: '2016-03-15 10:43:46'
System info: host: 'raresarv-PC', ip: '192.168.56.1', os.name: 'Windows 10', os.arch: 'amd64', os.version: '10.0', java.version: '1.8.0_73'
Driver info: org.openqa.selenium.chrome.ChromeDriver
Capabilities [{applicationCacheEnabled=false, rotatable=false, mobileEmulationEnabled=false, networkConnectionEnabled=false, chrome={chromedriverVersion=2.29.461591 (62ebf098771772160f391d75e589dc567915b233), userDataDir=C:\Users\raresarv\AppData\Local\Temp\scoped_dir5956_15291}, takesHeapSnapshot=true, pageLoadStrategy=normal, databaseEnabled=false, handlesAlerts=true, hasTouchScreen=false, version=58.0.3029.96, platform=XP, browserConnectionEnabled=false, nativeEvents=true, acceptSslCerts=true, locationContextEnabled=true, webStorageEnabled=true, browserName=chrome, takesScreenshot=true, javascriptEnabled=true, cssSelectorsEnabled=true, unexpectedAlertBehaviour=}]
Session ID: e99eef3f436216b2487f54946bfcee5b
10:26:10.328 Stacktrace: 
sun.reflect.NativeConstructorAccessorImpl.newInstance0(Native Method)
sun.reflect.NativeConstructorAccessorImpl.newInstance(Unknown Source)
sun.reflect.DelegatingConstructorAccessorImpl.newInstance(Unknown Source)
java.lang.reflect.Constructor.newInstance(Unknown Source)
org.openqa.selenium.remote.ErrorHandler.createThrowable(ErrorHandler.java:206)
org.openqa.selenium.remote.ErrorHandler.throwIfResponseFailed(ErrorHandler.java:158)
org.openqa.selenium.remote.RemoteWebDriver.execute(RemoteWebDriver.java:678)
org.openqa.selenium.remote.RemoteWebElement.execute(RemoteWebElement.java:327)
org.openqa.selenium.remote.RemoteWebElement.click(RemoteWebElement.java:85)
FirstTest.clickOnBusola(FirstTest.java:115)
sun.reflect.NativeMethodAccessorImpl.invoke0(Native Method)
sun.reflect.NativeMethodAccessorImpl.invoke(Unknown Source)
sun.reflect.DelegatingMethodAccessorImpl.invoke(Unknown Source)
java.lang.reflect.Method.invoke(Unknown Source)
com.thoughtworks.gauge.execution.MethodExecutor.execute(MethodExecutor.java:32)
com.thoughtworks.gauge.execution.StepExecutionStage.executeStepMethod(StepExecutionStage.java:127)
com.thoughtworks.gauge.execution.StepExecutionStage.executeStep(StepExecutionStage.java:83)
com.thoughtworks.gauge.execution.StepExecutionStage.execute(StepExecutionStage.java:64)
com.thoughtworks.gauge.execution.AbstractExecutionStage.executeNext(AbstractExecutionStage.java:24)
com.thoughtworks.gauge.execution.HookExecutionStage.execute(HookExecutionStage.java:40)
com.thoughtworks.gauge.execution.ExecutionPipeline.start(ExecutionPipeline.java:29)
com.thoughtworks.gauge.processor.ExecuteStepProcessor.process(ExecuteStepProcessor.java:34)
com.thoughtworks.gauge.connection.MessageDispatcher.dispatchMessages(MessageDispatcher.java:86)
com.thoughtworks.gauge.GaugeRuntime.main(GaugeRuntime.java:37)
10:26:13.898 Plugin [Html Report] with pid [7952] has exited
10:26:14.199 Specifications:	1 executed	0 passed	1 failed	0 skipped
10:26:14.199 Scenarios:	1 executed	0 passed	1 failed	0 skipped
10:26:14.213 
Total time taken: 33.488s
10:26:14.224 Updates are available. Run gauge --check-updates for more info.
10:29:07.482 Checking updates...
10:29:15.842 # The Bookery Web App
10:29:15.846 ## Let's simply load the page on our first test
10:29:26.173 * Navigate to "http://students.info.uaic.ro/~stefan.onu/customnews/src/main/resources/static/proiect.html"
10:29:36.734 * click on Busola "area"
10:29:37.712 
Failed Step: click on Busola "area"
10:29:37.712 Specification: specs\FirstTest.spec:13
10:29:37.712 Error Message: org.openqa.selenium.NoSuchElementException: no such element: Unable to locate element: {"method":"class name","selector":"area"}
  (Session info: chrome=58.0.3029.96)
  (Driver info: chromedriver=2.29.461591 (62ebf098771772160f391d75e589dc567915b233),platform=Windows NT 10.0.14393 x86_64) (WARNING: The server did not provide any stacktrace information)
Command duration or timeout: 36 milliseconds
For documentation on this error, please visit: http://seleniumhq.org/exceptions/no_such_element.html
Build info: version: '2.53.0', revision: '35ae25b1534ae328c771e0856c93e187490ca824', time: '2016-03-15 10:43:46'
System info: host: 'raresarv-PC', ip: '192.168.56.1', os.name: 'Windows 10', os.arch: 'amd64', os.version: '10.0', java.version: '1.8.0_73'
Driver info: org.openqa.selenium.chrome.ChromeDriver
Capabilities [{applicationCacheEnabled=false, rotatable=false, mobileEmulationEnabled=false, networkConnectionEnabled=false, chrome={chromedriverVersion=2.29.461591 (62ebf098771772160f391d75e589dc567915b233), userDataDir=C:\Users\raresarv\AppData\Local\Temp\scoped_dir1968_31410}, takesHeapSnapshot=true, pageLoadStrategy=normal, databaseEnabled=false, handlesAlerts=true, hasTouchScreen=false, version=58.0.3029.96, platform=XP, browserConnectionEnabled=false, nativeEvents=true, acceptSslCerts=true, locationContextEnabled=true, webStorageEnabled=true, browserName=chrome, takesScreenshot=true, javascriptEnabled=true, cssSelectorsEnabled=true, unexpectedAlertBehaviour=}]
Session ID: 46e22eca70d9179cf1050ff6edbc363f
*** Element info: {Using=class name, value=area}
10:29:37.712 Stacktrace: 
sun.reflect.NativeConstructorAccessorImpl.newInstance0(Native Method)
sun.reflect.NativeConstructorAccessorImpl.newInstance(Unknown Source)
sun.reflect.DelegatingConstructorAccessorImpl.newInstance(Unknown Source)
java.lang.reflect.Constructor.newInstance(Unknown Source)
org.openqa.selenium.remote.ErrorHandler.createThrowable(ErrorHandler.java:206)
org.openqa.selenium.remote.ErrorHandler.throwIfResponseFailed(ErrorHandler.java:158)
org.openqa.selenium.remote.RemoteWebDriver.execute(RemoteWebDriver.java:678)
org.openqa.selenium.remote.RemoteWebDriver.findElement(RemoteWebDriver.java:363)
org.openqa.selenium.remote.RemoteWebDriver.findElementByClassName(RemoteWebDriver.java:477)
org.openqa.selenium.By$ByClassName.findElement(By.java:391)
org.openqa.selenium.remote.RemoteWebDriver.findElement(RemoteWebDriver.java:355)
FirstTest.clickOnBusola(FirstTest.java:114)
sun.reflect.NativeMethodAccessorImpl.invoke0(Native Method)
sun.reflect.NativeMethodAccessorImpl.invoke(Unknown Source)
sun.reflect.DelegatingMethodAccessorImpl.invoke(Unknown Source)
java.lang.reflect.Method.invoke(Unknown Source)
com.thoughtworks.gauge.execution.MethodExecutor.execute(MethodExecutor.java:32)
com.thoughtworks.gauge.execution.StepExecutionStage.executeStepMethod(StepExecutionStage.java:127)
com.thoughtworks.gauge.execution.StepExecutionStage.executeStep(StepExecutionStage.java:83)
com.thoughtworks.gauge.execution.StepExecutionStage.execute(StepExecutionStage.java:64)
com.thoughtworks.gauge.execution.AbstractExecutionStage.executeNext(AbstractExecutionStage.java:24)
com.thoughtworks.gauge.execution.HookExecutionStage.execute(HookExecutionStage.java:40)
com.thoughtworks.gauge.execution.ExecutionPipeline.start(ExecutionPipeline.java:29)
com.thoughtworks.gauge.processor.ExecuteStepProcessor.process(ExecuteStepProcessor.java:34)
com.thoughtworks.gauge.connection.MessageDispatcher.dispatchMessages(MessageDispatcher.java:86)
com.thoughtworks.gauge.GaugeRuntime.main(GaugeRuntime.java:37)
10:29:39.759 Plugin [Html Report] with pid [7068] has exited
10:29:39.961 Specifications:	1 executed	0 passed	1 failed	0 skipped
10:29:39.961 Scenarios:	1 executed	0 passed	1 failed	0 skipped
10:29:39.961 
Total time taken: 23.918s
10:29:39.961 Updates are available. Run gauge --check-updates for more info.
10:30:08.953 Checking updates...
10:30:17.366 # The Bookery Web App
10:30:17.370 ## Let's simply load the page on our first test
10:30:28.752 * Navigate to "http://students.info.uaic.ro/~stefan.onu/customnews/src/main/resources/static/proiect.html"
10:30:39.159 * click on Busola "area"
10:30:40.994 
Failed Step: click on Busola "area"
10:30:40.994 Specification: specs\FirstTest.spec:13
10:30:40.994 Error Message: org.openqa.selenium.WebDriverException: unknown error: shape=rectagle is not supported
  (Session info: chrome=58.0.3029.96)
  (Driver info: chromedriver=2.29.461591 (62ebf098771772160f391d75e589dc567915b233),platform=Windows NT 10.0.14393 x86_64) (WARNING: The server did not provide any stacktrace information)
Command duration or timeout: 360 milliseconds
Build info: version: '2.53.0', revision: '35ae25b1534ae328c771e0856c93e187490ca824', time: '2016-03-15 10:43:46'
System info: host: 'raresarv-PC', ip: '192.168.56.1', os.name: 'Windows 10', os.arch: 'amd64', os.version: '10.0', java.version: '1.8.0_73'
Driver info: org.openqa.selenium.chrome.ChromeDriver
Capabilities [{applicationCacheEnabled=false, rotatable=false, mobileEmulationEnabled=false, networkConnectionEnabled=false, chrome={chromedriverVersion=2.29.461591 (62ebf098771772160f391d75e589dc567915b233), userDataDir=C:\Users\raresarv\AppData\Local\Temp\scoped_dir7988_9390}, takesHeapSnapshot=true, pageLoadStrategy=normal, databaseEnabled=false, handlesAlerts=true, hasTouchScreen=false, version=58.0.3029.96, platform=XP, browserConnectionEnabled=false, nativeEvents=true, acceptSslCerts=true, locationContextEnabled=true, webStorageEnabled=true, browserName=chrome, takesScreenshot=true, javascriptEnabled=true, cssSelectorsEnabled=true, unexpectedAlertBehaviour=}]
Session ID: b40f108050a0a4936e3081d6943b478b
10:30:40.994 Stacktrace: 
sun.reflect.NativeConstructorAccessorImpl.newInstance0(Native Method)
sun.reflect.NativeConstructorAccessorImpl.newInstance(Unknown Source)
sun.reflect.DelegatingConstructorAccessorImpl.newInstance(Unknown Source)
java.lang.reflect.Constructor.newInstance(Unknown Source)
org.openqa.selenium.remote.ErrorHandler.createThrowable(ErrorHandler.java:206)
org.openqa.selenium.remote.ErrorHandler.throwIfResponseFailed(ErrorHandler.java:158)
org.openqa.selenium.remote.RemoteWebDriver.execute(RemoteWebDriver.java:678)
org.openqa.selenium.remote.RemoteWebElement.execute(RemoteWebElement.java:327)
org.openqa.selenium.remote.RemoteWebElement.click(RemoteWebElement.java:85)
FirstTest.clickOnBusola(FirstTest.java:115)
sun.reflect.NativeMethodAccessorImpl.invoke0(Native Method)
sun.reflect.NativeMethodAccessorImpl.invoke(Unknown Source)
sun.reflect.DelegatingMethodAccessorImpl.invoke(Unknown Source)
java.lang.reflect.Method.invoke(Unknown Source)
com.thoughtworks.gauge.execution.MethodExecutor.execute(MethodExecutor.java:32)
com.thoughtworks.gauge.execution.StepExecutionStage.executeStepMethod(StepExecutionStage.java:127)
com.thoughtworks.gauge.execution.StepExecutionStage.executeStep(StepExecutionStage.java:83)
com.thoughtworks.gauge.execution.StepExecutionStage.execute(StepExecutionStage.java:64)
com.thoughtworks.gauge.execution.AbstractExecutionStage.executeNext(AbstractExecutionStage.java:24)
com.thoughtworks.gauge.execution.HookExecutionStage.execute(HookExecutionStage.java:40)
com.thoughtworks.gauge.execution.ExecutionPipeline.start(ExecutionPipeline.java:29)
com.thoughtworks.gauge.processor.ExecuteStepProcessor.process(ExecuteStepProcessor.java:34)
com.thoughtworks.gauge.connection.MessageDispatcher.dispatchMessages(MessageDispatcher.java:86)
com.thoughtworks.gauge.GaugeRuntime.main(GaugeRuntime.java:37)
10:30:43.553 Plugin [Html Report] with pid [1972] has exited
10:30:43.954 Specifications:	1 executed	0 passed	1 failed	0 skipped
10:30:43.954 Scenarios:	1 executed	0 passed	1 failed	0 skipped
10:30:44.136 
Total time taken: 26.139s
10:30:44.170 Updates are available. Run gauge --check-updates for more info.
10:51:09.086 Checking updates...
10:51:29.262 # The Bookery Web App
10:51:29.264 ## Let's simply load the page on our first test
10:51:58.030 * Navigate to "http://students.info.uaic.ro/~stefan.onu/customnews/src/main/resources/static/proiect.html"
10:52:06.994 * Click on button "login"
10:52:10.741 Plugin [Html Report] with pid [6504] has exited
10:52:10.941 Specifications:	1 executed	1 passed	0 failed	0 skipped
10:52:10.941 Scenarios:	1 executed	1 passed	0 failed	0 skipped
10:52:10.946 
Total time taken: 43.845s
10:52:10.957 Updates are available. Run gauge --check-updates for more info.
10:58:16.335 Checking updates...
10:58:27.172 # The Bookery Web App
10:58:27.175 ## Let's simply load the page on our first test
10:58:31.688 * Navigate to "http://students.info.uaic.ro/~stefan.onu/customnews/src/main/resources/static/proiect.html"
10:58:45.037 * Click on button "login"
10:58:45.175 * Stilizare login "util"
10:58:46.687 Plugin [Html Report] with pid [9092] has exited
10:58:46.788 Specifications:	1 executed	1 passed	0 failed	0 skipped
10:58:46.788 Scenarios:	1 executed	1 passed	0 failed	0 skipped
10:58:46.788 
Total time taken: 19.396s
10:58:46.788 Updates are available. Run gauge --check-updates for more info.
10:59:17.080 Checking updates...
10:59:23.736 # The Bookery Web App
10:59:23.740 ## Let's simply load the page on our first test
10:59:27.568 * Navigate to "http://students.info.uaic.ro/~stefan.onu/customnews/src/main/resources/static/proiect.html"
10:59:37.553 * Stilizare login "util"
10:59:39.029 Plugin [Html Report] with pid [572] has exited
10:59:39.129 Specifications:	1 executed	1 passed	0 failed	0 skipped
10:59:39.129 Scenarios:	1 executed	1 passed	0 failed	0 skipped
10:59:39.129 
Total time taken: 15.278s
10:59:39.129 Updates are available. Run gauge --check-updates for more info.
11:01:58.979 Checking updates...
11:02:05.203 [ValidationError] C:\Users\raresarv\Desktop\IParanteza1\specs\FirstTest.spec:12 Step implementation not found => 'Stilizare login "util"'
11:02:05.379 Plugin [Html Report] with pid [2100] has exited
11:02:05.479 Specifications:	0 executed	0 passed	0 failed	1 skipped
11:02:05.479 Scenarios:	0 executed	0 passed	0 failed	1 skipped
11:02:05.479 
Total time taken: 75ms
11:02:05.479 Updates are available. Run gauge --check-updates for more info.
11:03:07.895 Checking updates...
11:03:14.094 # The Bookery Web App
11:03:14.098 ## Let's simply load the page on our first test
11:03:18.502 * Navigate to "http://students.info.uaic.ro/~stefan.onu/customnews/src/main/resources/static/proiect.html"
11:03:25.505 * Click on button "login"
11:03:26.926 Plugin [Html Report] with pid [7444] has exited
11:03:27.026 Specifications:	1 executed	1 passed	0 failed	0 skipped
11:03:27.026 Scenarios:	1 executed	1 passed	0 failed	0 skipped
11:03:27.026 
Total time taken: 12.804s
11:03:27.026 Updates are available. Run gauge --check-updates for more info.
11:06:56.667 Checking updates...
11:07:02.165 # The Bookery Web App
11:07:02.169 ## Let's simply load the page on our first test
11:07:05.749 * Navigate to "http://students.info.uaic.ro/~stefan.onu/customnews/src/main/resources/static/proiect.html"
11:07:12.425 * Stilizare login "util"
11:07:13.590 Plugin [Html Report] with pid [10176] has exited
11:07:13.690 Specifications:	1 executed	1 passed	0 failed	0 skipped
11:07:13.690 Scenarios:	1 executed	1 passed	0 failed	0 skipped
11:07:13.690 
Total time taken: 11.406s
11:07:13.690 Updates are available. Run gauge --check-updates for more info.
11:16:26.813 Checking updates...
11:16:33.135 [ValidationError] C:\Users\raresarv\Desktop\IParanteza1\specs\FirstTest.spec:13 Step implementation not found => 'Verificare existenta busola "busola"'
11:16:33.332 Plugin [Html Report] with pid [8816] has exited
11:16:33.432 Specifications:	0 executed	0 passed	0 failed	1 skipped
11:16:33.432 Scenarios:	0 executed	0 passed	0 failed	1 skipped
11:16:33.432 
Total time taken: 96ms
11:16:33.432 Updates are available. Run gauge --check-updates for more info.
11:17:00.940 Checking updates...
11:17:07.175 # The Bookery Web App
11:17:07.178 ## Let's simply load the page on our first test
11:17:11.581 * Navigate to "http://students.info.uaic.ro/~stefan.onu/customnews/src/main/resources/static/proiect.html"
11:17:23.980 * Verificare existenta busola "busola"
11:17:26.746 
Failed Step: Verificare existenta busola "busola"
11:17:26.746 Specification: specs\FirstTest.spec:13
11:17:26.746 Error Message: java.lang.AssertionError
11:17:26.746 Stacktrace: 
org.junit.Assert.fail(Assert.java:86)
org.junit.Assert.assertTrue(Assert.java:41)
org.junit.Assert.assertTrue(Assert.java:52)
FirstTest.existentaBusola(FirstTest.java:131)
sun.reflect.NativeMethodAccessorImpl.invoke0(Native Method)
sun.reflect.NativeMethodAccessorImpl.invoke(Unknown Source)
sun.reflect.DelegatingMethodAccessorImpl.invoke(Unknown Source)
java.lang.reflect.Method.invoke(Unknown Source)
com.thoughtworks.gauge.execution.MethodExecutor.execute(MethodExecutor.java:32)
com.thoughtworks.gauge.execution.StepExecutionStage.executeStepMethod(StepExecutionStage.java:127)
com.thoughtworks.gauge.execution.StepExecutionStage.executeStep(StepExecutionStage.java:83)
com.thoughtworks.gauge.execution.StepExecutionStage.execute(StepExecutionStage.java:64)
com.thoughtworks.gauge.execution.AbstractExecutionStage.executeNext(AbstractExecutionStage.java:24)
com.thoughtworks.gauge.execution.HookExecutionStage.execute(HookExecutionStage.java:40)
com.thoughtworks.gauge.execution.ExecutionPipeline.start(ExecutionPipeline.java:29)
com.thoughtworks.gauge.processor.ExecuteStepProcessor.process(ExecuteStepProcessor.java:34)
com.thoughtworks.gauge.connection.MessageDispatcher.dispatchMessages(MessageDispatcher.java:86)
com.thoughtworks.gauge.GaugeRuntime.main(GaugeRuntime.java:37)
11:17:27.965 Plugin [Html Report] with pid [7676] has exited
11:17:28.166 Specifications:	1 executed	0 passed	1 failed	0 skipped
11:17:28.166 Scenarios:	1 executed	0 passed	1 failed	0 skipped
11:17:28.166 
Total time taken: 20.673s
11:17:28.166 Updates are available. Run gauge --check-updates for more info.
11:19:32.085 Checking updates...
11:19:38.199 # The Bookery Web App
11:19:38.202 ## Let's simply load the page on our first test
11:19:42.738 * Navigate to "http://students.info.uaic.ro/~stefan.onu/customnews/src/main/resources/static/proiect.html"
11:19:53.603 * Verificare existenta busola "busola"
11:19:54.185 
Failed Step: Verificare existenta busola "busola"
11:19:54.185 Specification: specs\FirstTest.spec:13
11:19:54.185 Error Message: java.lang.AssertionError
11:19:54.185 Stacktrace: 
org.junit.Assert.fail(Assert.java:86)
org.junit.Assert.assertTrue(Assert.java:41)
org.junit.Assert.assertTrue(Assert.java:52)
FirstTest.existentaBusola(FirstTest.java:131)
sun.reflect.NativeMethodAccessorImpl.invoke0(Native Method)
sun.reflect.NativeMethodAccessorImpl.invoke(Unknown Source)
sun.reflect.DelegatingMethodAccessorImpl.invoke(Unknown Source)
java.lang.reflect.Method.invoke(Unknown Source)
com.thoughtworks.gauge.execution.MethodExecutor.execute(MethodExecutor.java:32)
com.thoughtworks.gauge.execution.StepExecutionStage.executeStepMethod(StepExecutionStage.java:127)
com.thoughtworks.gauge.execution.StepExecutionStage.executeStep(StepExecutionStage.java:83)
com.thoughtworks.gauge.execution.StepExecutionStage.execute(StepExecutionStage.java:64)
com.thoughtworks.gauge.execution.AbstractExecutionStage.executeNext(AbstractExecutionStage.java:24)
com.thoughtworks.gauge.execution.HookExecutionStage.execute(HookExecutionStage.java:40)
com.thoughtworks.gauge.execution.ExecutionPipeline.start(ExecutionPipeline.java:29)
com.thoughtworks.gauge.processor.ExecuteStepProcessor.process(ExecuteStepProcessor.java:34)
com.thoughtworks.gauge.connection.MessageDispatcher.dispatchMessages(MessageDispatcher.java:86)
com.thoughtworks.gauge.GaugeRuntime.main(GaugeRuntime.java:37)
11:19:55.298 Plugin [Html Report] with pid [1524] has exited
11:19:55.498 Specifications:	1 executed	0 passed	1 failed	0 skipped
11:19:55.498 Scenarios:	1 executed	0 passed	1 failed	0 skipped
11:19:55.498 
Total time taken: 17.102s
11:19:55.498 Updates are available. Run gauge --check-updates for more info.
11:20:17.817 Checking updates...
11:20:23.888 # The Bookery Web App
11:20:23.891 ## Let's simply load the page on our first test
11:20:28.289 * Navigate to "http://students.info.uaic.ro/~stefan.onu/customnews/src/main/resources/static/proiect.html"
11:20:36.553 * Verificare existenta busola "busola"
11:20:37.744 Plugin [Html Report] with pid [1312] has exited
11:20:37.844 Specifications:	1 executed	1 passed	0 failed	0 skipped
11:20:37.844 Scenarios:	1 executed	1 passed	0 failed	0 skipped
11:20:37.844 
Total time taken: 13.833s
11:20:37.844 Updates are available. Run gauge --check-updates for more info.
11:23:15.738 Checking updates...
11:23:21.893 [ValidationError] C:\Users\raresarv\Desktop\IParanteza1\specs\FirstTest.spec:12 Step implementation not found => 'Stilizare login "util"'
11:23:22.095 Plugin [Html Report] with pid [1248] has exited
11:23:22.195 Specifications:	0 executed	0 passed	0 failed	1 skipped
11:23:22.195 Scenarios:	0 executed	0 passed	0 failed	1 skipped
11:23:22.195 
Total time taken: 100ms
11:23:22.195 Updates are available. Run gauge --check-updates for more info.
11:23:59.527 Checking updates...
11:24:05.373 [ValidationError] C:\Users\raresarv\Desktop\IParanteza1\specs\FirstTest.spec:12 Step implementation not found => 'Stilizare login "util"'
11:24:05.553 Plugin [Html Report] with pid [10004] has exited
11:24:05.754 Specifications:	0 executed	0 passed	0 failed	1 skipped
11:24:05.754 Scenarios:	0 executed	0 passed	0 failed	1 skipped
11:24:05.754 
Total time taken: 77ms
11:24:05.754 Updates are available. Run gauge --check-updates for more info.
11:25:39.143 # The Bookery Web App
11:25:39.180 ## Let's simply load the page on our first test
11:25:42.059 Checking updates...
11:25:43.697 * Navigate to "http://students.info.uaic.ro/~stefan.onu/customnews/src/main/resources/static/proiect.html"
11:25:56.441 * click on Busola "area"
11:25:57.117 
Failed Step: click on Busola "area"
11:25:57.117 Specification: specs\FirstTest.spec:15
11:25:57.117 Error Message: org.openqa.selenium.WebDriverException: unknown error: shape=rectagle is not supported
  (Session info: chrome=58.0.3029.96)
  (Driver info: chromedriver=2.29.461591 (62ebf098771772160f391d75e589dc567915b233),platform=Windows NT 10.0.14393 x86_64) (WARNING: The server did not provide any stacktrace information)
Command duration or timeout: 98 milliseconds
Build info: version: '2.53.0', revision: '35ae25b1534ae328c771e0856c93e187490ca824', time: '2016-03-15 10:43:46'
System info: host: 'raresarv-PC', ip: '192.168.56.1', os.name: 'Windows 10', os.arch: 'amd64', os.version: '10.0', java.version: '1.8.0_73'
Driver info: org.openqa.selenium.chrome.ChromeDriver
Capabilities [{applicationCacheEnabled=false, rotatable=false, mobileEmulationEnabled=false, networkConnectionEnabled=false, chrome={chromedriverVersion=2.29.461591 (62ebf098771772160f391d75e589dc567915b233), userDataDir=C:\Users\raresarv\AppData\Local\Temp\scoped_dir7460_2091}, takesHeapSnapshot=true, pageLoadStrategy=normal, databaseEnabled=false, handlesAlerts=true, hasTouchScreen=false, version=58.0.3029.96, platform=XP, browserConnectionEnabled=false, nativeEvents=true, acceptSslCerts=true, locationContextEnabled=true, webStorageEnabled=true, browserName=chrome, takesScreenshot=true, javascriptEnabled=true, cssSelectorsEnabled=true, unexpectedAlertBehaviour=}]
Session ID: a7d8546079d4ea4a9d80fdc82b663381
11:25:57.117 Stacktrace: 
sun.reflect.NativeConstructorAccessorImpl.newInstance0(Native Method)
sun.reflect.NativeConstructorAccessorImpl.newInstance(Unknown Source)
sun.reflect.DelegatingConstructorAccessorImpl.newInstance(Unknown Source)
java.lang.reflect.Constructor.newInstance(Unknown Source)
org.openqa.selenium.remote.ErrorHandler.createThrowable(ErrorHandler.java:206)
org.openqa.selenium.remote.ErrorHandler.throwIfResponseFailed(ErrorHandler.java:158)
org.openqa.selenium.remote.RemoteWebDriver.execute(RemoteWebDriver.java:678)
org.openqa.selenium.remote.RemoteWebElement.execute(RemoteWebElement.java:327)
org.openqa.selenium.remote.RemoteWebElement.click(RemoteWebElement.java:85)
FirstTest.clickOnBusola(FirstTest.java:115)
sun.reflect.NativeMethodAccessorImpl.invoke0(Native Method)
sun.reflect.NativeMethodAccessorImpl.invoke(Unknown Source)
sun.reflect.DelegatingMethodAccessorImpl.invoke(Unknown Source)
java.lang.reflect.Method.invoke(Unknown Source)
com.thoughtworks.gauge.execution.MethodExecutor.execute(MethodExecutor.java:32)
com.thoughtworks.gauge.execution.StepExecutionStage.executeStepMethod(StepExecutionStage.java:127)
com.thoughtworks.gauge.execution.StepExecutionStage.executeStep(StepExecutionStage.java:83)
com.thoughtworks.gauge.execution.StepExecutionStage.execute(StepExecutionStage.java:64)
com.thoughtworks.gauge.execution.AbstractExecutionStage.executeNext(AbstractExecutionStage.java:24)
com.thoughtworks.gauge.execution.HookExecutionStage.execute(HookExecutionStage.java:40)
com.thoughtworks.gauge.execution.ExecutionPipeline.start(ExecutionPipeline.java:29)
com.thoughtworks.gauge.processor.ExecuteStepProcessor.process(ExecuteStepProcessor.java:34)
com.thoughtworks.gauge.connection.MessageDispatcher.dispatchMessages(MessageDispatcher.java:86)
com.thoughtworks.gauge.GaugeRuntime.main(GaugeRuntime.java:37)
11:25:58.415 Plugin [Html Report] with pid [8548] has exited
11:25:58.615 Specifications:	1 executed	0 passed	1 failed	0 skipped
11:25:58.615 Scenarios:	1 executed	0 passed	1 failed	0 skipped
11:25:58.615 
Total time taken: 19.249s
11:25:58.615 Updates are available. Run gauge --check-updates for more info.
11:26:18.862 Checking updates...
11:26:24.778 # The Bookery Web App
11:26:24.783 ## Let's simply load the page on our first test
11:26:29.615 * Navigate to "http://students.info.uaic.ro/~stefan.onu/customnews/src/main/resources/static/proiect.html"
11:26:43.021 * click on Busola "area"
11:26:45.435 Plugin [Html Report] with pid [3300] has exited
11:26:45.535 Specifications:	1 executed	1 passed	0 failed	0 skipped
11:26:45.535 Scenarios:	1 executed	1 passed	0 failed	0 skipped
11:26:45.535 
Total time taken: 20.439s
11:26:45.535 Updates are available. Run gauge --check-updates for more info.
11:40:34.551 Checking updates...
11:40:47.505 # The Bookery Web App
11:40:47.507 ## Let's simply load the page on our first test
11:41:20.683 * Navigate to "http://students.info.uaic.ro/~stefan.onu/customnews/src/main/resources/static/proiect.html"
11:41:31.001 * Click on button "close"
11:41:33.026 
Failed Step: Click on button "close"
11:41:33.026 Specification: specs\FirstTest.spec:16
11:41:33.026 Error Message: org.openqa.selenium.ElementNotVisibleException: element not visible
  (Session info: chrome=58.0.3029.96)
  (Driver info: chromedriver=2.29.461591 (62ebf098771772160f391d75e589dc567915b233),platform=Windows NT 10.0.14393 x86_64) (WARNING: The server did not provide any stacktrace information)
Command duration or timeout: 68 milliseconds
Build info: version: '2.53.0', revision: '35ae25b1534ae328c771e0856c93e187490ca824', time: '2016-03-15 10:43:46'
System info: host: 'raresarv-PC', ip: '192.168.56.1', os.name: 'Windows 10', os.arch: 'amd64', os.version: '10.0', java.version: '1.8.0_73'
Driver info: org.openqa.selenium.chrome.ChromeDriver
Capabilities [{applicationCacheEnabled=false, rotatable=false, mobileEmulationEnabled=false, networkConnectionEnabled=false, chrome={chromedriverVersion=2.29.461591 (62ebf098771772160f391d75e589dc567915b233), userDataDir=C:\Users\raresarv\AppData\Local\Temp\scoped_dir8280_16102}, takesHeapSnapshot=true, pageLoadStrategy=normal, databaseEnabled=false, handlesAlerts=true, hasTouchScreen=false, version=58.0.3029.96, platform=XP, browserConnectionEnabled=false, nativeEvents=true, acceptSslCerts=true, locationContextEnabled=true, webStorageEnabled=true, browserName=chrome, takesScreenshot=true, javascriptEnabled=true, cssSelectorsEnabled=true, unexpectedAlertBehaviour=}]
Session ID: ae08de26d9bf8b38ad39313c64d02325
11:41:33.026 Stacktrace: 
sun.reflect.NativeConstructorAccessorImpl.newInstance0(Native Method)
sun.reflect.NativeConstructorAccessorImpl.newInstance(Unknown Source)
sun.reflect.DelegatingConstructorAccessorImpl.newInstance(Unknown Source)
java.lang.reflect.Constructor.newInstance(Unknown Source)
org.openqa.selenium.remote.ErrorHandler.createThrowable(ErrorHandler.java:206)
org.openqa.selenium.remote.ErrorHandler.throwIfResponseFailed(ErrorHandler.java:158)
org.openqa.selenium.remote.RemoteWebDriver.execute(RemoteWebDriver.java:678)
org.openqa.selenium.remote.RemoteWebElement.execute(RemoteWebElement.java:327)
org.openqa.selenium.remote.RemoteWebElement.click(RemoteWebElement.java:85)
FirstTest.clickOnClose(FirstTest.java:138)
sun.reflect.NativeMethodAccessorImpl.invoke0(Native Method)
sun.reflect.NativeMethodAccessorImpl.invoke(Unknown Source)
sun.reflect.DelegatingMethodAccessorImpl.invoke(Unknown Source)
java.lang.reflect.Method.invoke(Unknown Source)
com.thoughtworks.gauge.execution.MethodExecutor.execute(MethodExecutor.java:32)
com.thoughtworks.gauge.execution.StepExecutionStage.executeStepMethod(StepExecutionStage.java:127)
com.thoughtworks.gauge.execution.StepExecutionStage.executeStep(StepExecutionStage.java:83)
com.thoughtworks.gauge.execution.StepExecutionStage.execute(StepExecutionStage.java:64)
com.thoughtworks.gauge.execution.AbstractExecutionStage.executeNext(AbstractExecutionStage.java:24)
com.thoughtworks.gauge.execution.HookExecutionStage.execute(HookExecutionStage.java:40)
com.thoughtworks.gauge.execution.ExecutionPipeline.start(ExecutionPipeline.java:29)
com.thoughtworks.gauge.processor.ExecuteStepProcessor.process(ExecuteStepProcessor.java:34)
com.thoughtworks.gauge.connection.MessageDispatcher.dispatchMessages(MessageDispatcher.java:86)
com.thoughtworks.gauge.GaugeRuntime.main(GaugeRuntime.java:37)
11:41:35.982 Plugin [Html Report] with pid [3032] has exited
11:41:36.284 Specifications:	1 executed	0 passed	1 failed	0 skipped
11:41:36.284 Scenarios:	1 executed	0 passed	1 failed	0 skipped
11:41:36.298 
Total time taken: 50.4s
11:41:36.310 Updates are available. Run gauge --check-updates for more info.
16:41:24.332 Got a kill message. Killing runner.
16:41:28.434 Killing runner with PID:10980 forcefully
14:37:51.847 Got a kill message. Killing runner.
14:37:55.929 Killing runner with PID:5964 forcefully
18:16:03.909 Checking updates...
18:16:19.484 # The Bookery Web App
18:16:19.509 ## Let's simply load the page on our first test
18:16:24.448 Checking updates...
18:16:30.558 # The Bookery Web App
18:16:30.558 ## Let's simply load the page on our first test
18:17:38.339 * Navigate to "http://students.info.uaic.ro/~stefan.onu/customnews/src/main/resources/static/proiect.html"
18:17:42.268 * Click on button "close"
18:17:46.620 
Failed Step: Click on button "close"
18:17:46.621 Specification: specs\FirstTest.spec:16
18:17:46.621 Error Message: org.openqa.selenium.NoSuchElementException: no such element: Unable to locate element: {"method":"class name","selector":"close"}
  (Session info: chrome=58.0.3029.110)
  (Driver info: chromedriver=2.29.461591 (62ebf098771772160f391d75e589dc567915b233),platform=Windows NT 10.0.14393 x86_64) (WARNING: The server did not provide any stacktrace information)
Command duration or timeout: 131 milliseconds
For documentation on this error, please visit: http://seleniumhq.org/exceptions/no_such_element.html
Build info: version: '2.53.0', revision: '35ae25b1534ae328c771e0856c93e187490ca824', time: '2016-03-15 10:43:46'
System info: host: 'raresarv-PC', ip: '192.168.56.1', os.name: 'Windows 10', os.arch: 'amd64', os.version: '10.0', java.version: '1.8.0_73'
Driver info: org.openqa.selenium.chrome.ChromeDriver
Capabilities [{applicationCacheEnabled=false, rotatable=false, mobileEmulationEnabled=false, networkConnectionEnabled=false, chrome={chromedriverVersion=2.29.461591 (62ebf098771772160f391d75e589dc567915b233), userDataDir=C:\Users\raresarv\AppData\Local\Temp\scoped_dir1724_29667}, takesHeapSnapshot=true, pageLoadStrategy=normal, databaseEnabled=false, handlesAlerts=true, hasTouchScreen=false, version=58.0.3029.110, platform=XP, browserConnectionEnabled=false, nativeEvents=true, acceptSslCerts=true, locationContextEnabled=true, webStorageEnabled=true, browserName=chrome, takesScreenshot=true, javascriptEnabled=true, cssSelectorsEnabled=true, unexpectedAlertBehaviour=}]
Session ID: 07cd28714d65ff77b4aee0cb5671e2f9
*** Element info: {Using=class name, value=close}
18:17:46.621 Stacktrace: 
sun.reflect.NativeConstructorAccessorImpl.newInstance0(Native Method)
sun.reflect.NativeConstructorAccessorImpl.newInstance(Unknown Source)
sun.reflect.DelegatingConstructorAccessorImpl.newInstance(Unknown Source)
java.lang.reflect.Constructor.newInstance(Unknown Source)
org.openqa.selenium.remote.ErrorHandler.createThrowable(ErrorHandler.java:206)
org.openqa.selenium.remote.ErrorHandler.throwIfResponseFailed(ErrorHandler.java:158)
org.openqa.selenium.remote.RemoteWebDriver.execute(RemoteWebDriver.java:678)
org.openqa.selenium.remote.RemoteWebDriver.findElement(RemoteWebDriver.java:363)
org.openqa.selenium.remote.RemoteWebDriver.findElementByClassName(RemoteWebDriver.java:477)
org.openqa.selenium.By$ByClassName.findElement(By.java:391)
org.openqa.selenium.remote.RemoteWebDriver.findElement(RemoteWebDriver.java:355)
FirstTest.clickOnClose(FirstTest.java:137)
sun.reflect.NativeMethodAccessorImpl.invoke0(Native Method)
sun.reflect.NativeMethodAccessorImpl.invoke(Unknown Source)
sun.reflect.DelegatingMethodAccessorImpl.invoke(Unknown Source)
java.lang.reflect.Method.invoke(Unknown Source)
com.thoughtworks.gauge.execution.MethodExecutor.execute(MethodExecutor.java:32)
com.thoughtworks.gauge.execution.StepExecutionStage.executeStepMethod(StepExecutionStage.java:127)
com.thoughtworks.gauge.execution.StepExecutionStage.executeStep(StepExecutionStage.java:83)
com.thoughtworks.gauge.execution.StepExecutionStage.execute(StepExecutionStage.java:64)
com.thoughtworks.gauge.execution.AbstractExecutionStage.executeNext(AbstractExecutionStage.java:24)
com.thoughtworks.gauge.execution.HookExecutionStage.execute(HookExecutionStage.java:40)
com.thoughtworks.gauge.execution.ExecutionPipeline.start(ExecutionPipeline.java:29)
com.thoughtworks.gauge.processor.ExecuteStepProcessor.process(ExecuteStepProcessor.java:34)
com.thoughtworks.gauge.connection.MessageDispatcher.dispatchMessages(MessageDispatcher.java:86)
com.thoughtworks.gauge.GaugeRuntime.main(GaugeRuntime.java:37)
18:17:52.700 Plugin [Html Report] with pid [5584] has exited
18:17:53.000 Specifications:	1 executed	0 passed	1 failed	0 skipped
18:17:53.000 Scenarios:	1 executed	0 passed	1 failed	0 skipped
18:17:53.011 
Total time taken: 1m21.267s
18:17:53.022 Updates are available. Run gauge --check-updates for more info.
21:54:59.046 Checking updates...
21:56:04.044 Checking updates...
21:56:37.827 # The Bookery Web App
21:56:37.828 ## Let's simply load the page on our first test
21:57:22.023 * Navigate to "http://students.info.uaic.ro/~stefan.onu/customnews/src/main/resources/static/history/proiect.html"

21:58:00.017 * Click on button "login"
21:58:05.013 
Failed Step: Click on button "login"
21:58:05.013 Specification: specs\FirstTest.spec:10
21:58:05.013 Error Message: org.openqa.selenium.NoSuchElementException: no such element: Unable to locate element: {"method":"name","selector":"login"}
  (Session info: chrome=58.0.3029.110)
  (Driver info: chromedriver=2.29.461591 (62ebf098771772160f391d75e589dc567915b233),platform=Windows NT 10.0.14393 x86_64) (WARNING: The server did not provide any stacktrace information)
Command duration or timeout: 156 milliseconds
For documentation on this error, please visit: http://seleniumhq.org/exceptions/no_such_element.html
Build info: version: '2.53.0', revision: '35ae25b1534ae328c771e0856c93e187490ca824', time: '2016-03-15 10:43:46'
System info: host: 'raresarv-PC', ip: '192.168.56.1', os.name: 'Windows 10', os.arch: 'amd64', os.version: '10.0', java.version: '1.8.0_73'
Driver info: org.openqa.selenium.chrome.ChromeDriver
Capabilities [{applicationCacheEnabled=false, rotatable=false, mobileEmulationEnabled=false, networkConnectionEnabled=false, chrome={chromedriverVersion=2.29.461591 (62ebf098771772160f391d75e589dc567915b233), userDataDir=C:\Users\raresarv\AppData\Local\Temp\scoped_dir320_25341}, takesHeapSnapshot=true, pageLoadStrategy=normal, databaseEnabled=false, handlesAlerts=true, hasTouchScreen=false, version=58.0.3029.110, platform=XP, browserConnectionEnabled=false, nativeEvents=true, acceptSslCerts=true, locationContextEnabled=true, webStorageEnabled=true, browserName=chrome, takesScreenshot=true, javascriptEnabled=true, cssSelectorsEnabled=true, unexpectedAlertBehaviour=}]
Session ID: 7dba5bb4ef47d2cf5ca0270c6a7c6e16
*** Element info: {Using=name, value=login}
21:58:05.013 Stacktrace: 
sun.reflect.NativeConstructorAccessorImpl.newInstance0(Native Method)
sun.reflect.NativeConstructorAccessorImpl.newInstance(Unknown Source)
sun.reflect.DelegatingConstructorAccessorImpl.newInstance(Unknown Source)
java.lang.reflect.Constructor.newInstance(Unknown Source)
org.openqa.selenium.remote.ErrorHandler.createThrowable(ErrorHandler.java:206)
org.openqa.selenium.remote.ErrorHandler.throwIfResponseFailed(ErrorHandler.java:158)
org.openqa.selenium.remote.RemoteWebDriver.execute(RemoteWebDriver.java:678)
org.openqa.selenium.remote.RemoteWebDriver.findElement(RemoteWebDriver.java:363)
org.openqa.selenium.remote.RemoteWebDriver.findElementByName(RemoteWebDriver.java:461)
org.openqa.selenium.By$ByName.findElement(By.java:303)
org.openqa.selenium.remote.RemoteWebDriver.findElement(RemoteWebDriver.java:355)
LoginTest.clickOnLogin(LoginTest.java:40)
sun.reflect.NativeMethodAccessorImpl.invoke0(Native Method)
sun.reflect.NativeMethodAccessorImpl.invoke(Unknown Source)
sun.reflect.DelegatingMethodAccessorImpl.invoke(Unknown Source)
java.lang.reflect.Method.invoke(Unknown Source)
com.thoughtworks.gauge.execution.MethodExecutor.execute(MethodExecutor.java:32)
com.thoughtworks.gauge.execution.StepExecutionStage.executeStepMethod(StepExecutionStage.java:127)
com.thoughtworks.gauge.execution.StepExecutionStage.executeStep(StepExecutionStage.java:83)
com.thoughtworks.gauge.execution.StepExecutionStage.execute(StepExecutionStage.java:64)
com.thoughtworks.gauge.execution.AbstractExecutionStage.executeNext(AbstractExecutionStage.java:24)
com.thoughtworks.gauge.execution.HookExecutionStage.execute(HookExecutionStage.java:40)
com.thoughtworks.gauge.execution.ExecutionPipeline.start(ExecutionPipeline.java:29)
com.thoughtworks.gauge.processor.ExecuteStepProcessor.process(ExecuteStepProcessor.java:34)
com.thoughtworks.gauge.connection.MessageDispatcher.dispatchMessages(MessageDispatcher.java:86)
com.thoughtworks.gauge.GaugeRuntime.main(GaugeRuntime.java:37)
21:58:10.965 Plugin [Html Report] with pid [11184] has exited
21:58:11.367 Specifications:	1 executed	0 passed	1 failed	0 skipped
21:58:11.367 Scenarios:	1 executed	0 passed	1 failed	0 skipped
21:58:11.395 
Total time taken: 1m43.343s
21:58:11.418 Updates are available. Run gauge --check-updates for more info.
